48143-
48144-<Event xmlns="http://schemas.microsoft.com/win/2004/08/events/event"><System><Provider Name="Microsoft-Windows-Security-Auditing" Guid="{54849625-5478-4994-a5ba-3e3b0328c30d}"></Provider>
48145:<EventID Qualifiers="">4624</EventID>
48146-<Version>2</Version>
48147-<Level>0</Level>
48148-<Task>12544</Task>
48149-<Opcode>0</Opcode>
48150-<Keywords>0x8020000000000000</Keywords>
48151-<TimeCreated SystemTime="2018-09-10 13:21:48.114792"></TimeCreated>
48152-<EventRecordID>244772</EventRecordID>
48153-<Correlation ActivityID="" RelatedActivityID=""></Correlation>
48154-<Execution ProcessID="664" ThreadID="852"></Execution>
48155-<Channel>Security</Channel>
48156-<Computer>WIN-KCON-EXCH16.EM.KRINGLECON.COM</Computer>
48157-<Security UserID=""></Security>
48158-</System>
48159-<EventData><Data Name="SubjectUserSid">S-1-0-0</Data>
48160-<Data Name="SubjectUserName">-</Data>
48161-<Data Name="SubjectDomainName">-</Data>
48162-<Data Name="SubjectLogonId">0x0000000000000000</Data>
48163-<Data Name="TargetUserSid">S-1-5-21-25059752-1411454016-2901770228-1134</Data>
48164-<Data Name="TargetUserName">HealthMailboxbe58608</Data>
48165-<Data Name="TargetDomainName">EM.KRINGLECON</Data>
--
48192-<Level>0</Level>
48193-<Task>14336</Task>
48194-<Opcode>0</Opcode>
48195-<Keywords>0x8020000000000000</Keywords>
48196-<TimeCreated SystemTime="2018-09-10 13:21:48.125124"></TimeCreated>
48197-<EventRecordID>244774</EventRecordID>
48198-<Correlation ActivityID="" RelatedActivityID=""></Correlation>
48199-<Execution ProcessID="664" ThreadID="852"></Execution>
48200-<Channel>Security</Channel>
48201-<Computer>WIN-KCON-EXCH16.EM.KRINGLECON.COM</Computer>
48202-<Security UserID=""></Security>
48203-</System>
48204-<EventData><Data Name="PackageName">MICROSOFT_AUTHENTICATION_PACKAGE_V1_0</Data>
48205-<Data Name="TargetUserName">HealthMailboxbe58608d4925422d8e4ea458cfedc612@EM.KRINGLECON.COM</Data>
48206-<Data Name="Workstation">WIN-KCON-EXCH16</Data>
48207-<Data Name="Status">0x00000000</Data>
48208-</EventData>
48209-</Event>
48210-
48211-<Event xmlns="http://schemas.microsoft.com/win/2004/08/events/event"><System><Provider Name="Microsoft-Windows-Security-Auditing" Guid="{54849625-5478-4994-a5ba-3e3b0328c30d}"></Provider>
48212:<EventID Qualifiers="">4624</EventID>
48213-<Version>2</Version>
48214-<Level>0</Level>
48215-<Task>12544</Task>
48216-<Opcode>0</Opcode>
48217-<Keywords>0x8020000000000000</Keywords>
48218-<TimeCreated SystemTime="2018-09-10 13:21:48.127415"></TimeCreated>
48219-<EventRecordID>244775</EventRecordID>
48220-<Correlation ActivityID="" RelatedActivityID=""></Correlation>
48221-<Execution ProcessID="664" ThreadID="852"></Execution>
48222-<Channel>Security</Channel>
48223-<Computer>WIN-KCON-EXCH16.EM.KRINGLECON.COM</Computer>
48224-<Security UserID=""></Security>
48225-</System>
48226-<EventData><Data Name="SubjectUserSid">S-1-0-0</Data>
48227-<Data Name="SubjectUserName">-</Data>
48228-<Data Name="SubjectDomainName">-</Data>
48229-<Data Name="SubjectLogonId">0x0000000000000000</Data>
48230-<Data Name="TargetUserSid">S-1-5-21-25059752-1411454016-2901770228-1134</Data>
48231-<Data Name="TargetUserName">HealthMailboxbe58608</Data>
48232-<Data Name="TargetDomainName">EM.KRINGLECON</Data>
--
48237-<Data Name="WorkstationName">WIN-KCON-EXCH16</Data>
48238-<Data Name="LogonGuid">{00000000-0000-0000-0000-000000000000}</Data>
48239-<Data Name="TransmittedServices">-</Data>
48240-<Data Name="LmPackageName">NTLM V2</Data>
48241-<Data Name="KeyLength">0</Data>
48242-<Data Name="ProcessId">0x0000000000000000</Data>
48243-<Data Name="ProcessName">-</Data>
48244-<Data Name="IpAddress">fe80::b0d8:bf3b:51aa:caba</Data>
48245-<Data Name="IpPort">14531</Data>
48246-<Data Name="ImpersonationLevel">%%1833</Data>
48247-<Data Name="RestrictedAdminMode">-</Data>
48248-<Data Name="TargetOutboundUserName">-</Data>
48249-<Data Name="TargetOutboundDomainName">-</Data>
48250-<Data Name="VirtualAccount">%%1843</Data>
48251-<Data Name="TargetLinkedLogonId">0x0000000000000000</Data>
48252-<Data Name="ElevatedToken">%%1842</Data>
48253-</EventData>
48254-</Event>
48255-
48256-<Event xmlns="http://schemas.microsoft.com/win/2004/08/events/event"><System><Provider Name="Microsoft-Windows-Security-Auditing" Guid="{54849625-5478-4994-a5ba-3e3b0328c30d}"></Provider>
48257:<EventID Qualifiers="">4624</EventID>
48258-<Version>2</Version>
48259-<Level>0</Level>
48260-<Task>12544</Task>
48261-<Opcode>0</Opcode>
48262-<Keywords>0x8020000000000000</Keywords>
48263-<TimeCreated SystemTime="2018-09-10 13:21:49.137264"></TimeCreated>
48264-<EventRecordID>244798</EventRecordID>
48265-<Correlation ActivityID="{71a9b66f-4900-0001-a8b6-a9710049d401}" RelatedActivityID=""></Correlation>
48266-<Execution ProcessID="664" ThreadID="712"></Execution>
48267-<Channel>Security</Channel>
48268-<Computer>WIN-KCON-EXCH16.EM.KRINGLECON.COM</Computer>
48269-<Security UserID=""></Security>
48270-</System>
48271-<EventData><Data Name="SubjectUserSid">S-1-0-0</Data>
48272-<Data Name="SubjectUserName">-</Data>
48273-<Data Name="SubjectDomainName">-</Data>
48274-<Data Name="SubjectLogonId">0x0000000000000000</Data>
48275-<Data Name="TargetUserSid">S-1-5-21-25059752-1411454016-2901770228-1134</Data>
48276-<Data Name="TargetUserName">HealthMailboxbe58608</Data>
48277-<Data Name="TargetDomainName">EM.KRINGLECON.COM</Data>
--
48282-<Data Name="WorkstationName">-</Data>
48283-<Data Name="LogonGuid">{07b73b89-15b3-b7c4-e678-b6ee566f408f}</Data>
48284-<Data Name="TransmittedServices">-</Data>
48285-<Data Name="LmPackageName">-</Data>
48286-<Data Name="KeyLength">0</Data>
48287-<Data Name="ProcessId">0x0000000000000000</Data>
48288-<Data Name="ProcessName">-</Data>
48289-<Data Name="IpAddress">-</Data>
48290-<Data Name="IpPort">-</Data>
48291-<Data Name="ImpersonationLevel">%%1840</Data>
48292-<Data Name="RestrictedAdminMode">-</Data>
48293-<Data Name="TargetOutboundUserName">-</Data>
48294-<Data Name="TargetOutboundDomainName">-</Data>
48295-<Data Name="VirtualAccount">%%1843</Data>
48296-<Data Name="TargetLinkedLogonId">0x0000000000000000</Data>
48297-<Data Name="ElevatedToken">%%1842</Data>
48298-</EventData>
48299-</Event>
48300-
48301-<Event xmlns="http://schemas.microsoft.com/win/2004/08/events/event"><System><Provider Name="Microsoft-Windows-Security-Auditing" Guid="{54849625-5478-4994-a5ba-3e3b0328c30d}"></Provider>
48302:<EventID Qualifiers="">4624</EventID>
48303-<Version>2</Version>
48304-<Level>0</Level>
48305-<Task>12544</Task>
48306-<Opcode>0</Opcode>
48307-<Keywords>0x8020000000000000</Keywords>
48308-<TimeCreated SystemTime="2018-09-10 13:21:49.201855"></TimeCreated>
48309-<EventRecordID>244800</EventRecordID>
48310-<Correlation ActivityID="{71a9b66f-4900-0001-a8b6-a9710049d401}" RelatedActivityID=""></Correlation>
48311-<Execution ProcessID="664" ThreadID="720"></Execution>
48312-<Channel>Security</Channel>
48313-<Computer>WIN-KCON-EXCH16.EM.KRINGLECON.COM</Computer>
48314-<Security UserID=""></Security>
48315-</System>
48316-<EventData><Data Name="SubjectUserSid">S-1-0-0</Data>
48317-<Data Name="SubjectUserName">-</Data>
48318-<Data Name="SubjectDomainName">-</Data>
48319-<Data Name="SubjectLogonId">0x0000000000000000</Data>
48320-<Data Name="TargetUserSid">S-1-5-21-25059752-1411454016-2901770228-1134</Data>
48321-<Data Name="TargetUserName">HealthMailboxbe58608</Data>
48322-<Data Name="TargetDomainName">EM.KRINGLECON.COM</Data>
--
48327-<Data Name="WorkstationName">-</Data>
48328-<Data Name="LogonGuid">{66b54d86-4302-a414-4b44-b4078e2c002e}</Data>
48329-<Data Name="TransmittedServices">-</Data>
48330-<Data Name="LmPackageName">-</Data>
48331-<Data Name="KeyLength">0</Data>
48332-<Data Name="ProcessId">0x0000000000000000</Data>
48333-<Data Name="ProcessName">-</Data>
48334-<Data Name="IpAddress">127.0.0.1</Data>
48335-<Data Name="IpPort">14541</Data>
48336-<Data Name="ImpersonationLevel">%%1840</Data>
48337-<Data Name="RestrictedAdminMode">-</Data>
48338-<Data Name="TargetOutboundUserName">-</Data>
48339-<Data Name="TargetOutboundDomainName">-</Data>
48340-<Data Name="VirtualAccount">%%1843</Data>
48341-<Data Name="TargetLinkedLogonId">0x0000000000000000</Data>
48342-<Data Name="ElevatedToken">%%1842</Data>
48343-</EventData>
48344-</Event>
48345-
48346-<Event xmlns="http://schemas.microsoft.com/win/2004/08/events/event"><System><Provider Name="Microsoft-Windows-Security-Auditing" Guid="{54849625-5478-4994-a5ba-3e3b0328c30d}"></Provider>
48347:<EventID Qualifiers="">4624</EventID>
48348-<Version>2</Version>
48349-<Level>0</Level>
48350-<Task>12544</Task>
48351-<Opcode>0</Opcode>
48352-<Keywords>0x8020000000000000</Keywords>
48353-<TimeCreated SystemTime="2018-09-10 13:21:51.692293"></TimeCreated>
48354-<EventRecordID>244812</EventRecordID>
48355-<Correlation ActivityID="" RelatedActivityID=""></Correlation>
48356-<Execution ProcessID="664" ThreadID="852"></Execution>
48357-<Channel>Security</Channel>
48358-<Computer>WIN-KCON-EXCH16.EM.KRINGLECON.COM</Computer>
48359-<Security UserID=""></Security>
48360-</System>
48361-<EventData><Data Name="SubjectUserSid">S-1-5-18</Data>
48362-<Data Name="SubjectUserName">WIN-KCON-EXCH16$</Data>
48363-<Data Name="SubjectDomainName">EM.KRINGLECON</Data>
48364-<Data Name="SubjectLogonId">0x00000000000003e7</Data>
48365-<Data Name="TargetUserSid">S-1-5-21-25059752-1411454016-2901770228-1133</Data>
48366-<Data Name="TargetUserName">HealthMailboxbab78a6</Data>
48367-<Data Name="TargetDomainName">EM.KRINGLECON</Data>
--
48372-<Data Name="WorkstationName">WIN-KCON-EXCH16</Data>
48373-<Data Name="LogonGuid">{c9eb85e1-cc17-bd4c-a580-10c8a53e3acb}</Data>
48374-<Data Name="TransmittedServices">-</Data>
48375-<Data Name="LmPackageName">-</Data>
48376-<Data Name="KeyLength">0</Data>
48377-<Data Name="ProcessId">0x0000000000002494</Data>
48378-<Data Name="ProcessName">C:\Program Files\Microsoft\Exchange Server\V15\Bin\MSExchangeHMWorker.exe</Data>
48379-<Data Name="IpAddress">-</Data>
48380-<Data Name="IpPort">-</Data>
48381-<Data Name="ImpersonationLevel">%%1833</Data>
48382-<Data Name="RestrictedAdminMode">-</Data>
48383-<Data Name="TargetOutboundUserName">-</Data>
48384-<Data Name="TargetOutboundDomainName">-</Data>
48385-<Data Name="VirtualAccount">%%1843</Data>
48386-<Data Name="TargetLinkedLogonId">0x0000000000000000</Data>
48387-<Data Name="ElevatedToken">%%1842</Data>
48388-</EventData>
48389-</Event>
48390-
48391-<Event xmlns="http://schemas.microsoft.com/win/2004/08/events/event"><System><Provider Name="Microsoft-Windows-Security-Auditing" Guid="{54849625-5478-4994-a5ba-3e3b0328c30d}"></Provider>
48392:<EventID Qualifiers="">4624</EventID>
48393-<Version>2</Version>
48394-<Level>0</Level>
48395-<Task>12544</Task>
48396-<Opcode>0</Opcode>
48397-<Keywords>0x8020000000000000</Keywords>
48398-<TimeCreated SystemTime="2018-09-10 13:21:59.770481"></TimeCreated>
48399-<EventRecordID>244836</EventRecordID>
48400-<Correlation ActivityID="{71a9b66f-4900-0001-a8b6-a9710049d401}" RelatedActivityID=""></Correlation>
48401-<Execution ProcessID="664" ThreadID="720"></Execution>
48402-<Channel>Security</Channel>
48403-<Computer>WIN-KCON-EXCH16.EM.KRINGLECON.COM</Computer>
48404-<Security UserID=""></Security>
48405-</System>
48406-<EventData><Data Name="SubjectUserSid">S-1-5-18</Data>
48407-<Data Name="SubjectUserName">WIN-KCON-EXCH16$</Data>
48408-<Data Name="SubjectDomainName">EM.KRINGLECON</Data>
48409-<Data Name="SubjectLogonId">0x00000000000003e7</Data>
48410-<Data Name="TargetUserSid">S-1-5-21-25059752-1411454016-2901770228-1133</Data>
48411-<Data Name="TargetUserName">HealthMailboxbab78a6</Data>
48412-<Data Name="TargetDomainName">EM.KRINGLECON</Data>
--
48417-<Data Name="WorkstationName">WIN-KCON-EXCH16</Data>
48418-<Data Name="LogonGuid">{2f4df08a-41cc-95d1-9bfa-03bf0a873f7f}</Data>
48419-<Data Name="TransmittedServices">-</Data>
48420-<Data Name="LmPackageName">-</Data>
48421-<Data Name="KeyLength">0</Data>
48422-<Data Name="ProcessId">0x0000000000003600</Data>
48423-<Data Name="ProcessName">C:\Windows\System32\inetsrv\w3wp.exe</Data>
48424-<Data Name="IpAddress">-</Data>
48425-<Data Name="IpPort">-</Data>
48426-<Data Name="ImpersonationLevel">%%1832</Data>
48427-<Data Name="RestrictedAdminMode">-</Data>
48428-<Data Name="TargetOutboundUserName">-</Data>
48429-<Data Name="TargetOutboundDomainName">-</Data>
48430-<Data Name="VirtualAccount">%%1843</Data>
48431-<Data Name="TargetLinkedLogonId">0x0000000000000000</Data>
48432-<Data Name="ElevatedToken">%%1842</Data>
48433-</EventData>
48434-</Event>
48435-
48436-<Event xmlns="http://schemas.microsoft.com/win/2004/08/events/event"><System><Provider Name="Microsoft-Windows-Security-Auditing" Guid="{54849625-5478-4994-a5ba-3e3b0328c30d}"></Provider>
48437:<EventID Qualifiers="">4624</EventID>
48438-<Version>2</Version>
48439-<Level>0</Level>
48440-<Task>12544</Task>
48441-<Opcode>0</Opcode>
48442-<Keywords>0x8020000000000000</Keywords>
48443-<TimeCreated SystemTime="2018-09-10 13:22:00.046770"></TimeCreated>
48444-<EventRecordID>244839</EventRecordID>
48445-<Correlation ActivityID="{71a9b66f-4900-0001-a8b6-a9710049d401}" RelatedActivityID=""></Correlation>
48446-<Execution ProcessID="664" ThreadID="720"></Execution>
48447-<Channel>Security</Channel>
48448-<Computer>WIN-KCON-EXCH16.EM.KRINGLECON.COM</Computer>
48449-<Security UserID=""></Security>
48450-</System>
48451-<EventData><Data Name="SubjectUserSid">S-1-5-18</Data>
48452-<Data Name="SubjectUserName">WIN-KCON-EXCH16$</Data>
48453-<Data Name="SubjectDomainName">EM.KRINGLECON</Data>
48454-<Data Name="SubjectLogonId">0x00000000000003e7</Data>
48455-<Data Name="TargetUserSid">S-1-5-21-25059752-1411454016-2901770228-1133</Data>
48456-<Data Name="TargetUserName">HealthMailboxbab78a6</Data>
48457-<Data Name="TargetDomainName">EM.KRINGLECON</Data>
--
48462-<Data Name="WorkstationName">WIN-KCON-EXCH16</Data>
48463-<Data Name="LogonGuid">{2f4df08a-41cc-95d1-9bfa-03bf0a873f7f}</Data>
48464-<Data Name="TransmittedServices">-</Data>
48465-<Data Name="LmPackageName">-</Data>
48466-<Data Name="KeyLength">0</Data>
48467-<Data Name="ProcessId">0x0000000000003600</Data>
48468-<Data Name="ProcessName">C:\Windows\System32\inetsrv\w3wp.exe</Data>
48469-<Data Name="IpAddress">-</Data>
48470-<Data Name="IpPort">-</Data>
48471-<Data Name="ImpersonationLevel">%%1832</Data>
48472-<Data Name="RestrictedAdminMode">-</Data>
48473-<Data Name="TargetOutboundUserName">-</Data>
48474-<Data Name="TargetOutboundDomainName">-</Data>
48475-<Data Name="VirtualAccount">%%1843</Data>
48476-<Data Name="TargetLinkedLogonId">0x0000000000000000</Data>
48477-<Data Name="ElevatedToken">%%1842</Data>
48478-</EventData>
48479-</Event>
48480-
48481-<Event xmlns="http://schemas.microsoft.com/win/2004/08/events/event"><System><Provider Name="Microsoft-Windows-Security-Auditing" Guid="{54849625-5478-4994-a5ba-3e3b0328c30d}"></Provider>
48482:<EventID Qualifiers="">4624</EventID>
48483-<Version>2</Version>
48484-<Level>0</Level>
48485-<Task>12544</Task>
48486-<Opcode>0</Opcode>
48487-<Keywords>0x8020000000000000</Keywords>
48488-<TimeCreated SystemTime="2018-09-10 13:22:02.798843"></TimeCreated>
48489-<EventRecordID>244855</EventRecordID>
48490-<Correlation ActivityID="{71a9b66f-4900-0001-a8b6-a9710049d401}" RelatedActivityID=""></Correlation>
48491-<Execution ProcessID="664" ThreadID="12152"></Execution>
48492-<Channel>Security</Channel>
48493-<Computer>WIN-KCON-EXCH16.EM.KRINGLECON.COM</Computer>
48494-<Security UserID=""></Security>
48495-</System>
48496-<EventData><Data Name="SubjectUserSid">S-1-0-0</Data>
48497-<Data Name="SubjectUserName">-</Data>
48498-<Data Name="SubjectDomainName">-</Data>
48499-<Data Name="SubjectLogonId">0x0000000000000000</Data>
48500-<Data Name="TargetUserSid">S-1-5-21-25059752-1411454016-2901770228-1134</Data>
48501-<Data Name="TargetUserName">HealthMailboxbe58608</Data>
48502-<Data Name="TargetDomainName">EM.KRINGLECON.COM</Data>
--
48507-<Data Name="WorkstationName">-</Data>
48508-<Data Name="LogonGuid">{66b54d86-4302-a414-4b44-b4078e2c002e}</Data>
48509-<Data Name="TransmittedServices">-</Data>
48510-<Data Name="LmPackageName">-</Data>
48511-<Data Name="KeyLength">0</Data>
48512-<Data Name="ProcessId">0x0000000000000000</Data>
48513-<Data Name="ProcessName">-</Data>
48514-<Data Name="IpAddress">::1</Data>
48515-<Data Name="IpPort">14569</Data>
48516-<Data Name="ImpersonationLevel">%%1840</Data>
48517-<Data Name="RestrictedAdminMode">-</Data>
48518-<Data Name="TargetOutboundUserName">-</Data>
48519-<Data Name="TargetOutboundDomainName">-</Data>
48520-<Data Name="VirtualAccount">%%1843</Data>
48521-<Data Name="TargetLinkedLogonId">0x0000000000000000</Data>
48522-<Data Name="ElevatedToken">%%1842</Data>
48523-</EventData>
48524-</Event>
48525-
48526-<Event xmlns="http://schemas.microsoft.com/win/2004/08/events/event"><System><Provider Name="Microsoft-Windows-Security-Auditing" Guid="{54849625-5478-4994-a5ba-3e3b0328c30d}"></Provider>
48527:<EventID Qualifiers="">4624</EventID>
48528-<Version>2</Version>
48529-<Level>0</Level>
48530-<Task>12544</Task>
48531-<Opcode>0</Opcode>
48532-<Keywords>0x8020000000000000</Keywords>
48533-<TimeCreated SystemTime="2018-09-10 13:22:28.186573"></TimeCreated>
48534-<EventRecordID>244865</EventRecordID>
48535-<Correlation ActivityID="{71a9b66f-4900-0001-a8b6-a9710049d401}" RelatedActivityID=""></Correlation>
48536-<Execution ProcessID="664" ThreadID="852"></Execution>
48537-<Channel>Security</Channel>
48538-<Computer>WIN-KCON-EXCH16.EM.KRINGLECON.COM</Computer>
48539-<Security UserID=""></Security>
48540-</System>
48541-<EventData><Data Name="SubjectUserSid">S-1-0-0</Data>
48542-<Data Name="SubjectUserName">-</Data>
48543-<Data Name="SubjectDomainName">-</Data>
48544-<Data Name="SubjectLogonId">0x0000000000000000</Data>
48545-<Data Name="TargetUserSid">S-1-5-21-25059752-1411454016-2901770228-1134</Data>
48546-<Data Name="TargetUserName">HealthMailboxbe58608</Data>
48547-<Data Name="TargetDomainName">EM.KRINGLECON.COM</Data>
--
48552-<Data Name="WorkstationName">-</Data>
48553-<Data Name="LogonGuid">{66b54d86-4302-a414-4b44-b4078e2c002e}</Data>
48554-<Data Name="TransmittedServices">-</Data>
48555-<Data Name="LmPackageName">-</Data>
48556-<Data Name="KeyLength">0</Data>
48557-<Data Name="ProcessId">0x0000000000000000</Data>
48558-<Data Name="ProcessName">-</Data>
48559-<Data Name="IpAddress">127.0.0.1</Data>
48560-<Data Name="IpPort">14612</Data>
48561-<Data Name="ImpersonationLevel">%%1840</Data>
48562-<Data Name="RestrictedAdminMode">-</Data>
48563-<Data Name="TargetOutboundUserName">-</Data>
48564-<Data Name="TargetOutboundDomainName">-</Data>
48565-<Data Name="VirtualAccount">%%1843</Data>
48566-<Data Name="TargetLinkedLogonId">0x0000000000000000</Data>
48567-<Data Name="ElevatedToken">%%1842</Data>
48568-</EventData>
48569-</Event>
48570-
48571-<Event xmlns="http://schemas.microsoft.com/win/2004/08/events/event"><System><Provider Name="Microsoft-Windows-Security-Auditing" Guid="{54849625-5478-4994-a5ba-3e3b0328c30d}"></Provider>
48572:<EventID Qualifiers="">4624</EventID>
48573-<Version>2</Version>
48574-<Level>0</Level>
48575-<Task>12544</Task>
48576-<Opcode>0</Opcode>
48577-<Keywords>0x8020000000000000</Keywords>
48578-<TimeCreated SystemTime="2018-09-10 13:22:31.784575"></TimeCreated>
48579-<EventRecordID>244870</EventRecordID>
48580-<Correlation ActivityID="{71a9b66f-4900-0001-a8b6-a9710049d401}" RelatedActivityID=""></Correlation>
48581-<Execution ProcessID="664" ThreadID="12152"></Execution>
48582-<Channel>Security</Channel>
48583-<Computer>WIN-KCON-EXCH16.EM.KRINGLECON.COM</Computer>
48584-<Security UserID=""></Security>
48585-</System>
48586-<EventData><Data Name="SubjectUserSid">S-1-0-0</Data>
48587-<Data Name="SubjectUserName">-</Data>
48588-<Data Name="SubjectDomainName">-</Data>
48589-<Data Name="SubjectLogonId">0x0000000000000000</Data>
48590-<Data Name="TargetUserSid">S-1-5-21-25059752-1411454016-2901770228-1134</Data>
48591-<Data Name="TargetUserName">HealthMailboxbe58608</Data>
48592-<Data Name="TargetDomainName">EM.KRINGLECON.COM</Data>
--
48658-<Execution ProcessID="664" ThreadID="15576"></Execution>
48659-<Channel>Security</Channel>
48660-<Computer>WIN-KCON-EXCH16.EM.KRINGLECON.COM</Computer>
48661-<Security UserID=""></Security>
48662-</System>
48663-<EventData><Data Name="TargetUserName">HealthMailboxbab78a6@EM.KRINGLECON.COM</Data>
48664-<Data Name="TargetDomainName">EM.KRINGLECON.COM</Data>
48665-<Data Name="ServiceName">WIN-KCON-EXCH16$</Data>
48666-<Data Name="ServiceSid">S-1-5-21-25059752-1411454016-2901770228-1000</Data>
48667-<Data Name="TicketOptions">0x40810000</Data>
48668-<Data Name="TicketEncryptionType">0x00000012</Data>
48669-<Data Name="IpAddress">::1</Data>
48670-<Data Name="IpPort">0</Data>
48671-<Data Name="Status">0x00000000</Data>
48672-<Data Name="LogonGuid">{e8464b78-1317-20ff-c0d0-6759e2721bef}</Data>
48673-<Data Name="TransmittedServices">-</Data>
48674-</EventData>
48675-</Event>
48676-
48677-<Event xmlns="http://schemas.microsoft.com/win/2004/08/events/event"><System><Provider Name="Microsoft-Windows-Security-Auditing" Guid="{54849625-5478-4994-a5ba-3e3b0328c30d}"></Provider>
48678:<EventID Qualifiers="">4624</EventID>
48679-<Version>2</Version>
48680-<Level>0</Level>
48681-<Task>12544</Task>
48682-<Opcode>0</Opcode>
48683-<Keywords>0x8020000000000000</Keywords>
48684-<TimeCreated SystemTime="2018-09-10 13:22:38.532421"></TimeCreated>
48685-<EventRecordID>244877</EventRecordID>
48686-<Correlation ActivityID="{71a9b66f-4900-0001-a8b6-a9710049d401}" RelatedActivityID=""></Correlation>
48687-<Execution ProcessID="664" ThreadID="15576"></Execution>
48688-<Channel>Security</Channel>
48689-<Computer>WIN-KCON-EXCH16.EM.KRINGLECON.COM</Computer>
48690-<Security UserID=""></Security>
48691-</System>
48692-<EventData><Data Name="SubjectUserSid">S-1-5-18</Data>
48693-<Data Name="SubjectUserName">WIN-KCON-EXCH16$</Data>
48694-<Data Name="SubjectDomainName">EM.KRINGLECON</Data>
48695-<Data Name="SubjectLogonId">0x00000000000003e7</Data>
48696-<Data Name="TargetUserSid">S-1-5-21-25059752-1411454016-2901770228-1133</Data>
48697-<Data Name="TargetUserName">HealthMailboxbab78a6</Data>
48698-<Data Name="TargetDomainName">EM.KRINGLECON</Data>
--
48764-<Execution ProcessID="664" ThreadID="15576"></Execution>
48765-<Channel>Security</Channel>
48766-<Computer>WIN-KCON-EXCH16.EM.KRINGLECON.COM</Computer>
48767-<Security UserID=""></Security>
48768-</System>
48769-<EventData><Data Name="TargetUserName">HealthMailboxbab78a6@EM.KRINGLECON.COM</Data>
48770-<Data Name="TargetDomainName">EM.KRINGLECON.COM</Data>
48771-<Data Name="ServiceName">WIN-KCON-EXCH16$</Data>
48772-<Data Name="ServiceSid">S-1-5-21-25059752-1411454016-2901770228-1000</Data>
48773-<Data Name="TicketOptions">0x40810000</Data>
48774-<Data Name="TicketEncryptionType">0x00000012</Data>
48775-<Data Name="IpAddress">::1</Data>
48776-<Data Name="IpPort">0</Data>
48777-<Data Name="Status">0x00000000</Data>
48778-<Data Name="LogonGuid">{022b802f-0adf-19c9-fb45-7f27495166f3}</Data>
48779-<Data Name="TransmittedServices">-</Data>
48780-</EventData>
48781-</Event>
48782-
48783-<Event xmlns="http://schemas.microsoft.com/win/2004/08/events/event"><System><Provider Name="Microsoft-Windows-Security-Auditing" Guid="{54849625-5478-4994-a5ba-3e3b0328c30d}"></Provider>
48784:<EventID Qualifiers="">4624</EventID>
48785-<Version>2</Version>
48786-<Level>0</Level>
48787-<Task>12544</Task>
48788-<Opcode>0</Opcode>
48789-<Keywords>0x8020000000000000</Keywords>
48790-<TimeCreated SystemTime="2018-09-10 13:22:40.944422"></TimeCreated>
48791-<EventRecordID>244901</EventRecordID>
48792-<Correlation ActivityID="{71a9b66f-4900-0001-a8b6-a9710049d401}" RelatedActivityID=""></Correlation>
48793-<Execution ProcessID="664" ThreadID="15576"></Execution>
48794-<Channel>Security</Channel>
48795-<Computer>WIN-KCON-EXCH16.EM.KRINGLECON.COM</Computer>
48796-<Security UserID=""></Security>
48797-</System>
48798-<EventData><Data Name="SubjectUserSid">S-1-5-18</Data>
48799-<Data Name="SubjectUserName">WIN-KCON-EXCH16$</Data>
48800-<Data Name="SubjectDomainName">EM.KRINGLECON</Data>
48801-<Data Name="SubjectLogonId">0x00000000000003e7</Data>
48802-<Data Name="TargetUserSid">S-1-5-21-25059752-1411454016-2901770228-1133</Data>
48803-<Data Name="TargetUserName">HealthMailboxbab78a6</Data>
48804-<Data Name="TargetDomainName">EM.KRINGLECON</Data>
--
48870-<Execution ProcessID="664" ThreadID="12864"></Execution>
48871-<Channel>Security</Channel>
48872-<Computer>WIN-KCON-EXCH16.EM.KRINGLECON.COM</Computer>
48873-<Security UserID=""></Security>
48874-</System>
48875-<EventData><Data Name="TargetUserName">HealthMailboxbab78a6@EM.KRINGLECON.COM</Data>
48876-<Data Name="TargetDomainName">EM.KRINGLECON.COM</Data>
48877-<Data Name="ServiceName">WIN-KCON-EXCH16$</Data>
48878-<Data Name="ServiceSid">S-1-5-21-25059752-1411454016-2901770228-1000</Data>
48879-<Data Name="TicketOptions">0x40810000</Data>
48880-<Data Name="TicketEncryptionType">0x00000012</Data>
48881-<Data Name="IpAddress">::1</Data>
48882-<Data Name="IpPort">0</Data>
48883-<Data Name="Status">0x00000000</Data>
48884-<Data Name="LogonGuid">{f432a08f-cab0-ae0c-9760-ec61972e464a}</Data>
48885-<Data Name="TransmittedServices">-</Data>
48886-</EventData>
48887-</Event>
48888-
48889-<Event xmlns="http://schemas.microsoft.com/win/2004/08/events/event"><System><Provider Name="Microsoft-Windows-Security-Auditing" Guid="{54849625-5478-4994-a5ba-3e3b0328c30d}"></Provider>
48890:<EventID Qualifiers="">4624</EventID>
48891-<Version>2</Version>
48892-<Level>0</Level>
48893-<Task>12544</Task>
48894-<Opcode>0</Opcode>
48895-<Keywords>0x8020000000000000</Keywords>
48896-<TimeCreated SystemTime="2018-09-10 13:22:41.089128"></TimeCreated>
48897-<EventRecordID>244908</EventRecordID>
48898-<Correlation ActivityID="{71a9b66f-4900-0001-a8b6-a9710049d401}" RelatedActivityID=""></Correlation>
48899-<Execution ProcessID="664" ThreadID="12864"></Execution>
48900-<Channel>Security</Channel>
48901-<Computer>WIN-KCON-EXCH16.EM.KRINGLECON.COM</Computer>
48902-<Security UserID=""></Security>
48903-</System>
48904-<EventData><Data Name="SubjectUserSid">S-1-5-18</Data>
48905-<Data Name="SubjectUserName">WIN-KCON-EXCH16$</Data>
48906-<Data Name="SubjectDomainName">EM.KRINGLECON</Data>
48907-<Data Name="SubjectLogonId">0x00000000000003e7</Data>
48908-<Data Name="TargetUserSid">S-1-5-21-25059752-1411454016-2901770228-1133</Data>
48909-<Data Name="TargetUserName">HealthMailboxbab78a6</Data>
48910-<Data Name="TargetDomainName">EM.KRINGLECON</Data>
--
48915-<Data Name="WorkstationName">WIN-KCON-EXCH16</Data>
48916-<Data Name="LogonGuid">{f432a08f-cab0-ae0c-9760-ec61972e464a}</Data>
48917-<Data Name="TransmittedServices">-</Data>
48918-<Data Name="LmPackageName">-</Data>
48919-<Data Name="KeyLength">0</Data>
48920-<Data Name="ProcessId">0x0000000000002494</Data>
48921-<Data Name="ProcessName">C:\Program Files\Microsoft\Exchange Server\V15\Bin\MSExchangeHMWorker.exe</Data>
48922-<Data Name="IpAddress">-</Data>
48923-<Data Name="IpPort">-</Data>
48924-<Data Name="ImpersonationLevel">%%1833</Data>
48925-<Data Name="RestrictedAdminMode">-</Data>
48926-<Data Name="TargetOutboundUserName">-</Data>
48927-<Data Name="TargetOutboundDomainName">-</Data>
48928-<Data Name="VirtualAccount">%%1843</Data>
48929-<Data Name="TargetLinkedLogonId">0x0000000000000000</Data>
48930-<Data Name="ElevatedToken">%%1842</Data>
48931-</EventData>
48932-</Event>
48933-
48934-<Event xmlns="http://schemas.microsoft.com/win/2004/08/events/event"><System><Provider Name="Microsoft-Windows-Security-Auditing" Guid="{54849625-5478-4994-a5ba-3e3b0328c30d}"></Provider>
48935:<EventID Qualifiers="">4624</EventID>
48936-<Version>2</Version>
48937-<Level>0</Level>
48938-<Task>12544</Task>
48939-<Opcode>0</Opcode>
48940-<Keywords>0x8020000000000000</Keywords>
48941-<TimeCreated SystemTime="2018-09-10 13:22:42.613997"></TimeCreated>
48942-<EventRecordID>244926</EventRecordID>
48943-<Correlation ActivityID="{71a9b66f-4900-0001-a8b6-a9710049d401}" RelatedActivityID=""></Correlation>
48944-<Execution ProcessID="664" ThreadID="720"></Execution>
48945-<Channel>Security</Channel>
48946-<Computer>WIN-KCON-EXCH16.EM.KRINGLECON.COM</Computer>
48947-<Security UserID=""></Security>
48948-</System>
48949-<EventData><Data Name="SubjectUserSid">S-1-0-0</Data>
48950-<Data Name="SubjectUserName">-</Data>
48951-<Data Name="SubjectDomainName">-</Data>
48952-<Data Name="SubjectLogonId">0x0000000000000000</Data>
48953-<Data Name="TargetUserSid">S-1-5-21-25059752-1411454016-2901770228-1134</Data>
48954-<Data Name="TargetUserName">HealthMailboxbe58608</Data>
48955-<Data Name="TargetDomainName">EM.KRINGLECON.COM</Data>
--
48960-<Data Name="WorkstationName">-</Data>
48961-<Data Name="LogonGuid">{07b73b89-15b3-b7c4-e678-b6ee566f408f}</Data>
48962-<Data Name="TransmittedServices">-</Data>
48963-<Data Name="LmPackageName">-</Data>
48964-<Data Name="KeyLength">0</Data>
48965-<Data Name="ProcessId">0x0000000000000000</Data>
48966-<Data Name="ProcessName">-</Data>
48967-<Data Name="IpAddress">127.0.0.1</Data>
48968-<Data Name="IpPort">14642</Data>
48969-<Data Name="ImpersonationLevel">%%1840</Data>
48970-<Data Name="RestrictedAdminMode">-</Data>
48971-<Data Name="TargetOutboundUserName">-</Data>
48972-<Data Name="TargetOutboundDomainName">-</Data>
48973-<Data Name="VirtualAccount">%%1843</Data>
48974-<Data Name="TargetLinkedLogonId">0x0000000000000000</Data>
48975-<Data Name="ElevatedToken">%%1842</Data>
48976-</EventData>
48977-</Event>
48978-
48979-<Event xmlns="http://schemas.microsoft.com/win/2004/08/events/event"><System><Provider Name="Microsoft-Windows-Security-Auditing" Guid="{54849625-5478-4994-a5ba-3e3b0328c30d}"></Provider>
48980:<EventID Qualifiers="">4624</EventID>
48981-<Version>2</Version>
48982-<Level>0</Level>
48983-<Task>12544</Task>
48984-<Opcode>0</Opcode>
48985-<Keywords>0x8020000000000000</Keywords>
48986-<TimeCreated SystemTime="2018-09-10 13:22:43.768496"></TimeCreated>
48987-<EventRecordID>244929</EventRecordID>
48988-<Correlation ActivityID="{71a9b66f-4900-0001-a8b6-a9710049d401}" RelatedActivityID=""></Correlation>
48989-<Execution ProcessID="664" ThreadID="15576"></Execution>
48990-<Channel>Security</Channel>
48991-<Computer>WIN-KCON-EXCH16.EM.KRINGLECON.COM</Computer>
48992-<Security UserID=""></Security>
48993-</System>
48994-<EventData><Data Name="SubjectUserSid">S-1-0-0</Data>
48995-<Data Name="SubjectUserName">-</Data>
48996-<Data Name="SubjectDomainName">-</Data>
48997-<Data Name="SubjectLogonId">0x0000000000000000</Data>
48998-<Data Name="TargetUserSid">S-1-5-21-25059752-1411454016-2901770228-1134</Data>
48999-<Data Name="TargetUserName">HealthMailboxbe58608</Data>
49000-<Data Name="TargetDomainName">EM.KRINGLECON.COM</Data>
--
49005-<Data Name="WorkstationName">-</Data>
49006-<Data Name="LogonGuid">{66b54d86-4302-a414-4b44-b4078e2c002e}</Data>
49007-<Data Name="TransmittedServices">-</Data>
49008-<Data Name="LmPackageName">-</Data>
49009-<Data Name="KeyLength">0</Data>
49010-<Data Name="ProcessId">0x0000000000000000</Data>
49011-<Data Name="ProcessName">-</Data>
49012-<Data Name="IpAddress">-</Data>
49013-<Data Name="IpPort">-</Data>
49014-<Data Name="ImpersonationLevel">%%1840</Data>
49015-<Data Name="RestrictedAdminMode">-</Data>
49016-<Data Name="TargetOutboundUserName">-</Data>
49017-<Data Name="TargetOutboundDomainName">-</Data>
49018-<Data Name="VirtualAccount">%%1843</Data>
49019-<Data Name="TargetLinkedLogonId">0x0000000000000000</Data>
49020-<Data Name="ElevatedToken">%%1842</Data>
49021-</EventData>
49022-</Event>
49023-
49024-<Event xmlns="http://schemas.microsoft.com/win/2004/08/events/event"><System><Provider Name="Microsoft-Windows-Security-Auditing" Guid="{54849625-5478-4994-a5ba-3e3b0328c30d}"></Provider>
49025:<EventID Qualifiers="">4624</EventID>
49026-<Version>2</Version>
49027-<Level>0</Level>
49028-<Task>12544</Task>
49029-<Opcode>0</Opcode>
49030-<Keywords>0x8020000000000000</Keywords>
49031-<TimeCreated SystemTime="2018-09-10 13:22:43.806061"></TimeCreated>
49032-<EventRecordID>244933</EventRecordID>
49033-<Correlation ActivityID="{71a9b66f-4900-0001-a8b6-a9710049d401}" RelatedActivityID=""></Correlation>
49034-<Execution ProcessID="664" ThreadID="15576"></Execution>
49035-<Channel>Security</Channel>
49036-<Computer>WIN-KCON-EXCH16.EM.KRINGLECON.COM</Computer>
49037-<Security UserID=""></Security>
49038-</System>
49039-<EventData><Data Name="SubjectUserSid">S-1-0-0</Data>
49040-<Data Name="SubjectUserName">-</Data>
49041-<Data Name="SubjectDomainName">-</Data>
49042-<Data Name="SubjectLogonId">0x0000000000000000</Data>
49043-<Data Name="TargetUserSid">S-1-5-21-25059752-1411454016-2901770228-1134</Data>
49044-<Data Name="TargetUserName">HealthMailboxbe58608</Data>
49045-<Data Name="TargetDomainName">EM.KRINGLECON.COM</Data>
--
49050-<Data Name="WorkstationName">-</Data>
49051-<Data Name="LogonGuid">{66b54d86-4302-a414-4b44-b4078e2c002e}</Data>
49052-<Data Name="TransmittedServices">-</Data>
49053-<Data Name="LmPackageName">-</Data>
49054-<Data Name="KeyLength">0</Data>
49055-<Data Name="ProcessId">0x0000000000000000</Data>
49056-<Data Name="ProcessName">-</Data>
49057-<Data Name="IpAddress">-</Data>
49058-<Data Name="IpPort">-</Data>
49059-<Data Name="ImpersonationLevel">%%1840</Data>
49060-<Data Name="RestrictedAdminMode">-</Data>
49061-<Data Name="TargetOutboundUserName">-</Data>
49062-<Data Name="TargetOutboundDomainName">-</Data>
49063-<Data Name="VirtualAccount">%%1843</Data>
49064-<Data Name="TargetLinkedLogonId">0x0000000000000000</Data>
49065-<Data Name="ElevatedToken">%%1842</Data>
49066-</EventData>
49067-</Event>
49068-
49069-<Event xmlns="http://schemas.microsoft.com/win/2004/08/events/event"><System><Provider Name="Microsoft-Windows-Security-Auditing" Guid="{54849625-5478-4994-a5ba-3e3b0328c30d}"></Provider>
49070:<EventID Qualifiers="">4624</EventID>
49071-<Version>2</Version>
49072-<Level>0</Level>
49073-<Task>12544</Task>
49074-<Opcode>0</Opcode>
49075-<Keywords>0x8020000000000000</Keywords>
49076-<TimeCreated SystemTime="2018-09-10 13:22:44.932629"></TimeCreated>
49077-<EventRecordID>244952</EventRecordID>
49078-<Correlation ActivityID="{71a9b66f-4900-0001-a8b6-a9710049d401}" RelatedActivityID=""></Correlation>
49079-<Execution ProcessID="664" ThreadID="12864"></Execution>
49080-<Channel>Security</Channel>
49081-<Computer>WIN-KCON-EXCH16.EM.KRINGLECON.COM</Computer>
49082-<Security UserID=""></Security>
49083-</System>
49084-<EventData><Data Name="SubjectUserSid">S-1-0-0</Data>
49085-<Data Name="SubjectUserName">-</Data>
49086-<Data Name="SubjectDomainName">-</Data>
49087-<Data Name="SubjectLogonId">0x0000000000000000</Data>
49088-<Data Name="TargetUserSid">S-1-5-21-25059752-1411454016-2901770228-1134</Data>
49089-<Data Name="TargetUserName">HealthMailboxbe58608</Data>
49090-<Data Name="TargetDomainName">EM.KRINGLECON.COM</Data>
--
49095-<Data Name="WorkstationName">-</Data>
49096-<Data Name="LogonGuid">{07b73b89-15b3-b7c4-e678-b6ee566f408f}</Data>
49097-<Data Name="TransmittedServices">-</Data>
49098-<Data Name="LmPackageName">-</Data>
49099-<Data Name="KeyLength">0</Data>
49100-<Data Name="ProcessId">0x0000000000000000</Data>
49101-<Data Name="ProcessName">-</Data>
49102-<Data Name="IpAddress">-</Data>
49103-<Data Name="IpPort">-</Data>
49104-<Data Name="ImpersonationLevel">%%1840</Data>
49105-<Data Name="RestrictedAdminMode">-</Data>
49106-<Data Name="TargetOutboundUserName">-</Data>
49107-<Data Name="TargetOutboundDomainName">-</Data>
49108-<Data Name="VirtualAccount">%%1843</Data>
49109-<Data Name="TargetLinkedLogonId">0x0000000000000000</Data>
49110-<Data Name="ElevatedToken">%%1842</Data>
49111-</EventData>
49112-</Event>
49113-
49114-<Event xmlns="http://schemas.microsoft.com/win/2004/08/events/event"><System><Provider Name="Microsoft-Windows-Security-Auditing" Guid="{54849625-5478-4994-a5ba-3e3b0328c30d}"></Provider>
49115:<EventID Qualifiers="">4624</EventID>
49116-<Version>2</Version>
49117-<Level>0</Level>
49118-<Task>12544</Task>
49119-<Opcode>0</Opcode>
49120-<Keywords>0x8020000000000000</Keywords>
49121-<TimeCreated SystemTime="2018-09-10 13:22:49.175573"></TimeCreated>
49122-<EventRecordID>244978</EventRecordID>
49123-<Correlation ActivityID="{71a9b66f-4900-0001-a8b6-a9710049d401}" RelatedActivityID=""></Correlation>
49124-<Execution ProcessID="664" ThreadID="712"></Execution>
49125-<Channel>Security</Channel>
49126-<Computer>WIN-KCON-EXCH16.EM.KRINGLECON.COM</Computer>
49127-<Security UserID=""></Security>
49128-</System>
49129-<EventData><Data Name="SubjectUserSid">S-1-0-0</Data>
49130-<Data Name="SubjectUserName">-</Data>
49131-<Data Name="SubjectDomainName">-</Data>
49132-<Data Name="SubjectLogonId">0x0000000000000000</Data>
49133-<Data Name="TargetUserSid">S-1-5-21-25059752-1411454016-2901770228-1134</Data>
49134-<Data Name="TargetUserName">HealthMailboxbe58608</Data>
49135-<Data Name="TargetDomainName">EM.KRINGLECON.COM</Data>
--
49140-<Data Name="WorkstationName">-</Data>
49141-<Data Name="LogonGuid">{66b54d86-4302-a414-4b44-b4078e2c002e}</Data>
49142-<Data Name="TransmittedServices">-</Data>
49143-<Data Name="LmPackageName">-</Data>
49144-<Data Name="KeyLength">0</Data>
49145-<Data Name="ProcessId">0x0000000000000000</Data>
49146-<Data Name="ProcessName">-</Data>
49147-<Data Name="IpAddress">127.0.0.1</Data>
49148-<Data Name="IpPort">14658</Data>
49149-<Data Name="ImpersonationLevel">%%1840</Data>
49150-<Data Name="RestrictedAdminMode">-</Data>
49151-<Data Name="TargetOutboundUserName">-</Data>
49152-<Data Name="TargetOutboundDomainName">-</Data>
49153-<Data Name="VirtualAccount">%%1843</Data>
49154-<Data Name="TargetLinkedLogonId">0x0000000000000000</Data>
49155-<Data Name="ElevatedToken">%%1842</Data>
49156-</EventData>
49157-</Event>
49158-
49159-<Event xmlns="http://schemas.microsoft.com/win/2004/08/events/event"><System><Provider Name="Microsoft-Windows-Security-Auditing" Guid="{54849625-5478-4994-a5ba-3e3b0328c30d}"></Provider>
49160:<EventID Qualifiers="">4624</EventID>
49161-<Version>2</Version>
49162-<Level>0</Level>
49163-<Task>12544</Task>
49164-<Opcode>0</Opcode>
49165-<Keywords>0x8020000000000000</Keywords>
49166-<TimeCreated SystemTime="2018-09-10 13:22:49.197973"></TimeCreated>
49167-<EventRecordID>244981</EventRecordID>
49168-<Correlation ActivityID="{71a9b66f-4900-0001-a8b6-a9710049d401}" RelatedActivityID=""></Correlation>
49169-<Execution ProcessID="664" ThreadID="15576"></Execution>
49170-<Channel>Security</Channel>
49171-<Computer>WIN-KCON-EXCH16.EM.KRINGLECON.COM</Computer>
49172-<Security UserID=""></Security>
49173-</System>
49174-<EventData><Data Name="SubjectUserSid">S-1-0-0</Data>
49175-<Data Name="SubjectUserName">-</Data>
49176-<Data Name="SubjectDomainName">-</Data>
49177-<Data Name="SubjectLogonId">0x0000000000000000</Data>
49178-<Data Name="TargetUserSid">S-1-5-21-25059752-1411454016-2901770228-1134</Data>
49179-<Data Name="TargetUserName">HealthMailboxbe58608</Data>
49180-<Data Name="TargetDomainName">EM.KRINGLECON.COM</Data>
--
49185-<Data Name="WorkstationName">-</Data>
49186-<Data Name="LogonGuid">{07b73b89-15b3-b7c4-e678-b6ee566f408f}</Data>
49187-<Data Name="TransmittedServices">-</Data>
49188-<Data Name="LmPackageName">-</Data>
49189-<Data Name="KeyLength">0</Data>
49190-<Data Name="ProcessId">0x0000000000000000</Data>
49191-<Data Name="ProcessName">-</Data>
49192-<Data Name="IpAddress">-</Data>
49193-<Data Name="IpPort">-</Data>
49194-<Data Name="ImpersonationLevel">%%1840</Data>
49195-<Data Name="RestrictedAdminMode">-</Data>
49196-<Data Name="TargetOutboundUserName">-</Data>
49197-<Data Name="TargetOutboundDomainName">-</Data>
49198-<Data Name="VirtualAccount">%%1843</Data>
49199-<Data Name="TargetLinkedLogonId">0x0000000000000000</Data>
49200-<Data Name="ElevatedToken">%%1842</Data>
49201-</EventData>
49202-</Event>
49203-
49204-<Event xmlns="http://schemas.microsoft.com/win/2004/08/events/event"><System><Provider Name="Microsoft-Windows-Security-Auditing" Guid="{54849625-5478-4994-a5ba-3e3b0328c30d}"></Provider>
49205:<EventID Qualifiers="">4624</EventID>
49206-<Version>2</Version>
49207-<Level>0</Level>
49208-<Task>12544</Task>
49209-<Opcode>0</Opcode>
49210-<Keywords>0x8020000000000000</Keywords>
49211-<TimeCreated SystemTime="2018-09-10 13:23:02.858143"></TimeCreated>
49212-<EventRecordID>245002</EventRecordID>
49213-<Correlation ActivityID="{71a9b66f-4900-0001-a8b6-a9710049d401}" RelatedActivityID=""></Correlation>
49214-<Execution ProcessID="664" ThreadID="15576"></Execution>
49215-<Channel>Security</Channel>
49216-<Computer>WIN-KCON-EXCH16.EM.KRINGLECON.COM</Computer>
49217-<Security UserID=""></Security>
49218-</System>
49219-<EventData><Data Name="SubjectUserSid">S-1-0-0</Data>
49220-<Data Name="SubjectUserName">-</Data>
49221-<Data Name="SubjectDomainName">-</Data>
49222-<Data Name="SubjectLogonId">0x0000000000000000</Data>
49223-<Data Name="TargetUserSid">S-1-5-21-25059752-1411454016-2901770228-1134</Data>
49224-<Data Name="TargetUserName">HealthMailboxbe58608</Data>
49225-<Data Name="TargetDomainName">EM.KRINGLECON.COM</Data>
--
49252-<Level>0</Level>
49253-<Task>14336</Task>
49254-<Opcode>0</Opcode>
49255-<Keywords>0x8020000000000000</Keywords>
49256-<TimeCreated SystemTime="2018-09-10 13:23:05.125687"></TimeCreated>
49257-<EventRecordID>245005</EventRecordID>
49258-<Correlation ActivityID="" RelatedActivityID=""></Correlation>
49259-<Execution ProcessID="664" ThreadID="15576"></Execution>
49260-<Channel>Security</Channel>
49261-<Computer>WIN-KCON-EXCH16.EM.KRINGLECON.COM</Computer>
49262-<Security UserID=""></Security>
49263-</System>
49264-<EventData><Data Name="PackageName">MICROSOFT_AUTHENTICATION_PACKAGE_V1_0</Data>
49265-<Data Name="TargetUserName">HealthMailboxbe58608d4925422d8e4ea458cfedc612@EM.KRINGLECON.COM</Data>
49266-<Data Name="Workstation">WIN-KCON-EXCH16</Data>
49267-<Data Name="Status">0x00000000</Data>
49268-</EventData>
49269-</Event>
49270-
49271-<Event xmlns="http://schemas.microsoft.com/win/2004/08/events/event"><System><Provider Name="Microsoft-Windows-Security-Auditing" Guid="{54849625-5478-4994-a5ba-3e3b0328c30d}"></Provider>
49272:<EventID Qualifiers="">4624</EventID>
49273-<Version>2</Version>
49274-<Level>0</Level>
49275-<Task>12544</Task>
49276-<Opcode>0</Opcode>
49277-<Keywords>0x8020000000000000</Keywords>
49278-<TimeCreated SystemTime="2018-09-10 13:23:05.126657"></TimeCreated>
49279-<EventRecordID>245006</EventRecordID>
49280-<Correlation ActivityID="" RelatedActivityID=""></Correlation>
49281-<Execution ProcessID="664" ThreadID="15576"></Execution>
49282-<Channel>Security</Channel>
49283-<Computer>WIN-KCON-EXCH16.EM.KRINGLECON.COM</Computer>
49284-<Security UserID=""></Security>
49285-</System>
49286-<EventData><Data Name="SubjectUserSid">S-1-0-0</Data>
49287-<Data Name="SubjectUserName">-</Data>
49288-<Data Name="SubjectDomainName">-</Data>
49289-<Data Name="SubjectLogonId">0x0000000000000000</Data>
49290-<Data Name="TargetUserSid">S-1-5-21-25059752-1411454016-2901770228-1134</Data>
49291-<Data Name="TargetUserName">HealthMailboxbe58608</Data>
49292-<Data Name="TargetDomainName">EM.KRINGLECON</Data>
--
49319-<Level>0</Level>
49320-<Task>14336</Task>
49321-<Opcode>0</Opcode>
49322-<Keywords>0x8020000000000000</Keywords>
49323-<TimeCreated SystemTime="2018-09-10 13:23:05.162001"></TimeCreated>
49324-<EventRecordID>245014</EventRecordID>
49325-<Correlation ActivityID="" RelatedActivityID=""></Correlation>
49326-<Execution ProcessID="664" ThreadID="12864"></Execution>
49327-<Channel>Security</Channel>
49328-<Computer>WIN-KCON-EXCH16.EM.KRINGLECON.COM</Computer>
49329-<Security UserID=""></Security>
49330-</System>
49331-<EventData><Data Name="PackageName">MICROSOFT_AUTHENTICATION_PACKAGE_V1_0</Data>
49332-<Data Name="TargetUserName">HealthMailboxbe58608d4925422d8e4ea458cfedc612@EM.KRINGLECON.COM</Data>
49333-<Data Name="Workstation">WIN-KCON-EXCH16</Data>
49334-<Data Name="Status">0x00000000</Data>
49335-</EventData>
49336-</Event>
49337-
49338-<Event xmlns="http://schemas.microsoft.com/win/2004/08/events/event"><System><Provider Name="Microsoft-Windows-Security-Auditing" Guid="{54849625-5478-4994-a5ba-3e3b0328c30d}"></Provider>
49339:<EventID Qualifiers="">4624</EventID>
49340-<Version>2</Version>
49341-<Level>0</Level>
49342-<Task>12544</Task>
49343-<Opcode>0</Opcode>
49344-<Keywords>0x8020000000000000</Keywords>
49345-<TimeCreated SystemTime="2018-09-10 13:23:05.162359"></TimeCreated>
49346-<EventRecordID>245015</EventRecordID>
49347-<Correlation ActivityID="" RelatedActivityID=""></Correlation>
49348-<Execution ProcessID="664" ThreadID="12864"></Execution>
49349-<Channel>Security</Channel>
49350-<Computer>WIN-KCON-EXCH16.EM.KRINGLECON.COM</Computer>
49351-<Security UserID=""></Security>
49352-</System>
49353-<EventData><Data Name="SubjectUserSid">S-1-0-0</Data>
49354-<Data Name="SubjectUserName">-</Data>
49355-<Data Name="SubjectDomainName">-</Data>
49356-<Data Name="SubjectLogonId">0x0000000000000000</Data>
49357-<Data Name="TargetUserSid">S-1-5-21-25059752-1411454016-2901770228-1134</Data>
49358-<Data Name="TargetUserName">HealthMailboxbe58608</Data>
49359-<Data Name="TargetDomainName">EM.KRINGLECON</Data>
--
49386-<Level>0</Level>
49387-<Task>14336</Task>
49388-<Opcode>0</Opcode>
49389-<Keywords>0x8020000000000000</Keywords>
49390-<TimeCreated SystemTime="2018-09-10 13:23:05.164822"></TimeCreated>
49391-<EventRecordID>245017</EventRecordID>
49392-<Correlation ActivityID="" RelatedActivityID=""></Correlation>
49393-<Execution ProcessID="664" ThreadID="720"></Execution>
49394-<Channel>Security</Channel>
49395-<Computer>WIN-KCON-EXCH16.EM.KRINGLECON.COM</Computer>
49396-<Security UserID=""></Security>
49397-</System>
49398-<EventData><Data Name="PackageName">MICROSOFT_AUTHENTICATION_PACKAGE_V1_0</Data>
49399-<Data Name="TargetUserName">HealthMailboxbe58608d4925422d8e4ea458cfedc612@EM.KRINGLECON.COM</Data>
49400-<Data Name="Workstation">WIN-KCON-EXCH16</Data>
49401-<Data Name="Status">0x00000000</Data>
49402-</EventData>
49403-</Event>
49404-
49405-<Event xmlns="http://schemas.microsoft.com/win/2004/08/events/event"><System><Provider Name="Microsoft-Windows-Security-Auditing" Guid="{54849625-5478-4994-a5ba-3e3b0328c30d}"></Provider>
49406:<EventID Qualifiers="">4624</EventID>
49407-<Version>2</Version>
49408-<Level>0</Level>
49409-<Task>12544</Task>
49410-<Opcode>0</Opcode>
49411-<Keywords>0x8020000000000000</Keywords>
49412-<TimeCreated SystemTime="2018-09-10 13:23:05.165125"></TimeCreated>
49413-<EventRecordID>245018</EventRecordID>
49414-<Correlation ActivityID="" RelatedActivityID=""></Correlation>
49415-<Execution ProcessID="664" ThreadID="720"></Execution>
49416-<Channel>Security</Channel>
49417-<Computer>WIN-KCON-EXCH16.EM.KRINGLECON.COM</Computer>
49418-<Security UserID=""></Security>
49419-</System>
49420-<EventData><Data Name="SubjectUserSid">S-1-0-0</Data>
49421-<Data Name="SubjectUserName">-</Data>
49422-<Data Name="SubjectDomainName">-</Data>
49423-<Data Name="SubjectLogonId">0x0000000000000000</Data>
49424-<Data Name="TargetUserSid">S-1-5-21-25059752-1411454016-2901770228-1134</Data>
49425-<Data Name="TargetUserName">HealthMailboxbe58608</Data>
49426-<Data Name="TargetDomainName">EM.KRINGLECON</Data>
--
49431-<Data Name="WorkstationName">WIN-KCON-EXCH16</Data>
49432-<Data Name="LogonGuid">{00000000-0000-0000-0000-000000000000}</Data>
49433-<Data Name="TransmittedServices">-</Data>
49434-<Data Name="LmPackageName">NTLM V2</Data>
49435-<Data Name="KeyLength">0</Data>
49436-<Data Name="ProcessId">0x0000000000000000</Data>
49437-<Data Name="ProcessName">-</Data>
49438-<Data Name="IpAddress">fe80::b0d8:bf3b:51aa:caba</Data>
49439-<Data Name="IpPort">14687</Data>
49440-<Data Name="ImpersonationLevel">%%1833</Data>
49441-<Data Name="RestrictedAdminMode">-</Data>
49442-<Data Name="TargetOutboundUserName">-</Data>
49443-<Data Name="TargetOutboundDomainName">-</Data>
49444-<Data Name="VirtualAccount">%%1843</Data>
49445-<Data Name="TargetLinkedLogonId">0x0000000000000000</Data>
49446-<Data Name="ElevatedToken">%%1842</Data>
49447-</EventData>
49448-</Event>
