46953-
46954-<Event xmlns="http://schemas.microsoft.com/win/2004/08/events/event"><System><Provider Name="Microsoft-Windows-Security-Auditing" Guid="{54849625-5478-4994-a5ba-3e3b0328c30d}"></Provider>
46955:<EventID Qualifiers="">4624</EventID>
46956-<Version>2</Version>
46957-<Level>0</Level>
46958-<Task>12544</Task>
46959-<Opcode>0</Opcode>
46960-<Keywords>0x8020000000000000</Keywords>
46961-<TimeCreated SystemTime="2018-09-10 13:19:42.337175"></TimeCreated>
46962-<EventRecordID>244482</EventRecordID>
46963-<Correlation ActivityID="{71a9b66f-4900-0001-a8b6-a9710049d401}" RelatedActivityID=""></Correlation>
46964-<Execution ProcessID="664" ThreadID="852"></Execution>
46965-<Channel>Security</Channel>
46966-<Computer>WIN-KCON-EXCH16.EM.KRINGLECON.COM</Computer>
46967-<Security UserID=""></Security>
46968-</System>
46969-<EventData><Data Name="SubjectUserSid">S-1-0-0</Data>
46970-<Data Name="SubjectUserName">-</Data>
46971-<Data Name="SubjectDomainName">-</Data>
46972-<Data Name="SubjectLogonId">0x0000000000000000</Data>
46973-<Data Name="TargetUserSid">S-1-5-21-25059752-1411454016-2901770228-1134</Data>
46974-<Data Name="TargetUserName">HealthMailboxbe58608</Data>
46975-<Data Name="TargetDomainName">EM.KRINGLECON.COM</Data>
--
46980-<Data Name="WorkstationName">-</Data>
46981-<Data Name="LogonGuid">{66b54d86-4302-a414-4b44-b4078e2c002e}</Data>
46982-<Data Name="TransmittedServices">-</Data>
46983-<Data Name="LmPackageName">-</Data>
46984-<Data Name="KeyLength">0</Data>
46985-<Data Name="ProcessId">0x0000000000000000</Data>
46986-<Data Name="ProcessName">-</Data>
46987-<Data Name="IpAddress">::1</Data>
46988-<Data Name="IpPort">14354</Data>
46989-<Data Name="ImpersonationLevel">%%1840</Data>
46990-<Data Name="RestrictedAdminMode">-</Data>
46991-<Data Name="TargetOutboundUserName">-</Data>
46992-<Data Name="TargetOutboundDomainName">-</Data>
46993-<Data Name="VirtualAccount">%%1843</Data>
46994-<Data Name="TargetLinkedLogonId">0x0000000000000000</Data>
46995-<Data Name="ElevatedToken">%%1842</Data>
46996-</EventData>
46997-</Event>
46998-
46999-<Event xmlns="http://schemas.microsoft.com/win/2004/08/events/event"><System><Provider Name="Microsoft-Windows-Security-Auditing" Guid="{54849625-5478-4994-a5ba-3e3b0328c30d}"></Provider>
47000:<EventID Qualifiers="">4624</EventID>
47001-<Version>2</Version>
47002-<Level>0</Level>
47003-<Task>12544</Task>
47004-<Opcode>0</Opcode>
47005-<Keywords>0x8020000000000000</Keywords>
47006-<TimeCreated SystemTime="2018-09-10 13:19:49.000374"></TimeCreated>
47007-<EventRecordID>244498</EventRecordID>
47008-<Correlation ActivityID="{71a9b66f-4900-0001-a8b6-a9710049d401}" RelatedActivityID=""></Correlation>
47009-<Execution ProcessID="664" ThreadID="712"></Execution>
47010-<Channel>Security</Channel>
47011-<Computer>WIN-KCON-EXCH16.EM.KRINGLECON.COM</Computer>
47012-<Security UserID=""></Security>
47013-</System>
47014-<EventData><Data Name="SubjectUserSid">S-1-0-0</Data>
47015-<Data Name="SubjectUserName">-</Data>
47016-<Data Name="SubjectDomainName">-</Data>
47017-<Data Name="SubjectLogonId">0x0000000000000000</Data>
47018-<Data Name="TargetUserSid">S-1-5-21-25059752-1411454016-2901770228-1134</Data>
47019-<Data Name="TargetUserName">HealthMailboxbe58608</Data>
47020-<Data Name="TargetDomainName">EM.KRINGLECON.COM</Data>
--
47025-<Data Name="WorkstationName">-</Data>
47026-<Data Name="LogonGuid">{66b54d86-4302-a414-4b44-b4078e2c002e}</Data>
47027-<Data Name="TransmittedServices">-</Data>
47028-<Data Name="LmPackageName">-</Data>
47029-<Data Name="KeyLength">0</Data>
47030-<Data Name="ProcessId">0x0000000000000000</Data>
47031-<Data Name="ProcessName">-</Data>
47032-<Data Name="IpAddress">::1</Data>
47033-<Data Name="IpPort">14363</Data>
47034-<Data Name="ImpersonationLevel">%%1840</Data>
47035-<Data Name="RestrictedAdminMode">-</Data>
47036-<Data Name="TargetOutboundUserName">-</Data>
47037-<Data Name="TargetOutboundDomainName">-</Data>
47038-<Data Name="VirtualAccount">%%1843</Data>
47039-<Data Name="TargetLinkedLogonId">0x0000000000000000</Data>
47040-<Data Name="ElevatedToken">%%1842</Data>
47041-</EventData>
47042-</Event>
47043-
47044-<Event xmlns="http://schemas.microsoft.com/win/2004/08/events/event"><System><Provider Name="Microsoft-Windows-Security-Auditing" Guid="{54849625-5478-4994-a5ba-3e3b0328c30d}"></Provider>
47045:<EventID Qualifiers="">4624</EventID>
47046-<Version>2</Version>
47047-<Level>0</Level>
47048-<Task>12544</Task>
47049-<Opcode>0</Opcode>
47050-<Keywords>0x8020000000000000</Keywords>
47051-<TimeCreated SystemTime="2018-09-10 13:19:49.021347"></TimeCreated>
47052-<EventRecordID>244501</EventRecordID>
47053-<Correlation ActivityID="{71a9b66f-4900-0001-a8b6-a9710049d401}" RelatedActivityID=""></Correlation>
47054-<Execution ProcessID="664" ThreadID="712"></Execution>
47055-<Channel>Security</Channel>
47056-<Computer>WIN-KCON-EXCH16.EM.KRINGLECON.COM</Computer>
47057-<Security UserID=""></Security>
47058-</System>
47059-<EventData><Data Name="SubjectUserSid">S-1-0-0</Data>
47060-<Data Name="SubjectUserName">-</Data>
47061-<Data Name="SubjectDomainName">-</Data>
47062-<Data Name="SubjectLogonId">0x0000000000000000</Data>
47063-<Data Name="TargetUserSid">S-1-5-21-25059752-1411454016-2901770228-1134</Data>
47064-<Data Name="TargetUserName">HealthMailboxbe58608</Data>
47065-<Data Name="TargetDomainName">EM.KRINGLECON.COM</Data>
--
47070-<Data Name="WorkstationName">-</Data>
47071-<Data Name="LogonGuid">{66b54d86-4302-a414-4b44-b4078e2c002e}</Data>
47072-<Data Name="TransmittedServices">-</Data>
47073-<Data Name="LmPackageName">-</Data>
47074-<Data Name="KeyLength">0</Data>
47075-<Data Name="ProcessId">0x0000000000000000</Data>
47076-<Data Name="ProcessName">-</Data>
47077-<Data Name="IpAddress">-</Data>
47078-<Data Name="IpPort">-</Data>
47079-<Data Name="ImpersonationLevel">%%1840</Data>
47080-<Data Name="RestrictedAdminMode">-</Data>
47081-<Data Name="TargetOutboundUserName">-</Data>
47082-<Data Name="TargetOutboundDomainName">-</Data>
47083-<Data Name="VirtualAccount">%%1843</Data>
47084-<Data Name="TargetLinkedLogonId">0x0000000000000000</Data>
47085-<Data Name="ElevatedToken">%%1842</Data>
47086-</EventData>
47087-</Event>
47088-
47089-<Event xmlns="http://schemas.microsoft.com/win/2004/08/events/event"><System><Provider Name="Microsoft-Windows-Security-Auditing" Guid="{54849625-5478-4994-a5ba-3e3b0328c30d}"></Provider>
47090:<EventID Qualifiers="">4624</EventID>
47091-<Version>2</Version>
47092-<Level>0</Level>
47093-<Task>12544</Task>
47094-<Opcode>0</Opcode>
47095-<Keywords>0x8020000000000000</Keywords>
47096-<TimeCreated SystemTime="2018-09-10 13:20:03.070440"></TimeCreated>
47097-<EventRecordID>244534</EventRecordID>
47098-<Correlation ActivityID="{71a9b66f-4900-0001-a8b6-a9710049d401}" RelatedActivityID=""></Correlation>
47099-<Execution ProcessID="664" ThreadID="852"></Execution>
47100-<Channel>Security</Channel>
47101-<Computer>WIN-KCON-EXCH16.EM.KRINGLECON.COM</Computer>
47102-<Security UserID=""></Security>
47103-</System>
47104-<EventData><Data Name="SubjectUserSid">S-1-0-0</Data>
47105-<Data Name="SubjectUserName">-</Data>
47106-<Data Name="SubjectDomainName">-</Data>
47107-<Data Name="SubjectLogonId">0x0000000000000000</Data>
47108-<Data Name="TargetUserSid">S-1-5-21-25059752-1411454016-2901770228-1134</Data>
47109-<Data Name="TargetUserName">HealthMailboxbe58608</Data>
47110-<Data Name="TargetDomainName">EM.KRINGLECON.COM</Data>
--
47137-<Level>0</Level>
47138-<Task>14336</Task>
47139-<Opcode>0</Opcode>
47140-<Keywords>0x8020000000000000</Keywords>
47141-<TimeCreated SystemTime="2018-09-10 13:20:05.159088"></TimeCreated>
47142-<EventRecordID>244537</EventRecordID>
47143-<Correlation ActivityID="" RelatedActivityID=""></Correlation>
47144-<Execution ProcessID="664" ThreadID="720"></Execution>
47145-<Channel>Security</Channel>
47146-<Computer>WIN-KCON-EXCH16.EM.KRINGLECON.COM</Computer>
47147-<Security UserID=""></Security>
47148-</System>
47149-<EventData><Data Name="PackageName">MICROSOFT_AUTHENTICATION_PACKAGE_V1_0</Data>
47150-<Data Name="TargetUserName">HealthMailboxbe58608d4925422d8e4ea458cfedc612@EM.KRINGLECON.COM</Data>
47151-<Data Name="Workstation">WIN-KCON-EXCH16</Data>
47152-<Data Name="Status">0x00000000</Data>
47153-</EventData>
47154-</Event>
47155-
47156-<Event xmlns="http://schemas.microsoft.com/win/2004/08/events/event"><System><Provider Name="Microsoft-Windows-Security-Auditing" Guid="{54849625-5478-4994-a5ba-3e3b0328c30d}"></Provider>
47157:<EventID Qualifiers="">4624</EventID>
47158-<Version>2</Version>
47159-<Level>0</Level>
47160-<Task>12544</Task>
47161-<Opcode>0</Opcode>
47162-<Keywords>0x8020000000000000</Keywords>
47163-<TimeCreated SystemTime="2018-09-10 13:20:05.161314"></TimeCreated>
47164-<EventRecordID>244538</EventRecordID>
47165-<Correlation ActivityID="" RelatedActivityID=""></Correlation>
47166-<Execution ProcessID="664" ThreadID="720"></Execution>
47167-<Channel>Security</Channel>
47168-<Computer>WIN-KCON-EXCH16.EM.KRINGLECON.COM</Computer>
47169-<Security UserID=""></Security>
47170-</System>
47171-<EventData><Data Name="SubjectUserSid">S-1-0-0</Data>
47172-<Data Name="SubjectUserName">-</Data>
47173-<Data Name="SubjectDomainName">-</Data>
47174-<Data Name="SubjectLogonId">0x0000000000000000</Data>
47175-<Data Name="TargetUserSid">S-1-5-21-25059752-1411454016-2901770228-1134</Data>
47176-<Data Name="TargetUserName">HealthMailboxbe58608</Data>
47177-<Data Name="TargetDomainName">EM.KRINGLECON</Data>
--
47204-<Level>0</Level>
47205-<Task>14336</Task>
47206-<Opcode>0</Opcode>
47207-<Keywords>0x8020000000000000</Keywords>
47208-<TimeCreated SystemTime="2018-09-10 13:20:05.276268"></TimeCreated>
47209-<EventRecordID>244546</EventRecordID>
47210-<Correlation ActivityID="" RelatedActivityID=""></Correlation>
47211-<Execution ProcessID="664" ThreadID="720"></Execution>
47212-<Channel>Security</Channel>
47213-<Computer>WIN-KCON-EXCH16.EM.KRINGLECON.COM</Computer>
47214-<Security UserID=""></Security>
47215-</System>
47216-<EventData><Data Name="PackageName">MICROSOFT_AUTHENTICATION_PACKAGE_V1_0</Data>
47217-<Data Name="TargetUserName">HealthMailboxbe58608d4925422d8e4ea458cfedc612@EM.KRINGLECON.COM</Data>
47218-<Data Name="Workstation">WIN-KCON-EXCH16</Data>
47219-<Data Name="Status">0x00000000</Data>
47220-</EventData>
47221-</Event>
47222-
47223-<Event xmlns="http://schemas.microsoft.com/win/2004/08/events/event"><System><Provider Name="Microsoft-Windows-Security-Auditing" Guid="{54849625-5478-4994-a5ba-3e3b0328c30d}"></Provider>
47224:<EventID Qualifiers="">4624</EventID>
47225-<Version>2</Version>
47226-<Level>0</Level>
47227-<Task>12544</Task>
47228-<Opcode>0</Opcode>
47229-<Keywords>0x8020000000000000</Keywords>
47230-<TimeCreated SystemTime="2018-09-10 13:20:05.277102"></TimeCreated>
47231-<EventRecordID>244547</EventRecordID>
47232-<Correlation ActivityID="" RelatedActivityID=""></Correlation>
47233-<Execution ProcessID="664" ThreadID="720"></Execution>
47234-<Channel>Security</Channel>
47235-<Computer>WIN-KCON-EXCH16.EM.KRINGLECON.COM</Computer>
47236-<Security UserID=""></Security>
47237-</System>
47238-<EventData><Data Name="SubjectUserSid">S-1-0-0</Data>
47239-<Data Name="SubjectUserName">-</Data>
47240-<Data Name="SubjectDomainName">-</Data>
47241-<Data Name="SubjectLogonId">0x0000000000000000</Data>
47242-<Data Name="TargetUserSid">S-1-5-21-25059752-1411454016-2901770228-1134</Data>
47243-<Data Name="TargetUserName">HealthMailboxbe58608</Data>
47244-<Data Name="TargetDomainName">EM.KRINGLECON</Data>
--
47271-<Level>0</Level>
47272-<Task>14336</Task>
47273-<Opcode>0</Opcode>
47274-<Keywords>0x8020000000000000</Keywords>
47275-<TimeCreated SystemTime="2018-09-10 13:20:05.279253"></TimeCreated>
47276-<EventRecordID>244549</EventRecordID>
47277-<Correlation ActivityID="" RelatedActivityID=""></Correlation>
47278-<Execution ProcessID="664" ThreadID="848"></Execution>
47279-<Channel>Security</Channel>
47280-<Computer>WIN-KCON-EXCH16.EM.KRINGLECON.COM</Computer>
47281-<Security UserID=""></Security>
47282-</System>
47283-<EventData><Data Name="PackageName">MICROSOFT_AUTHENTICATION_PACKAGE_V1_0</Data>
47284-<Data Name="TargetUserName">HealthMailboxbe58608d4925422d8e4ea458cfedc612@EM.KRINGLECON.COM</Data>
47285-<Data Name="Workstation">WIN-KCON-EXCH16</Data>
47286-<Data Name="Status">0x00000000</Data>
47287-</EventData>
47288-</Event>
47289-
47290-<Event xmlns="http://schemas.microsoft.com/win/2004/08/events/event"><System><Provider Name="Microsoft-Windows-Security-Auditing" Guid="{54849625-5478-4994-a5ba-3e3b0328c30d}"></Provider>
47291:<EventID Qualifiers="">4624</EventID>
47292-<Version>2</Version>
47293-<Level>0</Level>
47294-<Task>12544</Task>
47295-<Opcode>0</Opcode>
47296-<Keywords>0x8020000000000000</Keywords>
47297-<TimeCreated SystemTime="2018-09-10 13:20:05.280321"></TimeCreated>
47298-<EventRecordID>244550</EventRecordID>
47299-<Correlation ActivityID="" RelatedActivityID=""></Correlation>
47300-<Execution ProcessID="664" ThreadID="848"></Execution>
47301-<Channel>Security</Channel>
47302-<Computer>WIN-KCON-EXCH16.EM.KRINGLECON.COM</Computer>
47303-<Security UserID=""></Security>
47304-</System>
47305-<EventData><Data Name="SubjectUserSid">S-1-0-0</Data>
47306-<Data Name="SubjectUserName">-</Data>
47307-<Data Name="SubjectDomainName">-</Data>
47308-<Data Name="SubjectLogonId">0x0000000000000000</Data>
47309-<Data Name="TargetUserSid">S-1-5-21-25059752-1411454016-2901770228-1134</Data>
47310-<Data Name="TargetUserName">HealthMailboxbe58608</Data>
47311-<Data Name="TargetDomainName">EM.KRINGLECON</Data>
--
47316-<Data Name="WorkstationName">WIN-KCON-EXCH16</Data>
47317-<Data Name="LogonGuid">{00000000-0000-0000-0000-000000000000}</Data>
47318-<Data Name="TransmittedServices">-</Data>
47319-<Data Name="LmPackageName">NTLM V2</Data>
47320-<Data Name="KeyLength">0</Data>
47321-<Data Name="ProcessId">0x0000000000000000</Data>
47322-<Data Name="ProcessName">-</Data>
47323-<Data Name="IpAddress">fe80::b0d8:bf3b:51aa:caba</Data>
47324-<Data Name="IpPort">14392</Data>
47325-<Data Name="ImpersonationLevel">%%1833</Data>
47326-<Data Name="RestrictedAdminMode">-</Data>
47327-<Data Name="TargetOutboundUserName">-</Data>
47328-<Data Name="TargetOutboundDomainName">-</Data>
47329-<Data Name="VirtualAccount">%%1843</Data>
47330-<Data Name="TargetLinkedLogonId">0x0000000000000000</Data>
47331-<Data Name="ElevatedToken">%%1842</Data>
47332-</EventData>
47333-</Event>
47334-
47335-<Event xmlns="http://schemas.microsoft.com/win/2004/08/events/event"><System><Provider Name="Microsoft-Windows-Security-Auditing" Guid="{54849625-5478-4994-a5ba-3e3b0328c30d}"></Provider>
47336:<EventID Qualifiers="">4624</EventID>
47337-<Version>2</Version>
47338-<Level>0</Level>
47339-<Task>12544</Task>
47340-<Opcode>0</Opcode>
47341-<Keywords>0x8020000000000000</Keywords>
47342-<TimeCreated SystemTime="2018-09-10 13:20:06.520807"></TimeCreated>
47343-<EventRecordID>244571</EventRecordID>
47344-<Correlation ActivityID="{71a9b66f-4900-0001-a8b6-a9710049d401}" RelatedActivityID=""></Correlation>
47345-<Execution ProcessID="664" ThreadID="720"></Execution>
47346-<Channel>Security</Channel>
47347-<Computer>WIN-KCON-EXCH16.EM.KRINGLECON.COM</Computer>
47348-<Security UserID=""></Security>
47349-</System>
47350-<EventData><Data Name="SubjectUserSid">S-1-0-0</Data>
47351-<Data Name="SubjectUserName">-</Data>
47352-<Data Name="SubjectDomainName">-</Data>
47353-<Data Name="SubjectLogonId">0x0000000000000000</Data>
47354-<Data Name="TargetUserSid">S-1-5-21-25059752-1411454016-2901770228-1134</Data>
47355-<Data Name="TargetUserName">HealthMailboxbe58608</Data>
47356-<Data Name="TargetDomainName">EM.KRINGLECON.COM</Data>
--
47361-<Data Name="WorkstationName">-</Data>
47362-<Data Name="LogonGuid">{66b54d86-4302-a414-4b44-b4078e2c002e}</Data>
47363-<Data Name="TransmittedServices">-</Data>
47364-<Data Name="LmPackageName">-</Data>
47365-<Data Name="KeyLength">0</Data>
47366-<Data Name="ProcessId">0x0000000000000000</Data>
47367-<Data Name="ProcessName">-</Data>
47368-<Data Name="IpAddress">fe80::b0d8:bf3b:51aa:caba</Data>
47369-<Data Name="IpPort">14401</Data>
47370-<Data Name="ImpersonationLevel">%%1840</Data>
47371-<Data Name="RestrictedAdminMode">-</Data>
47372-<Data Name="TargetOutboundUserName">-</Data>
47373-<Data Name="TargetOutboundDomainName">-</Data>
47374-<Data Name="VirtualAccount">%%1843</Data>
47375-<Data Name="TargetLinkedLogonId">0x0000000000000000</Data>
47376-<Data Name="ElevatedToken">%%1842</Data>
47377-</EventData>
47378-</Event>
47379-
47380-<Event xmlns="http://schemas.microsoft.com/win/2004/08/events/event"><System><Provider Name="Microsoft-Windows-Security-Auditing" Guid="{54849625-5478-4994-a5ba-3e3b0328c30d}"></Provider>
47381:<EventID Qualifiers="">4624</EventID>
47382-<Version>2</Version>
47383-<Level>0</Level>
47384-<Task>12544</Task>
47385-<Opcode>0</Opcode>
47386-<Keywords>0x8020000000000000</Keywords>
47387-<TimeCreated SystemTime="2018-09-10 13:20:06.668686"></TimeCreated>
47388-<EventRecordID>244576</EventRecordID>
47389-<Correlation ActivityID="{71a9b66f-4900-0001-a8b6-a9710049d401}" RelatedActivityID=""></Correlation>
47390-<Execution ProcessID="664" ThreadID="720"></Execution>
47391-<Channel>Security</Channel>
47392-<Computer>WIN-KCON-EXCH16.EM.KRINGLECON.COM</Computer>
47393-<Security UserID=""></Security>
47394-</System>
47395-<EventData><Data Name="SubjectUserSid">S-1-0-0</Data>
47396-<Data Name="SubjectUserName">-</Data>
47397-<Data Name="SubjectDomainName">-</Data>
47398-<Data Name="SubjectLogonId">0x0000000000000000</Data>
47399-<Data Name="TargetUserSid">S-1-5-21-25059752-1411454016-2901770228-1134</Data>
47400-<Data Name="TargetUserName">HealthMailboxbe58608</Data>
47401-<Data Name="TargetDomainName">EM.KRINGLECON.COM</Data>
--
47406-<Data Name="WorkstationName">-</Data>
47407-<Data Name="LogonGuid">{66b54d86-4302-a414-4b44-b4078e2c002e}</Data>
47408-<Data Name="TransmittedServices">-</Data>
47409-<Data Name="LmPackageName">-</Data>
47410-<Data Name="KeyLength">0</Data>
47411-<Data Name="ProcessId">0x0000000000000000</Data>
47412-<Data Name="ProcessName">-</Data>
47413-<Data Name="IpAddress">fe80::3085:5155:bb47:8b3e</Data>
47414-<Data Name="IpPort">14403</Data>
47415-<Data Name="ImpersonationLevel">%%1840</Data>
47416-<Data Name="RestrictedAdminMode">-</Data>
47417-<Data Name="TargetOutboundUserName">-</Data>
47418-<Data Name="TargetOutboundDomainName">-</Data>
47419-<Data Name="VirtualAccount">%%1843</Data>
47420-<Data Name="TargetLinkedLogonId">0x0000000000000000</Data>
47421-<Data Name="ElevatedToken">%%1842</Data>
47422-</EventData>
47423-</Event>
47424-
47425-<Event xmlns="http://schemas.microsoft.com/win/2004/08/events/event"><System><Provider Name="Microsoft-Windows-Security-Auditing" Guid="{54849625-5478-4994-a5ba-3e3b0328c30d}"></Provider>
47426:<EventID Qualifiers="">4624</EventID>
47427-<Version>2</Version>
47428-<Level>0</Level>
47429-<Task>12544</Task>
47430-<Opcode>0</Opcode>
47431-<Keywords>0x8020000000000000</Keywords>
47432-<TimeCreated SystemTime="2018-09-10 13:20:06.692223"></TimeCreated>
47433-<EventRecordID>244581</EventRecordID>
47434-<Correlation ActivityID="{71a9b66f-4900-0001-a8b6-a9710049d401}" RelatedActivityID=""></Correlation>
47435-<Execution ProcessID="664" ThreadID="720"></Execution>
47436-<Channel>Security</Channel>
47437-<Computer>WIN-KCON-EXCH16.EM.KRINGLECON.COM</Computer>
47438-<Security UserID=""></Security>
47439-</System>
47440-<EventData><Data Name="SubjectUserSid">S-1-0-0</Data>
47441-<Data Name="SubjectUserName">-</Data>
47442-<Data Name="SubjectDomainName">-</Data>
47443-<Data Name="SubjectLogonId">0x0000000000000000</Data>
47444-<Data Name="TargetUserSid">S-1-5-21-25059752-1411454016-2901770228-1134</Data>
47445-<Data Name="TargetUserName">HealthMailboxbe58608</Data>
47446-<Data Name="TargetDomainName">EM.KRINGLECON.COM</Data>
--
47451-<Data Name="WorkstationName">-</Data>
47452-<Data Name="LogonGuid">{66b54d86-4302-a414-4b44-b4078e2c002e}</Data>
47453-<Data Name="TransmittedServices">-</Data>
47454-<Data Name="LmPackageName">-</Data>
47455-<Data Name="KeyLength">0</Data>
47456-<Data Name="ProcessId">0x0000000000000000</Data>
47457-<Data Name="ProcessName">-</Data>
47458-<Data Name="IpAddress">fe80::5efe:169.254.202.186</Data>
47459-<Data Name="IpPort">14404</Data>
47460-<Data Name="ImpersonationLevel">%%1840</Data>
47461-<Data Name="RestrictedAdminMode">-</Data>
47462-<Data Name="TargetOutboundUserName">-</Data>
47463-<Data Name="TargetOutboundDomainName">-</Data>
47464-<Data Name="VirtualAccount">%%1843</Data>
47465-<Data Name="TargetLinkedLogonId">0x0000000000000000</Data>
47466-<Data Name="ElevatedToken">%%1842</Data>
47467-</EventData>
47468-</Event>
47469-
47470-<Event xmlns="http://schemas.microsoft.com/win/2004/08/events/event"><System><Provider Name="Microsoft-Windows-Security-Auditing" Guid="{54849625-5478-4994-a5ba-3e3b0328c30d}"></Provider>
47471:<EventID Qualifiers="">4624</EventID>
47472-<Version>2</Version>
47473-<Level>0</Level>
47474-<Task>12544</Task>
47475-<Opcode>0</Opcode>
47476-<Keywords>0x8020000000000000</Keywords>
47477-<TimeCreated SystemTime="2018-09-10 13:20:12.712809"></TimeCreated>
47478-<EventRecordID>244586</EventRecordID>
47479-<Correlation ActivityID="" RelatedActivityID=""></Correlation>
47480-<Execution ProcessID="664" ThreadID="848"></Execution>
47481-<Channel>Security</Channel>
47482-<Computer>WIN-KCON-EXCH16.EM.KRINGLECON.COM</Computer>
47483-<Security UserID=""></Security>
47484-</System>
47485-<EventData><Data Name="SubjectUserSid">S-1-5-18</Data>
47486-<Data Name="SubjectUserName">WIN-KCON-EXCH16$</Data>
47487-<Data Name="SubjectDomainName">EM.KRINGLECON</Data>
47488-<Data Name="SubjectLogonId">0x00000000000003e7</Data>
47489-<Data Name="TargetUserSid">S-1-5-21-25059752-1411454016-2901770228-1133</Data>
47490-<Data Name="TargetUserName">HealthMailboxbab78a6</Data>
47491-<Data Name="TargetDomainName">EM.KRINGLECON</Data>
--
47496-<Data Name="WorkstationName">WIN-KCON-EXCH16</Data>
47497-<Data Name="LogonGuid">{c9eb85e1-cc17-bd4c-a580-10c8a53e3acb}</Data>
47498-<Data Name="TransmittedServices">-</Data>
47499-<Data Name="LmPackageName">-</Data>
47500-<Data Name="KeyLength">0</Data>
47501-<Data Name="ProcessId">0x0000000000002494</Data>
47502-<Data Name="ProcessName">C:\Program Files\Microsoft\Exchange Server\V15\Bin\MSExchangeHMWorker.exe</Data>
47503-<Data Name="IpAddress">-</Data>
47504-<Data Name="IpPort">-</Data>
47505-<Data Name="ImpersonationLevel">%%1833</Data>
47506-<Data Name="RestrictedAdminMode">-</Data>
47507-<Data Name="TargetOutboundUserName">-</Data>
47508-<Data Name="TargetOutboundDomainName">-</Data>
47509-<Data Name="VirtualAccount">%%1843</Data>
47510-<Data Name="TargetLinkedLogonId">0x0000000000000000</Data>
47511-<Data Name="ElevatedToken">%%1842</Data>
47512-</EventData>
47513-</Event>
47514-
47515-<Event xmlns="http://schemas.microsoft.com/win/2004/08/events/event"><System><Provider Name="Microsoft-Windows-Security-Auditing" Guid="{54849625-5478-4994-a5ba-3e3b0328c30d}"></Provider>
47516:<EventID Qualifiers="">4624</EventID>
47517-<Version>2</Version>
47518-<Level>0</Level>
47519-<Task>12544</Task>
47520-<Opcode>0</Opcode>
47521-<Keywords>0x8020000000000000</Keywords>
47522-<TimeCreated SystemTime="2018-09-10 13:20:28.117527"></TimeCreated>
47523-<EventRecordID>244601</EventRecordID>
47524-<Correlation ActivityID="{71a9b66f-4900-0001-a8b6-a9710049d401}" RelatedActivityID=""></Correlation>
47525-<Execution ProcessID="664" ThreadID="848"></Execution>
47526-<Channel>Security</Channel>
47527-<Computer>WIN-KCON-EXCH16.EM.KRINGLECON.COM</Computer>
47528-<Security UserID=""></Security>
47529-</System>
47530-<EventData><Data Name="SubjectUserSid">S-1-0-0</Data>
47531-<Data Name="SubjectUserName">-</Data>
47532-<Data Name="SubjectDomainName">-</Data>
47533-<Data Name="SubjectLogonId">0x0000000000000000</Data>
47534-<Data Name="TargetUserSid">S-1-5-21-25059752-1411454016-2901770228-1134</Data>
47535-<Data Name="TargetUserName">HealthMailboxbe58608</Data>
47536-<Data Name="TargetDomainName">EM.KRINGLECON.COM</Data>
--
47541-<Data Name="WorkstationName">-</Data>
47542-<Data Name="LogonGuid">{66b54d86-4302-a414-4b44-b4078e2c002e}</Data>
47543-<Data Name="TransmittedServices">-</Data>
47544-<Data Name="LmPackageName">-</Data>
47545-<Data Name="KeyLength">0</Data>
47546-<Data Name="ProcessId">0x0000000000000000</Data>
47547-<Data Name="ProcessName">-</Data>
47548-<Data Name="IpAddress">::1</Data>
47549-<Data Name="IpPort">14424</Data>
47550-<Data Name="ImpersonationLevel">%%1840</Data>
47551-<Data Name="RestrictedAdminMode">-</Data>
47552-<Data Name="TargetOutboundUserName">-</Data>
47553-<Data Name="TargetOutboundDomainName">-</Data>
47554-<Data Name="VirtualAccount">%%1843</Data>
47555-<Data Name="TargetLinkedLogonId">0x0000000000000000</Data>
47556-<Data Name="ElevatedToken">%%1842</Data>
47557-</EventData>
47558-</Event>
47559-
47560-<Event xmlns="http://schemas.microsoft.com/win/2004/08/events/event"><System><Provider Name="Microsoft-Windows-Security-Auditing" Guid="{54849625-5478-4994-a5ba-3e3b0328c30d}"></Provider>
47561:<EventID Qualifiers="">4624</EventID>
47562-<Version>2</Version>
47563-<Level>0</Level>
47564-<Task>12544</Task>
47565-<Opcode>0</Opcode>
47566-<Keywords>0x8020000000000000</Keywords>
47567-<TimeCreated SystemTime="2018-09-10 13:20:31.681021"></TimeCreated>
47568-<EventRecordID>244613</EventRecordID>
47569-<Correlation ActivityID="{71a9b66f-4900-0001-a8b6-a9710049d401}" RelatedActivityID=""></Correlation>
47570-<Execution ProcessID="664" ThreadID="852"></Execution>
47571-<Channel>Security</Channel>
47572-<Computer>WIN-KCON-EXCH16.EM.KRINGLECON.COM</Computer>
47573-<Security UserID=""></Security>
47574-</System>
47575-<EventData><Data Name="SubjectUserSid">S-1-0-0</Data>
47576-<Data Name="SubjectUserName">-</Data>
47577-<Data Name="SubjectDomainName">-</Data>
47578-<Data Name="SubjectLogonId">0x0000000000000000</Data>
47579-<Data Name="TargetUserSid">S-1-5-21-25059752-1411454016-2901770228-1134</Data>
47580-<Data Name="TargetUserName">HealthMailboxbe58608</Data>
47581-<Data Name="TargetDomainName">EM.KRINGLECON.COM</Data>
--
47586-<Data Name="WorkstationName">-</Data>
47587-<Data Name="LogonGuid">{66b54d86-4302-a414-4b44-b4078e2c002e}</Data>
47588-<Data Name="TransmittedServices">-</Data>
47589-<Data Name="LmPackageName">-</Data>
47590-<Data Name="KeyLength">0</Data>
47591-<Data Name="ProcessId">0x0000000000000000</Data>
47592-<Data Name="ProcessName">-</Data>
47593-<Data Name="IpAddress">127.0.0.1</Data>
47594-<Data Name="IpPort">14429</Data>
47595-<Data Name="ImpersonationLevel">%%1840</Data>
47596-<Data Name="RestrictedAdminMode">-</Data>
47597-<Data Name="TargetOutboundUserName">-</Data>
47598-<Data Name="TargetOutboundDomainName">-</Data>
47599-<Data Name="VirtualAccount">%%1843</Data>
47600-<Data Name="TargetLinkedLogonId">0x0000000000000000</Data>
47601-<Data Name="ElevatedToken">%%1842</Data>
47602-</EventData>
47603-</Event>
47604-
47605-<Event xmlns="http://schemas.microsoft.com/win/2004/08/events/event"><System><Provider Name="Microsoft-Windows-Security-Auditing" Guid="{54849625-5478-4994-a5ba-3e3b0328c30d}"></Provider>
47606:<EventID Qualifiers="">4624</EventID>
47607-<Version>2</Version>
47608-<Level>0</Level>
47609-<Task>12544</Task>
47610-<Opcode>0</Opcode>
47611-<Keywords>0x8020000000000000</Keywords>
47612-<TimeCreated SystemTime="2018-09-10 13:20:42.386150"></TimeCreated>
47613-<EventRecordID>244631</EventRecordID>
47614-<Correlation ActivityID="{71a9b66f-4900-0001-a8b6-a9710049d401}" RelatedActivityID=""></Correlation>
47615-<Execution ProcessID="664" ThreadID="848"></Execution>
47616-<Channel>Security</Channel>
47617-<Computer>WIN-KCON-EXCH16.EM.KRINGLECON.COM</Computer>
47618-<Security UserID=""></Security>
47619-</System>
47620-<EventData><Data Name="SubjectUserSid">S-1-0-0</Data>
47621-<Data Name="SubjectUserName">-</Data>
47622-<Data Name="SubjectDomainName">-</Data>
47623-<Data Name="SubjectLogonId">0x0000000000000000</Data>
47624-<Data Name="TargetUserSid">S-1-5-21-25059752-1411454016-2901770228-1134</Data>
47625-<Data Name="TargetUserName">HealthMailboxbe58608</Data>
47626-<Data Name="TargetDomainName">EM.KRINGLECON.COM</Data>
--
47631-<Data Name="WorkstationName">-</Data>
47632-<Data Name="LogonGuid">{66b54d86-4302-a414-4b44-b4078e2c002e}</Data>
47633-<Data Name="TransmittedServices">-</Data>
47634-<Data Name="LmPackageName">-</Data>
47635-<Data Name="KeyLength">0</Data>
47636-<Data Name="ProcessId">0x0000000000000000</Data>
47637-<Data Name="ProcessName">-</Data>
47638-<Data Name="IpAddress">::1</Data>
47639-<Data Name="IpPort">14447</Data>
47640-<Data Name="ImpersonationLevel">%%1840</Data>
47641-<Data Name="RestrictedAdminMode">-</Data>
47642-<Data Name="TargetOutboundUserName">-</Data>
47643-<Data Name="TargetOutboundDomainName">-</Data>
47644-<Data Name="VirtualAccount">%%1843</Data>
47645-<Data Name="TargetLinkedLogonId">0x0000000000000000</Data>
47646-<Data Name="ElevatedToken">%%1842</Data>
47647-</EventData>
47648-</Event>
47649-
47650-<Event xmlns="http://schemas.microsoft.com/win/2004/08/events/event"><System><Provider Name="Microsoft-Windows-Security-Auditing" Guid="{54849625-5478-4994-a5ba-3e3b0328c30d}"></Provider>
47651:<EventID Qualifiers="">4624</EventID>
47652-<Version>2</Version>
47653-<Level>0</Level>
47654-<Task>12544</Task>
47655-<Opcode>0</Opcode>
47656-<Keywords>0x8020000000000000</Keywords>
47657-<TimeCreated SystemTime="2018-09-10 13:20:49.004292"></TimeCreated>
47658-<EventRecordID>244649</EventRecordID>
47659-<Correlation ActivityID="{71a9b66f-4900-0001-a8b6-a9710049d401}" RelatedActivityID=""></Correlation>
47660-<Execution ProcessID="664" ThreadID="848"></Execution>
47661-<Channel>Security</Channel>
47662-<Computer>WIN-KCON-EXCH16.EM.KRINGLECON.COM</Computer>
47663-<Security UserID=""></Security>
47664-</System>
47665-<EventData><Data Name="SubjectUserSid">S-1-0-0</Data>
47666-<Data Name="SubjectUserName">-</Data>
47667-<Data Name="SubjectDomainName">-</Data>
47668-<Data Name="SubjectLogonId">0x0000000000000000</Data>
47669-<Data Name="TargetUserSid">S-1-5-21-25059752-1411454016-2901770228-1134</Data>
47670-<Data Name="TargetUserName">HealthMailboxbe58608</Data>
47671-<Data Name="TargetDomainName">EM.KRINGLECON.COM</Data>
--
47676-<Data Name="WorkstationName">-</Data>
47677-<Data Name="LogonGuid">{66b54d86-4302-a414-4b44-b4078e2c002e}</Data>
47678-<Data Name="TransmittedServices">-</Data>
47679-<Data Name="LmPackageName">-</Data>
47680-<Data Name="KeyLength">0</Data>
47681-<Data Name="ProcessId">0x0000000000000000</Data>
47682-<Data Name="ProcessName">-</Data>
47683-<Data Name="IpAddress">127.0.0.1</Data>
47684-<Data Name="IpPort">14455</Data>
47685-<Data Name="ImpersonationLevel">%%1840</Data>
47686-<Data Name="RestrictedAdminMode">-</Data>
47687-<Data Name="TargetOutboundUserName">-</Data>
47688-<Data Name="TargetOutboundDomainName">-</Data>
47689-<Data Name="VirtualAccount">%%1843</Data>
47690-<Data Name="TargetLinkedLogonId">0x0000000000000000</Data>
47691-<Data Name="ElevatedToken">%%1842</Data>
47692-</EventData>
47693-</Event>
47694-
47695-<Event xmlns="http://schemas.microsoft.com/win/2004/08/events/event"><System><Provider Name="Microsoft-Windows-Security-Auditing" Guid="{54849625-5478-4994-a5ba-3e3b0328c30d}"></Provider>
47696:<EventID Qualifiers="">4624</EventID>
47697-<Version>2</Version>
47698-<Level>0</Level>
47699-<Task>12544</Task>
47700-<Opcode>0</Opcode>
47701-<Keywords>0x8020000000000000</Keywords>
47702-<TimeCreated SystemTime="2018-09-10 13:20:49.021011"></TimeCreated>
47703-<EventRecordID>244652</EventRecordID>
47704-<Correlation ActivityID="{71a9b66f-4900-0001-a8b6-a9710049d401}" RelatedActivityID=""></Correlation>
47705-<Execution ProcessID="664" ThreadID="848"></Execution>
47706-<Channel>Security</Channel>
47707-<Computer>WIN-KCON-EXCH16.EM.KRINGLECON.COM</Computer>
47708-<Security UserID=""></Security>
47709-</System>
47710-<EventData><Data Name="SubjectUserSid">S-1-0-0</Data>
47711-<Data Name="SubjectUserName">-</Data>
47712-<Data Name="SubjectDomainName">-</Data>
47713-<Data Name="SubjectLogonId">0x0000000000000000</Data>
47714-<Data Name="TargetUserSid">S-1-5-21-25059752-1411454016-2901770228-1134</Data>
47715-<Data Name="TargetUserName">HealthMailboxbe58608</Data>
47716-<Data Name="TargetDomainName">EM.KRINGLECON.COM</Data>
--
47721-<Data Name="WorkstationName">-</Data>
47722-<Data Name="LogonGuid">{66b54d86-4302-a414-4b44-b4078e2c002e}</Data>
47723-<Data Name="TransmittedServices">-</Data>
47724-<Data Name="LmPackageName">-</Data>
47725-<Data Name="KeyLength">0</Data>
47726-<Data Name="ProcessId">0x0000000000000000</Data>
47727-<Data Name="ProcessName">-</Data>
47728-<Data Name="IpAddress">-</Data>
47729-<Data Name="IpPort">-</Data>
47730-<Data Name="ImpersonationLevel">%%1840</Data>
47731-<Data Name="RestrictedAdminMode">-</Data>
47732-<Data Name="TargetOutboundUserName">-</Data>
47733-<Data Name="TargetOutboundDomainName">-</Data>
47734-<Data Name="VirtualAccount">%%1843</Data>
47735-<Data Name="TargetLinkedLogonId">0x0000000000000000</Data>
47736-<Data Name="ElevatedToken">%%1842</Data>
47737-</EventData>
47738-</Event>
47739-
47740-<Event xmlns="http://schemas.microsoft.com/win/2004/08/events/event"><System><Provider Name="Microsoft-Windows-Security-Auditing" Guid="{54849625-5478-4994-a5ba-3e3b0328c30d}"></Provider>
47741:<EventID Qualifiers="">4624</EventID>
47742-<Version>2</Version>
47743-<Level>0</Level>
47744-<Task>12544</Task>
47745-<Opcode>0</Opcode>
47746-<Keywords>0x8020000000000000</Keywords>
47747-<TimeCreated SystemTime="2018-09-10 13:21:00.443623"></TimeCreated>
47748-<EventRecordID>244672</EventRecordID>
47749-<Correlation ActivityID="{71a9b66f-4900-0001-a8b6-a9710049d401}" RelatedActivityID=""></Correlation>
47750-<Execution ProcessID="664" ThreadID="720"></Execution>
47751-<Channel>Security</Channel>
47752-<Computer>WIN-KCON-EXCH16.EM.KRINGLECON.COM</Computer>
47753-<Security UserID=""></Security>
47754-</System>
47755-<EventData><Data Name="SubjectUserSid">S-1-0-0</Data>
47756-<Data Name="SubjectUserName">-</Data>
47757-<Data Name="SubjectDomainName">-</Data>
47758-<Data Name="SubjectLogonId">0x0000000000000000</Data>
47759-<Data Name="TargetUserSid">S-1-5-21-25059752-1411454016-2901770228-1134</Data>
47760-<Data Name="TargetUserName">HealthMailboxbe58608</Data>
47761-<Data Name="TargetDomainName">EM.KRINGLECON.COM</Data>
--
47766-<Data Name="WorkstationName">-</Data>
47767-<Data Name="LogonGuid">{07b73b89-15b3-b7c4-e678-b6ee566f408f}</Data>
47768-<Data Name="TransmittedServices">-</Data>
47769-<Data Name="LmPackageName">-</Data>
47770-<Data Name="KeyLength">0</Data>
47771-<Data Name="ProcessId">0x0000000000000000</Data>
47772-<Data Name="ProcessName">-</Data>
47773-<Data Name="IpAddress">fe80::5efe:192.168.85.149</Data>
47774-<Data Name="IpPort">14470</Data>
47775-<Data Name="ImpersonationLevel">%%1840</Data>
47776-<Data Name="RestrictedAdminMode">-</Data>
47777-<Data Name="TargetOutboundUserName">-</Data>
47778-<Data Name="TargetOutboundDomainName">-</Data>
47779-<Data Name="VirtualAccount">%%1843</Data>
47780-<Data Name="TargetLinkedLogonId">0x0000000000000000</Data>
47781-<Data Name="ElevatedToken">%%1842</Data>
47782-</EventData>
47783-</Event>
47784-
47785-<Event xmlns="http://schemas.microsoft.com/win/2004/08/events/event"><System><Provider Name="Microsoft-Windows-Security-Auditing" Guid="{54849625-5478-4994-a5ba-3e3b0328c30d}"></Provider>
47786:<EventID Qualifiers="">4624</EventID>
47787-<Version>2</Version>
47788-<Level>0</Level>
47789-<Task>12544</Task>
47790-<Opcode>0</Opcode>
47791-<Keywords>0x8020000000000000</Keywords>
47792-<TimeCreated SystemTime="2018-09-10 13:21:00.490448"></TimeCreated>
47793-<EventRecordID>244688</EventRecordID>
47794-<Correlation ActivityID="{71a9b66f-4900-0001-a8b6-a9710049d401}" RelatedActivityID=""></Correlation>
47795-<Execution ProcessID="664" ThreadID="852"></Execution>
47796-<Channel>Security</Channel>
47797-<Computer>WIN-KCON-EXCH16.EM.KRINGLECON.COM</Computer>
47798-<Security UserID=""></Security>
47799-</System>
47800-<EventData><Data Name="SubjectUserSid">S-1-0-0</Data>
47801-<Data Name="SubjectUserName">-</Data>
47802-<Data Name="SubjectDomainName">-</Data>
47803-<Data Name="SubjectLogonId">0x0000000000000000</Data>
47804-<Data Name="TargetUserSid">S-1-5-21-25059752-1411454016-2901770228-1134</Data>
47805-<Data Name="TargetUserName">HealthMailboxbe58608</Data>
47806-<Data Name="TargetDomainName">EM.KRINGLECON.COM</Data>
--
47811-<Data Name="WorkstationName">-</Data>
47812-<Data Name="LogonGuid">{66b54d86-4302-a414-4b44-b4078e2c002e}</Data>
47813-<Data Name="TransmittedServices">-</Data>
47814-<Data Name="LmPackageName">-</Data>
47815-<Data Name="KeyLength">0</Data>
47816-<Data Name="ProcessId">0x0000000000000000</Data>
47817-<Data Name="ProcessName">-</Data>
47818-<Data Name="IpAddress">fe80::107e:3fd:3f57:aa6a</Data>
47819-<Data Name="IpPort">14471</Data>
47820-<Data Name="ImpersonationLevel">%%1840</Data>
47821-<Data Name="RestrictedAdminMode">-</Data>
47822-<Data Name="TargetOutboundUserName">-</Data>
47823-<Data Name="TargetOutboundDomainName">-</Data>
47824-<Data Name="VirtualAccount">%%1843</Data>
47825-<Data Name="TargetLinkedLogonId">0x0000000000000000</Data>
47826-<Data Name="ElevatedToken">%%1842</Data>
47827-</EventData>
47828-</Event>
47829-
47830-<Event xmlns="http://schemas.microsoft.com/win/2004/08/events/event"><System><Provider Name="Microsoft-Windows-Security-Auditing" Guid="{54849625-5478-4994-a5ba-3e3b0328c30d}"></Provider>
47831:<EventID Qualifiers="">4624</EventID>
47832-<Version>2</Version>
47833-<Level>0</Level>
47834-<Task>12544</Task>
47835-<Opcode>0</Opcode>
47836-<Keywords>0x8020000000000000</Keywords>
47837-<TimeCreated SystemTime="2018-09-10 13:21:00.523914"></TimeCreated>
47838-<EventRecordID>244693</EventRecordID>
47839-<Correlation ActivityID="{71a9b66f-4900-0001-a8b6-a9710049d401}" RelatedActivityID=""></Correlation>
47840-<Execution ProcessID="664" ThreadID="852"></Execution>
47841-<Channel>Security</Channel>
47842-<Computer>WIN-KCON-EXCH16.EM.KRINGLECON.COM</Computer>
47843-<Security UserID=""></Security>
47844-</System>
47845-<EventData><Data Name="SubjectUserSid">S-1-0-0</Data>
47846-<Data Name="SubjectUserName">-</Data>
47847-<Data Name="SubjectDomainName">-</Data>
47848-<Data Name="SubjectLogonId">0x0000000000000000</Data>
47849-<Data Name="TargetUserSid">S-1-5-21-25059752-1411454016-2901770228-1134</Data>
47850-<Data Name="TargetUserName">HealthMailboxbe58608</Data>
47851-<Data Name="TargetDomainName">EM.KRINGLECON.COM</Data>
--
47856-<Data Name="WorkstationName">-</Data>
47857-<Data Name="LogonGuid">{66b54d86-4302-a414-4b44-b4078e2c002e}</Data>
47858-<Data Name="TransmittedServices">-</Data>
47859-<Data Name="LmPackageName">-</Data>
47860-<Data Name="KeyLength">0</Data>
47861-<Data Name="ProcessId">0x0000000000000000</Data>
47862-<Data Name="ProcessName">-</Data>
47863-<Data Name="IpAddress">169.254.202.186</Data>
47864-<Data Name="IpPort">14472</Data>
47865-<Data Name="ImpersonationLevel">%%1840</Data>
47866-<Data Name="RestrictedAdminMode">-</Data>
47867-<Data Name="TargetOutboundUserName">-</Data>
47868-<Data Name="TargetOutboundDomainName">-</Data>
47869-<Data Name="VirtualAccount">%%1843</Data>
47870-<Data Name="TargetLinkedLogonId">0x0000000000000000</Data>
47871-<Data Name="ElevatedToken">%%1842</Data>
47872-</EventData>
47873-</Event>
47874-
47875-<Event xmlns="http://schemas.microsoft.com/win/2004/08/events/event"><System><Provider Name="Microsoft-Windows-Security-Auditing" Guid="{54849625-5478-4994-a5ba-3e3b0328c30d}"></Provider>
47876:<EventID Qualifiers="">4624</EventID>
47877-<Version>2</Version>
47878-<Level>0</Level>
47879-<Task>12544</Task>
47880-<Opcode>0</Opcode>
47881-<Keywords>0x8020000000000000</Keywords>
47882-<TimeCreated SystemTime="2018-09-10 13:21:02.783472"></TimeCreated>
47883-<EventRecordID>244700</EventRecordID>
47884-<Correlation ActivityID="{71a9b66f-4900-0001-a8b6-a9710049d401}" RelatedActivityID=""></Correlation>
47885-<Execution ProcessID="664" ThreadID="720"></Execution>
47886-<Channel>Security</Channel>
47887-<Computer>WIN-KCON-EXCH16.EM.KRINGLECON.COM</Computer>
47888-<Security UserID=""></Security>
47889-</System>
47890-<EventData><Data Name="SubjectUserSid">S-1-0-0</Data>
47891-<Data Name="SubjectUserName">-</Data>
47892-<Data Name="SubjectDomainName">-</Data>
47893-<Data Name="SubjectLogonId">0x0000000000000000</Data>
47894-<Data Name="TargetUserSid">S-1-5-21-25059752-1411454016-2901770228-1134</Data>
47895-<Data Name="TargetUserName">HealthMailboxbe58608</Data>
47896-<Data Name="TargetDomainName">EM.KRINGLECON.COM</Data>
--
47901-<Data Name="WorkstationName">-</Data>
47902-<Data Name="LogonGuid">{66b54d86-4302-a414-4b44-b4078e2c002e}</Data>
47903-<Data Name="TransmittedServices">-</Data>
47904-<Data Name="LmPackageName">-</Data>
47905-<Data Name="KeyLength">0</Data>
47906-<Data Name="ProcessId">0x0000000000000000</Data>
47907-<Data Name="ProcessName">-</Data>
47908-<Data Name="IpAddress">127.0.0.1</Data>
47909-<Data Name="IpPort">14475</Data>
47910-<Data Name="ImpersonationLevel">%%1840</Data>
47911-<Data Name="RestrictedAdminMode">-</Data>
47912-<Data Name="TargetOutboundUserName">-</Data>
47913-<Data Name="TargetOutboundDomainName">-</Data>
47914-<Data Name="VirtualAccount">%%1843</Data>
47915-<Data Name="TargetLinkedLogonId">0x0000000000000000</Data>
47916-<Data Name="ElevatedToken">%%1842</Data>
47917-</EventData>
47918-</Event>
47919-
47920-<Event xmlns="http://schemas.microsoft.com/win/2004/08/events/event"><System><Provider Name="Microsoft-Windows-Security-Auditing" Guid="{54849625-5478-4994-a5ba-3e3b0328c30d}"></Provider>
47921:<EventID Qualifiers="">4624</EventID>
47922-<Version>2</Version>
47923-<Level>0</Level>
47924-<Task>12544</Task>
47925-<Opcode>0</Opcode>
47926-<Keywords>0x8020000000000000</Keywords>
47927-<TimeCreated SystemTime="2018-09-10 13:21:28.137331"></TimeCreated>
47928-<EventRecordID>244719</EventRecordID>
47929-<Correlation ActivityID="{71a9b66f-4900-0001-a8b6-a9710049d401}" RelatedActivityID=""></Correlation>
47930-<Execution ProcessID="664" ThreadID="720"></Execution>
47931-<Channel>Security</Channel>
47932-<Computer>WIN-KCON-EXCH16.EM.KRINGLECON.COM</Computer>
47933-<Security UserID=""></Security>
47934-</System>
47935-<EventData><Data Name="SubjectUserSid">S-1-0-0</Data>
47936-<Data Name="SubjectUserName">-</Data>
47937-<Data Name="SubjectDomainName">-</Data>
47938-<Data Name="SubjectLogonId">0x0000000000000000</Data>
47939-<Data Name="TargetUserSid">S-1-5-21-25059752-1411454016-2901770228-1134</Data>
47940-<Data Name="TargetUserName">HealthMailboxbe58608</Data>
47941-<Data Name="TargetDomainName">EM.KRINGLECON.COM</Data>
--
47946-<Data Name="WorkstationName">-</Data>
47947-<Data Name="LogonGuid">{66b54d86-4302-a414-4b44-b4078e2c002e}</Data>
47948-<Data Name="TransmittedServices">-</Data>
47949-<Data Name="LmPackageName">-</Data>
47950-<Data Name="KeyLength">0</Data>
47951-<Data Name="ProcessId">0x0000000000000000</Data>
47952-<Data Name="ProcessName">-</Data>
47953-<Data Name="IpAddress">127.0.0.1</Data>
47954-<Data Name="IpPort">14498</Data>
47955-<Data Name="ImpersonationLevel">%%1840</Data>
47956-<Data Name="RestrictedAdminMode">-</Data>
47957-<Data Name="TargetOutboundUserName">-</Data>
47958-<Data Name="TargetOutboundDomainName">-</Data>
47959-<Data Name="VirtualAccount">%%1843</Data>
47960-<Data Name="TargetLinkedLogonId">0x0000000000000000</Data>
47961-<Data Name="ElevatedToken">%%1842</Data>
47962-</EventData>
47963-</Event>
47964-
47965-<Event xmlns="http://schemas.microsoft.com/win/2004/08/events/event"><System><Provider Name="Microsoft-Windows-Security-Auditing" Guid="{54849625-5478-4994-a5ba-3e3b0328c30d}"></Provider>
47966:<EventID Qualifiers="">4624</EventID>
47967-<Version>2</Version>
47968-<Level>0</Level>
47969-<Task>12544</Task>
47970-<Opcode>0</Opcode>
47971-<Keywords>0x8020000000000000</Keywords>
47972-<TimeCreated SystemTime="2018-09-10 13:21:31.686663"></TimeCreated>
47973-<EventRecordID>244722</EventRecordID>
47974-<Correlation ActivityID="{71a9b66f-4900-0001-a8b6-a9710049d401}" RelatedActivityID=""></Correlation>
47975-<Execution ProcessID="664" ThreadID="848"></Execution>
47976-<Channel>Security</Channel>
47977-<Computer>WIN-KCON-EXCH16.EM.KRINGLECON.COM</Computer>
47978-<Security UserID=""></Security>
47979-</System>
47980-<EventData><Data Name="SubjectUserSid">S-1-0-0</Data>
47981-<Data Name="SubjectUserName">-</Data>
47982-<Data Name="SubjectDomainName">-</Data>
47983-<Data Name="SubjectLogonId">0x0000000000000000</Data>
47984-<Data Name="TargetUserSid">S-1-5-21-25059752-1411454016-2901770228-1134</Data>
47985-<Data Name="TargetUserName">HealthMailboxbe58608</Data>
47986-<Data Name="TargetDomainName">EM.KRINGLECON.COM</Data>
--
47991-<Data Name="WorkstationName">-</Data>
47992-<Data Name="LogonGuid">{66b54d86-4302-a414-4b44-b4078e2c002e}</Data>
47993-<Data Name="TransmittedServices">-</Data>
47994-<Data Name="LmPackageName">-</Data>
47995-<Data Name="KeyLength">0</Data>
47996-<Data Name="ProcessId">0x0000000000000000</Data>
47997-<Data Name="ProcessName">-</Data>
47998-<Data Name="IpAddress">::1</Data>
47999-<Data Name="IpPort">14501</Data>
48000-<Data Name="ImpersonationLevel">%%1840</Data>
48001-<Data Name="RestrictedAdminMode">-</Data>
48002-<Data Name="TargetOutboundUserName">-</Data>
48003-<Data Name="TargetOutboundDomainName">-</Data>
48004-<Data Name="VirtualAccount">%%1843</Data>
48005-<Data Name="TargetLinkedLogonId">0x0000000000000000</Data>
48006-<Data Name="ElevatedToken">%%1842</Data>
48007-</EventData>
48008-</Event>
48009-
48010-<Event xmlns="http://schemas.microsoft.com/win/2004/08/events/event"><System><Provider Name="Microsoft-Windows-Security-Auditing" Guid="{54849625-5478-4994-a5ba-3e3b0328c30d}"></Provider>
48011:<EventID Qualifiers="">4624</EventID>
48012-<Version>2</Version>
48013-<Level>0</Level>
48014-<Task>12544</Task>
48015-<Opcode>0</Opcode>
48016-<Keywords>0x8020000000000000</Keywords>
48017-<TimeCreated SystemTime="2018-09-10 13:21:42.513912"></TimeCreated>
48018-<EventRecordID>244744</EventRecordID>
48019-<Correlation ActivityID="{71a9b66f-4900-0001-a8b6-a9710049d401}" RelatedActivityID=""></Correlation>
48020-<Execution ProcessID="664" ThreadID="852"></Execution>
48021-<Channel>Security</Channel>
48022-<Computer>WIN-KCON-EXCH16.EM.KRINGLECON.COM</Computer>
48023-<Security UserID=""></Security>
48024-</System>
48025-<EventData><Data Name="SubjectUserSid">S-1-0-0</Data>
48026-<Data Name="SubjectUserName">-</Data>
48027-<Data Name="SubjectDomainName">-</Data>
48028-<Data Name="SubjectLogonId">0x0000000000000000</Data>
48029-<Data Name="TargetUserSid">S-1-5-21-25059752-1411454016-2901770228-1134</Data>
48030-<Data Name="TargetUserName">HealthMailboxbe58608</Data>
48031-<Data Name="TargetDomainName">EM.KRINGLECON.COM</Data>
--
48058-<Level>0</Level>
48059-<Task>14336</Task>
48060-<Opcode>0</Opcode>
48061-<Keywords>0x8020000000000000</Keywords>
48062-<TimeCreated SystemTime="2018-09-10 13:21:45.229626"></TimeCreated>
48063-<EventRecordID>244756</EventRecordID>
48064-<Correlation ActivityID="" RelatedActivityID=""></Correlation>
48065-<Execution ProcessID="664" ThreadID="12152"></Execution>
48066-<Channel>Security</Channel>
48067-<Computer>WIN-KCON-EXCH16.EM.KRINGLECON.COM</Computer>
48068-<Security UserID=""></Security>
48069-</System>
48070-<EventData><Data Name="PackageName">MICROSOFT_AUTHENTICATION_PACKAGE_V1_0</Data>
48071-<Data Name="TargetUserName">HealthMailboxbe58608d4925422d8e4ea458cfedc612@EM.KRINGLECON.COM</Data>
48072-<Data Name="Workstation">WIN-KCON-EXCH16</Data>
48073-<Data Name="Status">0x00000000</Data>
48074-</EventData>
48075-</Event>
48076-
48077-<Event xmlns="http://schemas.microsoft.com/win/2004/08/events/event"><System><Provider Name="Microsoft-Windows-Security-Auditing" Guid="{54849625-5478-4994-a5ba-3e3b0328c30d}"></Provider>
48078:<EventID Qualifiers="">4624</EventID>
48079-<Version>2</Version>
48080-<Level>0</Level>
48081-<Task>12544</Task>
48082-<Opcode>0</Opcode>
48083-<Keywords>0x8020000000000000</Keywords>
48084-<TimeCreated SystemTime="2018-09-10 13:21:45.262621"></TimeCreated>
48085-<EventRecordID>244757</EventRecordID>
48086-<Correlation ActivityID="" RelatedActivityID=""></Correlation>
48087-<Execution ProcessID="664" ThreadID="12152"></Execution>
48088-<Channel>Security</Channel>
48089-<Computer>WIN-KCON-EXCH16.EM.KRINGLECON.COM</Computer>
48090-<Security UserID=""></Security>
48091-</System>
48092-<EventData><Data Name="SubjectUserSid">S-1-0-0</Data>
48093-<Data Name="SubjectUserName">-</Data>
48094-<Data Name="SubjectDomainName">-</Data>
48095-<Data Name="SubjectLogonId">0x0000000000000000</Data>
48096-<Data Name="TargetUserSid">S-1-5-21-25059752-1411454016-2901770228-1134</Data>
48097-<Data Name="TargetUserName">HealthMailboxbe58608</Data>
48098-<Data Name="TargetDomainName">EM.KRINGLECON</Data>
--
48125-<Level>0</Level>
48126-<Task>14336</Task>
48127-<Opcode>0</Opcode>
48128-<Keywords>0x8020000000000000</Keywords>
48129-<TimeCreated SystemTime="2018-09-10 13:21:48.112225"></TimeCreated>
48130-<EventRecordID>244771</EventRecordID>
48131-<Correlation ActivityID="" RelatedActivityID=""></Correlation>
48132-<Execution ProcessID="664" ThreadID="852"></Execution>
48133-<Channel>Security</Channel>
48134-<Computer>WIN-KCON-EXCH16.EM.KRINGLECON.COM</Computer>
48135-<Security UserID=""></Security>
48136-</System>
48137-<EventData><Data Name="PackageName">MICROSOFT_AUTHENTICATION_PACKAGE_V1_0</Data>
48138-<Data Name="TargetUserName">HealthMailboxbe58608d4925422d8e4ea458cfedc612@EM.KRINGLECON.COM</Data>
48139-<Data Name="Workstation">WIN-KCON-EXCH16</Data>
48140-<Data Name="Status">0x00000000</Data>
48141-</EventData>
48142-</Event>
