49449-
49450-<Event xmlns="http://schemas.microsoft.com/win/2004/08/events/event"><System><Provider Name="Microsoft-Windows-Security-Auditing" Guid="{54849625-5478-4994-a5ba-3e3b0328c30d}"></Provider>
49451:<EventID Qualifiers="">4624</EventID>
49452-<Version>2</Version>
49453-<Level>0</Level>
49454-<Task>12544</Task>
49455-<Opcode>0</Opcode>
49456-<Keywords>0x8020000000000000</Keywords>
49457-<TimeCreated SystemTime="2018-09-10 13:23:06.535488"></TimeCreated>
49458-<EventRecordID>245039</EventRecordID>
49459-<Correlation ActivityID="{71a9b66f-4900-0001-a8b6-a9710049d401}" RelatedActivityID=""></Correlation>
49460-<Execution ProcessID="664" ThreadID="720"></Execution>
49461-<Channel>Security</Channel>
49462-<Computer>WIN-KCON-EXCH16.EM.KRINGLECON.COM</Computer>
49463-<Security UserID=""></Security>
49464-</System>
49465-<EventData><Data Name="SubjectUserSid">S-1-0-0</Data>
49466-<Data Name="SubjectUserName">-</Data>
49467-<Data Name="SubjectDomainName">-</Data>
49468-<Data Name="SubjectLogonId">0x0000000000000000</Data>
49469-<Data Name="TargetUserSid">S-1-5-21-25059752-1411454016-2901770228-1134</Data>
49470-<Data Name="TargetUserName">HealthMailboxbe58608</Data>
49471-<Data Name="TargetDomainName">EM.KRINGLECON.COM</Data>
--
49476-<Data Name="WorkstationName">-</Data>
49477-<Data Name="LogonGuid">{07b73b89-15b3-b7c4-e678-b6ee566f408f}</Data>
49478-<Data Name="TransmittedServices">-</Data>
49479-<Data Name="LmPackageName">-</Data>
49480-<Data Name="KeyLength">0</Data>
49481-<Data Name="ProcessId">0x0000000000000000</Data>
49482-<Data Name="ProcessName">-</Data>
49483-<Data Name="IpAddress">fe80::b0d8:bf3b:51aa:caba</Data>
49484-<Data Name="IpPort">14694</Data>
49485-<Data Name="ImpersonationLevel">%%1840</Data>
49486-<Data Name="RestrictedAdminMode">-</Data>
49487-<Data Name="TargetOutboundUserName">-</Data>
49488-<Data Name="TargetOutboundDomainName">-</Data>
49489-<Data Name="VirtualAccount">%%1843</Data>
49490-<Data Name="TargetLinkedLogonId">0x0000000000000000</Data>
49491-<Data Name="ElevatedToken">%%1842</Data>
49492-</EventData>
49493-</Event>
49494-
49495-<Event xmlns="http://schemas.microsoft.com/win/2004/08/events/event"><System><Provider Name="Microsoft-Windows-Security-Auditing" Guid="{54849625-5478-4994-a5ba-3e3b0328c30d}"></Provider>
49496:<EventID Qualifiers="">4624</EventID>
49497-<Version>2</Version>
49498-<Level>0</Level>
49499-<Task>12544</Task>
49500-<Opcode>0</Opcode>
49501-<Keywords>0x8020000000000000</Keywords>
49502-<TimeCreated SystemTime="2018-09-10 13:23:06.563824"></TimeCreated>
49503-<EventRecordID>245044</EventRecordID>
49504-<Correlation ActivityID="{71a9b66f-4900-0001-a8b6-a9710049d401}" RelatedActivityID=""></Correlation>
49505-<Execution ProcessID="664" ThreadID="720"></Execution>
49506-<Channel>Security</Channel>
49507-<Computer>WIN-KCON-EXCH16.EM.KRINGLECON.COM</Computer>
49508-<Security UserID=""></Security>
49509-</System>
49510-<EventData><Data Name="SubjectUserSid">S-1-0-0</Data>
49511-<Data Name="SubjectUserName">-</Data>
49512-<Data Name="SubjectDomainName">-</Data>
49513-<Data Name="SubjectLogonId">0x0000000000000000</Data>
49514-<Data Name="TargetUserSid">S-1-5-21-25059752-1411454016-2901770228-1134</Data>
49515-<Data Name="TargetUserName">HealthMailboxbe58608</Data>
49516-<Data Name="TargetDomainName">EM.KRINGLECON.COM</Data>
--
49521-<Data Name="WorkstationName">-</Data>
49522-<Data Name="LogonGuid">{66b54d86-4302-a414-4b44-b4078e2c002e}</Data>
49523-<Data Name="TransmittedServices">-</Data>
49524-<Data Name="LmPackageName">-</Data>
49525-<Data Name="KeyLength">0</Data>
49526-<Data Name="ProcessId">0x0000000000000000</Data>
49527-<Data Name="ProcessName">-</Data>
49528-<Data Name="IpAddress">fe80::3085:5155:bb47:8b3e</Data>
49529-<Data Name="IpPort">14696</Data>
49530-<Data Name="ImpersonationLevel">%%1840</Data>
49531-<Data Name="RestrictedAdminMode">-</Data>
49532-<Data Name="TargetOutboundUserName">-</Data>
49533-<Data Name="TargetOutboundDomainName">-</Data>
49534-<Data Name="VirtualAccount">%%1843</Data>
49535-<Data Name="TargetLinkedLogonId">0x0000000000000000</Data>
49536-<Data Name="ElevatedToken">%%1842</Data>
49537-</EventData>
49538-</Event>
49539-
49540-<Event xmlns="http://schemas.microsoft.com/win/2004/08/events/event"><System><Provider Name="Microsoft-Windows-Security-Auditing" Guid="{54849625-5478-4994-a5ba-3e3b0328c30d}"></Provider>
49541:<EventID Qualifiers="">4624</EventID>
49542-<Version>2</Version>
49543-<Level>0</Level>
49544-<Task>12544</Task>
49545-<Opcode>0</Opcode>
49546-<Keywords>0x8020000000000000</Keywords>
49547-<TimeCreated SystemTime="2018-09-10 13:23:06.580412"></TimeCreated>
49548-<EventRecordID>245049</EventRecordID>
49549-<Correlation ActivityID="{71a9b66f-4900-0001-a8b6-a9710049d401}" RelatedActivityID=""></Correlation>
49550-<Execution ProcessID="664" ThreadID="15576"></Execution>
49551-<Channel>Security</Channel>
49552-<Computer>WIN-KCON-EXCH16.EM.KRINGLECON.COM</Computer>
49553-<Security UserID=""></Security>
49554-</System>
49555-<EventData><Data Name="SubjectUserSid">S-1-0-0</Data>
49556-<Data Name="SubjectUserName">-</Data>
49557-<Data Name="SubjectDomainName">-</Data>
49558-<Data Name="SubjectLogonId">0x0000000000000000</Data>
49559-<Data Name="TargetUserSid">S-1-5-21-25059752-1411454016-2901770228-1134</Data>
49560-<Data Name="TargetUserName">HealthMailboxbe58608</Data>
49561-<Data Name="TargetDomainName">EM.KRINGLECON.COM</Data>
--
49595-<Execution ProcessID="664" ThreadID="15576"></Execution>
49596-<Channel>Security</Channel>
49597-<Computer>WIN-KCON-EXCH16.EM.KRINGLECON.COM</Computer>
49598-<Security UserID=""></Security>
49599-</System>
49600-<EventData><Data Name="TargetUserName">WIN-KCON-EXCH16$@EM.KRINGLECON.COM</Data>
49601-<Data Name="TargetDomainName">EM.KRINGLECON.COM</Data>
49602-<Data Name="ServiceName">WIN-KCON-EXCH16$</Data>
49603-<Data Name="ServiceSid">S-1-5-21-25059752-1411454016-2901770228-1000</Data>
49604-<Data Name="TicketOptions">0x40810000</Data>
49605-<Data Name="TicketEncryptionType">0x00000012</Data>
49606-<Data Name="IpAddress">::1</Data>
49607-<Data Name="IpPort">0</Data>
49608-<Data Name="Status">0x00000000</Data>
49609-<Data Name="LogonGuid">{f82229ef-be4f-e5b6-6870-9dc0d8ddf00a}</Data>
49610-<Data Name="TransmittedServices">-</Data>
49611-</EventData>
49612-</Event>
49613-
49614-<Event xmlns="http://schemas.microsoft.com/win/2004/08/events/event"><System><Provider Name="Microsoft-Windows-Security-Auditing" Guid="{54849625-5478-4994-a5ba-3e3b0328c30d}"></Provider>
49615:<EventID Qualifiers="">4624</EventID>
49616-<Version>2</Version>
49617-<Level>0</Level>
49618-<Task>12544</Task>
49619-<Opcode>0</Opcode>
49620-<Keywords>0x8020000000000000</Keywords>
49621-<TimeCreated SystemTime="2018-09-10 13:23:14.975956"></TimeCreated>
49622-<EventRecordID>245055</EventRecordID>
49623-<Correlation ActivityID="" RelatedActivityID=""></Correlation>
49624-<Execution ProcessID="664" ThreadID="15576"></Execution>
49625-<Channel>Security</Channel>
49626-<Computer>WIN-KCON-EXCH16.EM.KRINGLECON.COM</Computer>
49627-<Security UserID=""></Security>
49628-</System>
49629-<EventData><Data Name="SubjectUserSid">S-1-5-18</Data>
49630-<Data Name="SubjectUserName">WIN-KCON-EXCH16$</Data>
49631-<Data Name="SubjectDomainName">EM.KRINGLECON</Data>
49632-<Data Name="SubjectLogonId">0x00000000000003e7</Data>
49633-<Data Name="TargetUserSid">S-1-5-21-25059752-1411454016-2901770228-1133</Data>
49634-<Data Name="TargetUserName">HealthMailboxbab78a6</Data>
49635-<Data Name="TargetDomainName">EM.KRINGLECON</Data>
--
49640-<Data Name="WorkstationName">WIN-KCON-EXCH16</Data>
49641-<Data Name="LogonGuid">{300f638b-1ce7-40d3-2446-126b9bc6959f}</Data>
49642-<Data Name="TransmittedServices">-</Data>
49643-<Data Name="LmPackageName">-</Data>
49644-<Data Name="KeyLength">0</Data>
49645-<Data Name="ProcessId">0x0000000000002494</Data>
49646-<Data Name="ProcessName">C:\Program Files\Microsoft\Exchange Server\V15\Bin\MSExchangeHMWorker.exe</Data>
49647-<Data Name="IpAddress">-</Data>
49648-<Data Name="IpPort">-</Data>
49649-<Data Name="ImpersonationLevel">%%1833</Data>
49650-<Data Name="RestrictedAdminMode">-</Data>
49651-<Data Name="TargetOutboundUserName">-</Data>
49652-<Data Name="TargetOutboundDomainName">-</Data>
49653-<Data Name="VirtualAccount">%%1843</Data>
49654-<Data Name="TargetLinkedLogonId">0x0000000000000000</Data>
49655-<Data Name="ElevatedToken">%%1842</Data>
49656-</EventData>
49657-</Event>
49658-
49659-<Event xmlns="http://schemas.microsoft.com/win/2004/08/events/event"><System><Provider Name="Microsoft-Windows-Security-Auditing" Guid="{54849625-5478-4994-a5ba-3e3b0328c30d}"></Provider>
49660:<EventID Qualifiers="">4624</EventID>
49661-<Version>2</Version>
49662-<Level>0</Level>
49663-<Task>12544</Task>
49664-<Opcode>0</Opcode>
49665-<Keywords>0x8020000000000000</Keywords>
49666-<TimeCreated SystemTime="2018-09-10 13:23:28.308178"></TimeCreated>
49667-<EventRecordID>245099</EventRecordID>
49668-<Correlation ActivityID="{71a9b66f-4900-0001-a8b6-a9710049d401}" RelatedActivityID=""></Correlation>
49669-<Execution ProcessID="664" ThreadID="15576"></Execution>
49670-<Channel>Security</Channel>
49671-<Computer>WIN-KCON-EXCH16.EM.KRINGLECON.COM</Computer>
49672-<Security UserID=""></Security>
49673-</System>
49674-<EventData><Data Name="SubjectUserSid">S-1-0-0</Data>
49675-<Data Name="SubjectUserName">-</Data>
49676-<Data Name="SubjectDomainName">-</Data>
49677-<Data Name="SubjectLogonId">0x0000000000000000</Data>
49678-<Data Name="TargetUserSid">S-1-5-21-25059752-1411454016-2901770228-1134</Data>
49679-<Data Name="TargetUserName">HealthMailboxbe58608</Data>
49680-<Data Name="TargetDomainName">EM.KRINGLECON.COM</Data>
--
49685-<Data Name="WorkstationName">-</Data>
49686-<Data Name="LogonGuid">{07b73b89-15b3-b7c4-e678-b6ee566f408f}</Data>
49687-<Data Name="TransmittedServices">-</Data>
49688-<Data Name="LmPackageName">-</Data>
49689-<Data Name="KeyLength">0</Data>
49690-<Data Name="ProcessId">0x0000000000000000</Data>
49691-<Data Name="ProcessName">-</Data>
49692-<Data Name="IpAddress">::1</Data>
49693-<Data Name="IpPort">14728</Data>
49694-<Data Name="ImpersonationLevel">%%1840</Data>
49695-<Data Name="RestrictedAdminMode">-</Data>
49696-<Data Name="TargetOutboundUserName">-</Data>
49697-<Data Name="TargetOutboundDomainName">-</Data>
49698-<Data Name="VirtualAccount">%%1843</Data>
49699-<Data Name="TargetLinkedLogonId">0x0000000000000000</Data>
49700-<Data Name="ElevatedToken">%%1842</Data>
49701-</EventData>
49702-</Event>
49703-
49704-<Event xmlns="http://schemas.microsoft.com/win/2004/08/events/event"><System><Provider Name="Microsoft-Windows-Security-Auditing" Guid="{54849625-5478-4994-a5ba-3e3b0328c30d}"></Provider>
49705:<EventID Qualifiers="">4624</EventID>
49706-<Version>2</Version>
49707-<Level>0</Level>
49708-<Task>12544</Task>
49709-<Opcode>0</Opcode>
49710-<Keywords>0x8020000000000000</Keywords>
49711-<TimeCreated SystemTime="2018-09-10 13:23:31.923296"></TimeCreated>
49712-<EventRecordID>245123</EventRecordID>
49713-<Correlation ActivityID="{71a9b66f-4900-0001-a8b6-a9710049d401}" RelatedActivityID=""></Correlation>
49714-<Execution ProcessID="664" ThreadID="12864"></Execution>
49715-<Channel>Security</Channel>
49716-<Computer>WIN-KCON-EXCH16.EM.KRINGLECON.COM</Computer>
49717-<Security UserID=""></Security>
49718-</System>
49719-<EventData><Data Name="SubjectUserSid">S-1-0-0</Data>
49720-<Data Name="SubjectUserName">-</Data>
49721-<Data Name="SubjectDomainName">-</Data>
49722-<Data Name="SubjectLogonId">0x0000000000000000</Data>
49723-<Data Name="TargetUserSid">S-1-5-21-25059752-1411454016-2901770228-1134</Data>
49724-<Data Name="TargetUserName">HealthMailboxbe58608</Data>
49725-<Data Name="TargetDomainName">EM.KRINGLECON.COM</Data>
--
49730-<Data Name="WorkstationName">-</Data>
49731-<Data Name="LogonGuid">{07b73b89-15b3-b7c4-e678-b6ee566f408f}</Data>
49732-<Data Name="TransmittedServices">-</Data>
49733-<Data Name="LmPackageName">-</Data>
49734-<Data Name="KeyLength">0</Data>
49735-<Data Name="ProcessId">0x0000000000000000</Data>
49736-<Data Name="ProcessName">-</Data>
49737-<Data Name="IpAddress">127.0.0.1</Data>
49738-<Data Name="IpPort">14739</Data>
49739-<Data Name="ImpersonationLevel">%%1840</Data>
49740-<Data Name="RestrictedAdminMode">-</Data>
49741-<Data Name="TargetOutboundUserName">-</Data>
49742-<Data Name="TargetOutboundDomainName">-</Data>
49743-<Data Name="VirtualAccount">%%1843</Data>
49744-<Data Name="TargetLinkedLogonId">0x0000000000000000</Data>
49745-<Data Name="ElevatedToken">%%1842</Data>
49746-</EventData>
49747-</Event>
49748-
49749-<Event xmlns="http://schemas.microsoft.com/win/2004/08/events/event"><System><Provider Name="Microsoft-Windows-Security-Auditing" Guid="{54849625-5478-4994-a5ba-3e3b0328c30d}"></Provider>
49750:<EventID Qualifiers="">4624</EventID>
49751-<Version>2</Version>
49752-<Level>0</Level>
49753-<Task>12544</Task>
49754-<Opcode>0</Opcode>
49755-<Keywords>0x8020000000000000</Keywords>
49756-<TimeCreated SystemTime="2018-09-10 13:23:42.660311"></TimeCreated>
49757-<EventRecordID>245148</EventRecordID>
49758-<Correlation ActivityID="{71a9b66f-4900-0001-a8b6-a9710049d401}" RelatedActivityID=""></Correlation>
49759-<Execution ProcessID="664" ThreadID="15576"></Execution>
49760-<Channel>Security</Channel>
49761-<Computer>WIN-KCON-EXCH16.EM.KRINGLECON.COM</Computer>
49762-<Security UserID=""></Security>
49763-</System>
49764-<EventData><Data Name="SubjectUserSid">S-1-0-0</Data>
49765-<Data Name="SubjectUserName">-</Data>
49766-<Data Name="SubjectDomainName">-</Data>
49767-<Data Name="SubjectLogonId">0x0000000000000000</Data>
49768-<Data Name="TargetUserSid">S-1-5-21-25059752-1411454016-2901770228-1134</Data>
49769-<Data Name="TargetUserName">HealthMailboxbe58608</Data>
49770-<Data Name="TargetDomainName">EM.KRINGLECON.COM</Data>
--
49775-<Data Name="WorkstationName">-</Data>
49776-<Data Name="LogonGuid">{66b54d86-4302-a414-4b44-b4078e2c002e}</Data>
49777-<Data Name="TransmittedServices">-</Data>
49778-<Data Name="LmPackageName">-</Data>
49779-<Data Name="KeyLength">0</Data>
49780-<Data Name="ProcessId">0x0000000000000000</Data>
49781-<Data Name="ProcessName">-</Data>
49782-<Data Name="IpAddress">::1</Data>
49783-<Data Name="IpPort">14757</Data>
49784-<Data Name="ImpersonationLevel">%%1840</Data>
49785-<Data Name="RestrictedAdminMode">-</Data>
49786-<Data Name="TargetOutboundUserName">-</Data>
49787-<Data Name="TargetOutboundDomainName">-</Data>
49788-<Data Name="VirtualAccount">%%1843</Data>
49789-<Data Name="TargetLinkedLogonId">0x0000000000000000</Data>
49790-<Data Name="ElevatedToken">%%1842</Data>
49791-</EventData>
49792-</Event>
49793-
49794-<Event xmlns="http://schemas.microsoft.com/win/2004/08/events/event"><System><Provider Name="Microsoft-Windows-Security-Auditing" Guid="{54849625-5478-4994-a5ba-3e3b0328c30d}"></Provider>
49795:<EventID Qualifiers="">4624</EventID>
49796-<Version>2</Version>
49797-<Level>0</Level>
49798-<Task>12544</Task>
49799-<Opcode>0</Opcode>
49800-<Keywords>0x8020000000000000</Keywords>
49801-<TimeCreated SystemTime="2018-09-10 13:23:49.185188"></TimeCreated>
49802-<EventRecordID>245162</EventRecordID>
49803-<Correlation ActivityID="{71a9b66f-4900-0001-a8b6-a9710049d401}" RelatedActivityID=""></Correlation>
49804-<Execution ProcessID="664" ThreadID="720"></Execution>
49805-<Channel>Security</Channel>
49806-<Computer>WIN-KCON-EXCH16.EM.KRINGLECON.COM</Computer>
49807-<Security UserID=""></Security>
49808-</System>
49809-<EventData><Data Name="SubjectUserSid">S-1-0-0</Data>
49810-<Data Name="SubjectUserName">-</Data>
49811-<Data Name="SubjectDomainName">-</Data>
49812-<Data Name="SubjectLogonId">0x0000000000000000</Data>
49813-<Data Name="TargetUserSid">S-1-5-21-25059752-1411454016-2901770228-1134</Data>
49814-<Data Name="TargetUserName">HealthMailboxbe58608</Data>
49815-<Data Name="TargetDomainName">EM.KRINGLECON.COM</Data>
--
49820-<Data Name="WorkstationName">-</Data>
49821-<Data Name="LogonGuid">{07b73b89-15b3-b7c4-e678-b6ee566f408f}</Data>
49822-<Data Name="TransmittedServices">-</Data>
49823-<Data Name="LmPackageName">-</Data>
49824-<Data Name="KeyLength">0</Data>
49825-<Data Name="ProcessId">0x0000000000000000</Data>
49826-<Data Name="ProcessName">-</Data>
49827-<Data Name="IpAddress">::1</Data>
49828-<Data Name="IpPort">14768</Data>
49829-<Data Name="ImpersonationLevel">%%1840</Data>
49830-<Data Name="RestrictedAdminMode">-</Data>
49831-<Data Name="TargetOutboundUserName">-</Data>
49832-<Data Name="TargetOutboundDomainName">-</Data>
49833-<Data Name="VirtualAccount">%%1843</Data>
49834-<Data Name="TargetLinkedLogonId">0x0000000000000000</Data>
49835-<Data Name="ElevatedToken">%%1842</Data>
49836-</EventData>
49837-</Event>
49838-
49839-<Event xmlns="http://schemas.microsoft.com/win/2004/08/events/event"><System><Provider Name="Microsoft-Windows-Security-Auditing" Guid="{54849625-5478-4994-a5ba-3e3b0328c30d}"></Provider>
49840:<EventID Qualifiers="">4624</EventID>
49841-<Version>2</Version>
49842-<Level>0</Level>
49843-<Task>12544</Task>
49844-<Opcode>0</Opcode>
49845-<Keywords>0x8020000000000000</Keywords>
49846-<TimeCreated SystemTime="2018-09-10 13:23:49.271101"></TimeCreated>
49847-<EventRecordID>245167</EventRecordID>
49848-<Correlation ActivityID="{71a9b66f-4900-0001-a8b6-a9710049d401}" RelatedActivityID=""></Correlation>
49849-<Execution ProcessID="664" ThreadID="15576"></Execution>
49850-<Channel>Security</Channel>
49851-<Computer>WIN-KCON-EXCH16.EM.KRINGLECON.COM</Computer>
49852-<Security UserID=""></Security>
49853-</System>
49854-<EventData><Data Name="SubjectUserSid">S-1-0-0</Data>
49855-<Data Name="SubjectUserName">-</Data>
49856-<Data Name="SubjectDomainName">-</Data>
49857-<Data Name="SubjectLogonId">0x0000000000000000</Data>
49858-<Data Name="TargetUserSid">S-1-5-21-25059752-1411454016-2901770228-1134</Data>
49859-<Data Name="TargetUserName">HealthMailboxbe58608</Data>
49860-<Data Name="TargetDomainName">EM.KRINGLECON.COM</Data>
--
49865-<Data Name="WorkstationName">-</Data>
49866-<Data Name="LogonGuid">{66b54d86-4302-a414-4b44-b4078e2c002e}</Data>
49867-<Data Name="TransmittedServices">-</Data>
49868-<Data Name="LmPackageName">-</Data>
49869-<Data Name="KeyLength">0</Data>
49870-<Data Name="ProcessId">0x0000000000000000</Data>
49871-<Data Name="ProcessName">-</Data>
49872-<Data Name="IpAddress">-</Data>
49873-<Data Name="IpPort">-</Data>
49874-<Data Name="ImpersonationLevel">%%1840</Data>
49875-<Data Name="RestrictedAdminMode">-</Data>
49876-<Data Name="TargetOutboundUserName">-</Data>
49877-<Data Name="TargetOutboundDomainName">-</Data>
49878-<Data Name="VirtualAccount">%%1843</Data>
49879-<Data Name="TargetLinkedLogonId">0x0000000000000000</Data>
49880-<Data Name="ElevatedToken">%%1842</Data>
49881-</EventData>
49882-</Event>
49883-
49884-<Event xmlns="http://schemas.microsoft.com/win/2004/08/events/event"><System><Provider Name="Microsoft-Windows-Security-Auditing" Guid="{54849625-5478-4994-a5ba-3e3b0328c30d}"></Provider>
49885:<EventID Qualifiers="">4624</EventID>
49886-<Version>2</Version>
49887-<Level>0</Level>
49888-<Task>12544</Task>
49889-<Opcode>0</Opcode>
49890-<Keywords>0x8020000000000000</Keywords>
49891-<TimeCreated SystemTime="2018-09-10 13:24:00.518251"></TimeCreated>
49892-<EventRecordID>245224</EventRecordID>
49893-<Correlation ActivityID="{71a9b66f-4900-0001-a8b6-a9710049d401}" RelatedActivityID=""></Correlation>
49894-<Execution ProcessID="664" ThreadID="852"></Execution>
49895-<Channel>Security</Channel>
49896-<Computer>WIN-KCON-EXCH16.EM.KRINGLECON.COM</Computer>
49897-<Security UserID=""></Security>
49898-</System>
49899-<EventData><Data Name="SubjectUserSid">S-1-0-0</Data>
49900-<Data Name="SubjectUserName">-</Data>
49901-<Data Name="SubjectDomainName">-</Data>
49902-<Data Name="SubjectLogonId">0x0000000000000000</Data>
49903-<Data Name="TargetUserSid">S-1-5-21-25059752-1411454016-2901770228-1134</Data>
49904-<Data Name="TargetUserName">HealthMailboxbe58608</Data>
49905-<Data Name="TargetDomainName">EM.KRINGLECON.COM</Data>
--
49910-<Data Name="WorkstationName">-</Data>
49911-<Data Name="LogonGuid">{66b54d86-4302-a414-4b44-b4078e2c002e}</Data>
49912-<Data Name="TransmittedServices">-</Data>
49913-<Data Name="LmPackageName">-</Data>
49914-<Data Name="KeyLength">0</Data>
49915-<Data Name="ProcessId">0x0000000000000000</Data>
49916-<Data Name="ProcessName">-</Data>
49917-<Data Name="IpAddress">fe80::5efe:192.168.85.149</Data>
49918-<Data Name="IpPort">14799</Data>
49919-<Data Name="ImpersonationLevel">%%1840</Data>
49920-<Data Name="RestrictedAdminMode">-</Data>
49921-<Data Name="TargetOutboundUserName">-</Data>
49922-<Data Name="TargetOutboundDomainName">-</Data>
49923-<Data Name="VirtualAccount">%%1843</Data>
49924-<Data Name="TargetLinkedLogonId">0x0000000000000000</Data>
49925-<Data Name="ElevatedToken">%%1842</Data>
49926-</EventData>
49927-</Event>
49928-
49929-<Event xmlns="http://schemas.microsoft.com/win/2004/08/events/event"><System><Provider Name="Microsoft-Windows-Security-Auditing" Guid="{54849625-5478-4994-a5ba-3e3b0328c30d}"></Provider>
49930:<EventID Qualifiers="">4624</EventID>
49931-<Version>2</Version>
49932-<Level>0</Level>
49933-<Task>12544</Task>
49934-<Opcode>0</Opcode>
49935-<Keywords>0x8020000000000000</Keywords>
49936-<TimeCreated SystemTime="2018-09-10 13:24:00.547504"></TimeCreated>
49937-<EventRecordID>245230</EventRecordID>
49938-<Correlation ActivityID="{71a9b66f-4900-0001-a8b6-a9710049d401}" RelatedActivityID=""></Correlation>
49939-<Execution ProcessID="664" ThreadID="720"></Execution>
49940-<Channel>Security</Channel>
49941-<Computer>WIN-KCON-EXCH16.EM.KRINGLECON.COM</Computer>
49942-<Security UserID=""></Security>
49943-</System>
49944-<EventData><Data Name="SubjectUserSid">S-1-0-0</Data>
49945-<Data Name="SubjectUserName">-</Data>
49946-<Data Name="SubjectDomainName">-</Data>
49947-<Data Name="SubjectLogonId">0x0000000000000000</Data>
49948-<Data Name="TargetUserSid">S-1-5-21-25059752-1411454016-2901770228-1134</Data>
49949-<Data Name="TargetUserName">HealthMailboxbe58608</Data>
49950-<Data Name="TargetDomainName">EM.KRINGLECON.COM</Data>
--
49955-<Data Name="WorkstationName">-</Data>
49956-<Data Name="LogonGuid">{66b54d86-4302-a414-4b44-b4078e2c002e}</Data>
49957-<Data Name="TransmittedServices">-</Data>
49958-<Data Name="LmPackageName">-</Data>
49959-<Data Name="KeyLength">0</Data>
49960-<Data Name="ProcessId">0x0000000000000000</Data>
49961-<Data Name="ProcessName">-</Data>
49962-<Data Name="IpAddress">fe80::107e:3fd:3f57:aa6a</Data>
49963-<Data Name="IpPort">14800</Data>
49964-<Data Name="ImpersonationLevel">%%1840</Data>
49965-<Data Name="RestrictedAdminMode">-</Data>
49966-<Data Name="TargetOutboundUserName">-</Data>
49967-<Data Name="TargetOutboundDomainName">-</Data>
49968-<Data Name="VirtualAccount">%%1843</Data>
49969-<Data Name="TargetLinkedLogonId">0x0000000000000000</Data>
49970-<Data Name="ElevatedToken">%%1842</Data>
49971-</EventData>
49972-</Event>
49973-
49974-<Event xmlns="http://schemas.microsoft.com/win/2004/08/events/event"><System><Provider Name="Microsoft-Windows-Security-Auditing" Guid="{54849625-5478-4994-a5ba-3e3b0328c30d}"></Provider>
49975:<EventID Qualifiers="">4624</EventID>
49976-<Version>2</Version>
49977-<Level>0</Level>
49978-<Task>12544</Task>
49979-<Opcode>0</Opcode>
49980-<Keywords>0x8020000000000000</Keywords>
49981-<TimeCreated SystemTime="2018-09-10 13:24:00.582647"></TimeCreated>
49982-<EventRecordID>245237</EventRecordID>
49983-<Correlation ActivityID="{71a9b66f-4900-0001-a8b6-a9710049d401}" RelatedActivityID=""></Correlation>
49984-<Execution ProcessID="664" ThreadID="720"></Execution>
49985-<Channel>Security</Channel>
49986-<Computer>WIN-KCON-EXCH16.EM.KRINGLECON.COM</Computer>
49987-<Security UserID=""></Security>
49988-</System>
49989-<EventData><Data Name="SubjectUserSid">S-1-0-0</Data>
49990-<Data Name="SubjectUserName">-</Data>
49991-<Data Name="SubjectDomainName">-</Data>
49992-<Data Name="SubjectLogonId">0x0000000000000000</Data>
49993-<Data Name="TargetUserSid">S-1-5-21-25059752-1411454016-2901770228-1134</Data>
49994-<Data Name="TargetUserName">HealthMailboxbe58608</Data>
49995-<Data Name="TargetDomainName">EM.KRINGLECON.COM</Data>
--
50000-<Data Name="WorkstationName">-</Data>
50001-<Data Name="LogonGuid">{66b54d86-4302-a414-4b44-b4078e2c002e}</Data>
50002-<Data Name="TransmittedServices">-</Data>
50003-<Data Name="LmPackageName">-</Data>
50004-<Data Name="KeyLength">0</Data>
50005-<Data Name="ProcessId">0x0000000000000000</Data>
50006-<Data Name="ProcessName">-</Data>
50007-<Data Name="IpAddress">169.254.202.186</Data>
50008-<Data Name="IpPort">14801</Data>
50009-<Data Name="ImpersonationLevel">%%1840</Data>
50010-<Data Name="RestrictedAdminMode">-</Data>
50011-<Data Name="TargetOutboundUserName">-</Data>
50012-<Data Name="TargetOutboundDomainName">-</Data>
50013-<Data Name="VirtualAccount">%%1843</Data>
50014-<Data Name="TargetLinkedLogonId">0x0000000000000000</Data>
50015-<Data Name="ElevatedToken">%%1842</Data>
50016-</EventData>
50017-</Event>
50018-
50019-<Event xmlns="http://schemas.microsoft.com/win/2004/08/events/event"><System><Provider Name="Microsoft-Windows-Security-Auditing" Guid="{54849625-5478-4994-a5ba-3e3b0328c30d}"></Provider>
50020:<EventID Qualifiers="">4624</EventID>
50021-<Version>2</Version>
50022-<Level>0</Level>
50023-<Task>12544</Task>
50024-<Opcode>0</Opcode>
50025-<Keywords>0x8020000000000000</Keywords>
50026-<TimeCreated SystemTime="2018-09-10 13:24:02.998407"></TimeCreated>
50027-<EventRecordID>245242</EventRecordID>
50028-<Correlation ActivityID="{71a9b66f-4900-0001-a8b6-a9710049d401}" RelatedActivityID=""></Correlation>
50029-<Execution ProcessID="664" ThreadID="712"></Execution>
50030-<Channel>Security</Channel>
50031-<Computer>WIN-KCON-EXCH16.EM.KRINGLECON.COM</Computer>
50032-<Security UserID=""></Security>
50033-</System>
50034-<EventData><Data Name="SubjectUserSid">S-1-0-0</Data>
50035-<Data Name="SubjectUserName">-</Data>
50036-<Data Name="SubjectDomainName">-</Data>
50037-<Data Name="SubjectLogonId">0x0000000000000000</Data>
50038-<Data Name="TargetUserSid">S-1-5-21-25059752-1411454016-2901770228-1134</Data>
50039-<Data Name="TargetUserName">HealthMailboxbe58608</Data>
50040-<Data Name="TargetDomainName">EM.KRINGLECON.COM</Data>
--
50045-<Data Name="WorkstationName">-</Data>
50046-<Data Name="LogonGuid">{07b73b89-15b3-b7c4-e678-b6ee566f408f}</Data>
50047-<Data Name="TransmittedServices">-</Data>
50048-<Data Name="LmPackageName">-</Data>
50049-<Data Name="KeyLength">0</Data>
50050-<Data Name="ProcessId">0x0000000000000000</Data>
50051-<Data Name="ProcessName">-</Data>
50052-<Data Name="IpAddress">127.0.0.1</Data>
50053-<Data Name="IpPort">14803</Data>
50054-<Data Name="ImpersonationLevel">%%1840</Data>
50055-<Data Name="RestrictedAdminMode">-</Data>
50056-<Data Name="TargetOutboundUserName">-</Data>
50057-<Data Name="TargetOutboundDomainName">-</Data>
50058-<Data Name="VirtualAccount">%%1843</Data>
50059-<Data Name="TargetLinkedLogonId">0x0000000000000000</Data>
50060-<Data Name="ElevatedToken">%%1842</Data>
50061-</EventData>
50062-</Event>
50063-
50064-<Event xmlns="http://schemas.microsoft.com/win/2004/08/events/event"><System><Provider Name="Microsoft-Windows-Security-Auditing" Guid="{54849625-5478-4994-a5ba-3e3b0328c30d}"></Provider>
50065:<EventID Qualifiers="">4624</EventID>
50066-<Version>2</Version>
50067-<Level>0</Level>
50068-<Task>12544</Task>
50069-<Opcode>0</Opcode>
50070-<Keywords>0x8020000000000000</Keywords>
50071-<TimeCreated SystemTime="2018-09-10 13:24:21.918461"></TimeCreated>
50072-<EventRecordID>245265</EventRecordID>
50073-<Correlation ActivityID="" RelatedActivityID=""></Correlation>
50074-<Execution ProcessID="664" ThreadID="712"></Execution>
50075-<Channel>Security</Channel>
50076-<Computer>WIN-KCON-EXCH16.EM.KRINGLECON.COM</Computer>
50077-<Security UserID=""></Security>
50078-</System>
50079-<EventData><Data Name="SubjectUserSid">S-1-5-18</Data>
50080-<Data Name="SubjectUserName">WIN-KCON-EXCH16$</Data>
50081-<Data Name="SubjectDomainName">EM.KRINGLECON</Data>
50082-<Data Name="SubjectLogonId">0x00000000000003e7</Data>
50083-<Data Name="TargetUserSid">S-1-5-21-25059752-1411454016-2901770228-1133</Data>
50084-<Data Name="TargetUserName">HealthMailboxbab78a6</Data>
50085-<Data Name="TargetDomainName">EM.KRINGLECON</Data>
--
50090-<Data Name="WorkstationName">WIN-KCON-EXCH16</Data>
50091-<Data Name="LogonGuid">{300f638b-1ce7-40d3-2446-126b9bc6959f}</Data>
50092-<Data Name="TransmittedServices">-</Data>
50093-<Data Name="LmPackageName">-</Data>
50094-<Data Name="KeyLength">0</Data>
50095-<Data Name="ProcessId">0x0000000000002494</Data>
50096-<Data Name="ProcessName">C:\Program Files\Microsoft\Exchange Server\V15\Bin\MSExchangeHMWorker.exe</Data>
50097-<Data Name="IpAddress">-</Data>
50098-<Data Name="IpPort">-</Data>
50099-<Data Name="ImpersonationLevel">%%1833</Data>
50100-<Data Name="RestrictedAdminMode">-</Data>
50101-<Data Name="TargetOutboundUserName">-</Data>
50102-<Data Name="TargetOutboundDomainName">-</Data>
50103-<Data Name="VirtualAccount">%%1843</Data>
50104-<Data Name="TargetLinkedLogonId">0x0000000000000000</Data>
50105-<Data Name="ElevatedToken">%%1842</Data>
50106-</EventData>
50107-</Event>
50108-
50109-<Event xmlns="http://schemas.microsoft.com/win/2004/08/events/event"><System><Provider Name="Microsoft-Windows-Security-Auditing" Guid="{54849625-5478-4994-a5ba-3e3b0328c30d}"></Provider>
50110:<EventID Qualifiers="">4624</EventID>
50111-<Version>2</Version>
50112-<Level>0</Level>
50113-<Task>12544</Task>
50114-<Opcode>0</Opcode>
50115-<Keywords>0x8020000000000000</Keywords>
50116-<TimeCreated SystemTime="2018-09-10 13:24:28.314058"></TimeCreated>
50117-<EventRecordID>245288</EventRecordID>
50118-<Correlation ActivityID="{71a9b66f-4900-0001-a8b6-a9710049d401}" RelatedActivityID=""></Correlation>
50119-<Execution ProcessID="664" ThreadID="720"></Execution>
50120-<Channel>Security</Channel>
50121-<Computer>WIN-KCON-EXCH16.EM.KRINGLECON.COM</Computer>
50122-<Security UserID=""></Security>
50123-</System>
50124-<EventData><Data Name="SubjectUserSid">S-1-0-0</Data>
50125-<Data Name="SubjectUserName">-</Data>
50126-<Data Name="SubjectDomainName">-</Data>
50127-<Data Name="SubjectLogonId">0x0000000000000000</Data>
50128-<Data Name="TargetUserSid">S-1-5-21-25059752-1411454016-2901770228-1134</Data>
50129-<Data Name="TargetUserName">HealthMailboxbe58608</Data>
50130-<Data Name="TargetDomainName">EM.KRINGLECON.COM</Data>
--
50135-<Data Name="WorkstationName">-</Data>
50136-<Data Name="LogonGuid">{66b54d86-4302-a414-4b44-b4078e2c002e}</Data>
50137-<Data Name="TransmittedServices">-</Data>
50138-<Data Name="LmPackageName">-</Data>
50139-<Data Name="KeyLength">0</Data>
50140-<Data Name="ProcessId">0x0000000000000000</Data>
50141-<Data Name="ProcessName">-</Data>
50142-<Data Name="IpAddress">::1</Data>
50143-<Data Name="IpPort">14835</Data>
50144-<Data Name="ImpersonationLevel">%%1840</Data>
50145-<Data Name="RestrictedAdminMode">-</Data>
50146-<Data Name="TargetOutboundUserName">-</Data>
50147-<Data Name="TargetOutboundDomainName">-</Data>
50148-<Data Name="VirtualAccount">%%1843</Data>
50149-<Data Name="TargetLinkedLogonId">0x0000000000000000</Data>
50150-<Data Name="ElevatedToken">%%1842</Data>
50151-</EventData>
50152-</Event>
50153-
50154-<Event xmlns="http://schemas.microsoft.com/win/2004/08/events/event"><System><Provider Name="Microsoft-Windows-Security-Auditing" Guid="{54849625-5478-4994-a5ba-3e3b0328c30d}"></Provider>
50155:<EventID Qualifiers="">4624</EventID>
50156-<Version>2</Version>
50157-<Level>0</Level>
50158-<Task>12544</Task>
50159-<Opcode>0</Opcode>
50160-<Keywords>0x8020000000000000</Keywords>
50161-<TimeCreated SystemTime="2018-09-10 13:24:32.055859"></TimeCreated>
50162-<EventRecordID>245297</EventRecordID>
50163-<Correlation ActivityID="{71a9b66f-4900-0001-a8b6-a9710049d401}" RelatedActivityID=""></Correlation>
50164-<Execution ProcessID="664" ThreadID="12864"></Execution>
50165-<Channel>Security</Channel>
50166-<Computer>WIN-KCON-EXCH16.EM.KRINGLECON.COM</Computer>
50167-<Security UserID=""></Security>
50168-</System>
50169-<EventData><Data Name="SubjectUserSid">S-1-0-0</Data>
50170-<Data Name="SubjectUserName">-</Data>
50171-<Data Name="SubjectDomainName">-</Data>
50172-<Data Name="SubjectLogonId">0x0000000000000000</Data>
50173-<Data Name="TargetUserSid">S-1-5-21-25059752-1411454016-2901770228-1134</Data>
50174-<Data Name="TargetUserName">HealthMailboxbe58608</Data>
50175-<Data Name="TargetDomainName">EM.KRINGLECON.COM</Data>
--
50180-<Data Name="WorkstationName">-</Data>
50181-<Data Name="LogonGuid">{66b54d86-4302-a414-4b44-b4078e2c002e}</Data>
50182-<Data Name="TransmittedServices">-</Data>
50183-<Data Name="LmPackageName">-</Data>
50184-<Data Name="KeyLength">0</Data>
50185-<Data Name="ProcessId">0x0000000000000000</Data>
50186-<Data Name="ProcessName">-</Data>
50187-<Data Name="IpAddress">127.0.0.1</Data>
50188-<Data Name="IpPort">14838</Data>
50189-<Data Name="ImpersonationLevel">%%1840</Data>
50190-<Data Name="RestrictedAdminMode">-</Data>
50191-<Data Name="TargetOutboundUserName">-</Data>
50192-<Data Name="TargetOutboundDomainName">-</Data>
50193-<Data Name="VirtualAccount">%%1843</Data>
50194-<Data Name="TargetLinkedLogonId">0x0000000000000000</Data>
50195-<Data Name="ElevatedToken">%%1842</Data>
50196-</EventData>
50197-</Event>
50198-
50199-<Event xmlns="http://schemas.microsoft.com/win/2004/08/events/event"><System><Provider Name="Microsoft-Windows-Security-Auditing" Guid="{54849625-5478-4994-a5ba-3e3b0328c30d}"></Provider>
50200:<EventID Qualifiers="">4624</EventID>
50201-<Version>2</Version>
50202-<Level>0</Level>
50203-<Task>12544</Task>
50204-<Opcode>0</Opcode>
50205-<Keywords>0x8020000000000000</Keywords>
50206-<TimeCreated SystemTime="2018-09-10 13:24:42.714821"></TimeCreated>
50207-<EventRecordID>245329</EventRecordID>
50208-<Correlation ActivityID="{71a9b66f-4900-0001-a8b6-a9710049d401}" RelatedActivityID=""></Correlation>
50209-<Execution ProcessID="664" ThreadID="720"></Execution>
50210-<Channel>Security</Channel>
50211-<Computer>WIN-KCON-EXCH16.EM.KRINGLECON.COM</Computer>
50212-<Security UserID=""></Security>
50213-</System>
50214-<EventData><Data Name="SubjectUserSid">S-1-0-0</Data>
50215-<Data Name="SubjectUserName">-</Data>
50216-<Data Name="SubjectDomainName">-</Data>
50217-<Data Name="SubjectLogonId">0x0000000000000000</Data>
50218-<Data Name="TargetUserSid">S-1-5-21-25059752-1411454016-2901770228-1134</Data>
50219-<Data Name="TargetUserName">HealthMailboxbe58608</Data>
50220-<Data Name="TargetDomainName">EM.KRINGLECON.COM</Data>
--
50247-<Level>0</Level>
50248-<Task>14336</Task>
50249-<Opcode>0</Opcode>
50250-<Keywords>0x8020000000000000</Keywords>
50251-<TimeCreated SystemTime="2018-09-10 13:24:45.348261"></TimeCreated>
50252-<EventRecordID>245332</EventRecordID>
50253-<Correlation ActivityID="" RelatedActivityID=""></Correlation>
50254-<Execution ProcessID="664" ThreadID="12864"></Execution>
50255-<Channel>Security</Channel>
50256-<Computer>WIN-KCON-EXCH16.EM.KRINGLECON.COM</Computer>
50257-<Security UserID=""></Security>
50258-</System>
50259-<EventData><Data Name="PackageName">MICROSOFT_AUTHENTICATION_PACKAGE_V1_0</Data>
50260-<Data Name="TargetUserName">HealthMailboxbe58608d4925422d8e4ea458cfedc612@EM.KRINGLECON.COM</Data>
50261-<Data Name="Workstation">WIN-KCON-EXCH16</Data>
50262-<Data Name="Status">0x00000000</Data>
50263-</EventData>
50264-</Event>
50265-
50266-<Event xmlns="http://schemas.microsoft.com/win/2004/08/events/event"><System><Provider Name="Microsoft-Windows-Security-Auditing" Guid="{54849625-5478-4994-a5ba-3e3b0328c30d}"></Provider>
50267:<EventID Qualifiers="">4624</EventID>
50268-<Version>2</Version>
50269-<Level>0</Level>
50270-<Task>12544</Task>
50271-<Opcode>0</Opcode>
50272-<Keywords>0x8020000000000000</Keywords>
50273-<TimeCreated SystemTime="2018-09-10 13:24:45.351736"></TimeCreated>
50274-<EventRecordID>245333</EventRecordID>
50275-<Correlation ActivityID="" RelatedActivityID=""></Correlation>
50276-<Execution ProcessID="664" ThreadID="12864"></Execution>
50277-<Channel>Security</Channel>
50278-<Computer>WIN-KCON-EXCH16.EM.KRINGLECON.COM</Computer>
50279-<Security UserID=""></Security>
50280-</System>
50281-<EventData><Data Name="SubjectUserSid">S-1-0-0</Data>
50282-<Data Name="SubjectUserName">-</Data>
50283-<Data Name="SubjectDomainName">-</Data>
50284-<Data Name="SubjectLogonId">0x0000000000000000</Data>
50285-<Data Name="TargetUserSid">S-1-5-21-25059752-1411454016-2901770228-1134</Data>
50286-<Data Name="TargetUserName">HealthMailboxbe58608</Data>
50287-<Data Name="TargetDomainName">EM.KRINGLECON</Data>
--
50314-<Level>0</Level>
50315-<Task>14336</Task>
50316-<Opcode>0</Opcode>
50317-<Keywords>0x8020000000000000</Keywords>
50318-<TimeCreated SystemTime="2018-09-10 13:24:48.189098"></TimeCreated>
50319-<EventRecordID>245344</EventRecordID>
50320-<Correlation ActivityID="" RelatedActivityID=""></Correlation>
50321-<Execution ProcessID="664" ThreadID="12864"></Execution>
50322-<Channel>Security</Channel>
50323-<Computer>WIN-KCON-EXCH16.EM.KRINGLECON.COM</Computer>
50324-<Security UserID=""></Security>
50325-</System>
50326-<EventData><Data Name="PackageName">MICROSOFT_AUTHENTICATION_PACKAGE_V1_0</Data>
50327-<Data Name="TargetUserName">HealthMailboxbe58608d4925422d8e4ea458cfedc612@EM.KRINGLECON.COM</Data>
50328-<Data Name="Workstation">WIN-KCON-EXCH16</Data>
50329-<Data Name="Status">0x00000000</Data>
50330-</EventData>
50331-</Event>
50332-
50333-<Event xmlns="http://schemas.microsoft.com/win/2004/08/events/event"><System><Provider Name="Microsoft-Windows-Security-Auditing" Guid="{54849625-5478-4994-a5ba-3e3b0328c30d}"></Provider>
50334:<EventID Qualifiers="">4624</EventID>
50335-<Version>2</Version>
50336-<Level>0</Level>
50337-<Task>12544</Task>
50338-<Opcode>0</Opcode>
50339-<Keywords>0x8020000000000000</Keywords>
50340-<TimeCreated SystemTime="2018-09-10 13:24:48.189938"></TimeCreated>
50341-<EventRecordID>245345</EventRecordID>
50342-<Correlation ActivityID="" RelatedActivityID=""></Correlation>
50343-<Execution ProcessID="664" ThreadID="12864"></Execution>
50344-<Channel>Security</Channel>
50345-<Computer>WIN-KCON-EXCH16.EM.KRINGLECON.COM</Computer>
50346-<Security UserID=""></Security>
50347-</System>
50348-<EventData><Data Name="SubjectUserSid">S-1-0-0</Data>
50349-<Data Name="SubjectUserName">-</Data>
50350-<Data Name="SubjectDomainName">-</Data>
50351-<Data Name="SubjectLogonId">0x0000000000000000</Data>
50352-<Data Name="TargetUserSid">S-1-5-21-25059752-1411454016-2901770228-1134</Data>
50353-<Data Name="TargetUserName">HealthMailboxbe58608</Data>
50354-<Data Name="TargetDomainName">EM.KRINGLECON</Data>
--
50381-<Level>0</Level>
50382-<Task>14336</Task>
50383-<Opcode>0</Opcode>
50384-<Keywords>0x8020000000000000</Keywords>
50385-<TimeCreated SystemTime="2018-09-10 13:24:48.191854"></TimeCreated>
50386-<EventRecordID>245347</EventRecordID>
50387-<Correlation ActivityID="" RelatedActivityID=""></Correlation>
50388-<Execution ProcessID="664" ThreadID="720"></Execution>
50389-<Channel>Security</Channel>
50390-<Computer>WIN-KCON-EXCH16.EM.KRINGLECON.COM</Computer>
50391-<Security UserID=""></Security>
50392-</System>
50393-<EventData><Data Name="PackageName">MICROSOFT_AUTHENTICATION_PACKAGE_V1_0</Data>
50394-<Data Name="TargetUserName">HealthMailboxbe58608d4925422d8e4ea458cfedc612@EM.KRINGLECON.COM</Data>
50395-<Data Name="Workstation">WIN-KCON-EXCH16</Data>
50396-<Data Name="Status">0x00000000</Data>
50397-</EventData>
50398-</Event>
50399-
50400-<Event xmlns="http://schemas.microsoft.com/win/2004/08/events/event"><System><Provider Name="Microsoft-Windows-Security-Auditing" Guid="{54849625-5478-4994-a5ba-3e3b0328c30d}"></Provider>
50401:<EventID Qualifiers="">4624</EventID>
50402-<Version>2</Version>
50403-<Level>0</Level>
50404-<Task>12544</Task>
50405-<Opcode>0</Opcode>
50406-<Keywords>0x8020000000000000</Keywords>
50407-<TimeCreated SystemTime="2018-09-10 13:24:48.192413"></TimeCreated>
50408-<EventRecordID>245348</EventRecordID>
50409-<Correlation ActivityID="" RelatedActivityID=""></Correlation>
50410-<Execution ProcessID="664" ThreadID="720"></Execution>
50411-<Channel>Security</Channel>
50412-<Computer>WIN-KCON-EXCH16.EM.KRINGLECON.COM</Computer>
50413-<Security UserID=""></Security>
50414-</System>
50415-<EventData><Data Name="SubjectUserSid">S-1-0-0</Data>
50416-<Data Name="SubjectUserName">-</Data>
50417-<Data Name="SubjectDomainName">-</Data>
50418-<Data Name="SubjectLogonId">0x0000000000000000</Data>
50419-<Data Name="TargetUserSid">S-1-5-21-25059752-1411454016-2901770228-1134</Data>
50420-<Data Name="TargetUserName">HealthMailboxbe58608</Data>
50421-<Data Name="TargetDomainName">EM.KRINGLECON</Data>
--
50426-<Data Name="WorkstationName">WIN-KCON-EXCH16</Data>
50427-<Data Name="LogonGuid">{00000000-0000-0000-0000-000000000000}</Data>
50428-<Data Name="TransmittedServices">-</Data>
50429-<Data Name="LmPackageName">NTLM V2</Data>
50430-<Data Name="KeyLength">0</Data>
50431-<Data Name="ProcessId">0x0000000000000000</Data>
50432-<Data Name="ProcessName">-</Data>
50433-<Data Name="IpAddress">fe80::b0d8:bf3b:51aa:caba</Data>
50434-<Data Name="IpPort">14866</Data>
50435-<Data Name="ImpersonationLevel">%%1833</Data>
50436-<Data Name="RestrictedAdminMode">-</Data>
50437-<Data Name="TargetOutboundUserName">-</Data>
50438-<Data Name="TargetOutboundDomainName">-</Data>
50439-<Data Name="VirtualAccount">%%1843</Data>
50440-<Data Name="TargetLinkedLogonId">0x0000000000000000</Data>
50441-<Data Name="ElevatedToken">%%1842</Data>
50442-</EventData>
50443-</Event>
50444-
50445-<Event xmlns="http://schemas.microsoft.com/win/2004/08/events/event"><System><Provider Name="Microsoft-Windows-Security-Auditing" Guid="{54849625-5478-4994-a5ba-3e3b0328c30d}"></Provider>
50446:<EventID Qualifiers="">4624</EventID>
50447-<Version>2</Version>
50448-<Level>0</Level>
50449-<Task>12544</Task>
50450-<Opcode>0</Opcode>
50451-<Keywords>0x8020000000000000</Keywords>
50452-<TimeCreated SystemTime="2018-09-10 13:24:49.250587"></TimeCreated>
50453-<EventRecordID>245372</EventRecordID>
50454-<Correlation ActivityID="{71a9b66f-4900-0001-a8b6-a9710049d401}" RelatedActivityID=""></Correlation>
50455-<Execution ProcessID="664" ThreadID="12864"></Execution>
50456-<Channel>Security</Channel>
50457-<Computer>WIN-KCON-EXCH16.EM.KRINGLECON.COM</Computer>
50458-<Security UserID=""></Security>
50459-</System>
50460-<EventData><Data Name="SubjectUserSid">S-1-0-0</Data>
50461-<Data Name="SubjectUserName">-</Data>
50462-<Data Name="SubjectDomainName">-</Data>
50463-<Data Name="SubjectLogonId">0x0000000000000000</Data>
50464-<Data Name="TargetUserSid">S-1-5-21-25059752-1411454016-2901770228-1134</Data>
50465-<Data Name="TargetUserName">HealthMailboxbe58608</Data>
50466-<Data Name="TargetDomainName">EM.KRINGLECON.COM</Data>
--
50471-<Data Name="WorkstationName">-</Data>
50472-<Data Name="LogonGuid">{66b54d86-4302-a414-4b44-b4078e2c002e}</Data>
50473-<Data Name="TransmittedServices">-</Data>
50474-<Data Name="LmPackageName">-</Data>
50475-<Data Name="KeyLength">0</Data>
50476-<Data Name="ProcessId">0x0000000000000000</Data>
50477-<Data Name="ProcessName">-</Data>
50478-<Data Name="IpAddress">::1</Data>
50479-<Data Name="IpPort">14873</Data>
50480-<Data Name="ImpersonationLevel">%%1840</Data>
50481-<Data Name="RestrictedAdminMode">-</Data>
50482-<Data Name="TargetOutboundUserName">-</Data>
50483-<Data Name="TargetOutboundDomainName">-</Data>
50484-<Data Name="VirtualAccount">%%1843</Data>
50485-<Data Name="TargetLinkedLogonId">0x0000000000000000</Data>
50486-<Data Name="ElevatedToken">%%1842</Data>
50487-</EventData>
50488-</Event>
50489-
50490-<Event xmlns="http://schemas.microsoft.com/win/2004/08/events/event"><System><Provider Name="Microsoft-Windows-Security-Auditing" Guid="{54849625-5478-4994-a5ba-3e3b0328c30d}"></Provider>
50491:<EventID Qualifiers="">4624</EventID>
50492-<Version>2</Version>
50493-<Level>0</Level>
50494-<Task>12544</Task>
50495-<Opcode>0</Opcode>
50496-<Keywords>0x8020000000000000</Keywords>
50497-<TimeCreated SystemTime="2018-09-10 13:24:49.277828"></TimeCreated>
50498-<EventRecordID>245377</EventRecordID>
50499-<Correlation ActivityID="{71a9b66f-4900-0001-a8b6-a9710049d401}" RelatedActivityID=""></Correlation>
50500-<Execution ProcessID="664" ThreadID="852"></Execution>
50501-<Channel>Security</Channel>
50502-<Computer>WIN-KCON-EXCH16.EM.KRINGLECON.COM</Computer>
50503-<Security UserID=""></Security>
50504-</System>
50505-<EventData><Data Name="SubjectUserSid">S-1-0-0</Data>
50506-<Data Name="SubjectUserName">-</Data>
50507-<Data Name="SubjectDomainName">-</Data>
50508-<Data Name="SubjectLogonId">0x0000000000000000</Data>
50509-<Data Name="TargetUserSid">S-1-5-21-25059752-1411454016-2901770228-1134</Data>
50510-<Data Name="TargetUserName">HealthMailboxbe58608</Data>
50511-<Data Name="TargetDomainName">EM.KRINGLECON.COM</Data>
--
50516-<Data Name="WorkstationName">-</Data>
50517-<Data Name="LogonGuid">{66b54d86-4302-a414-4b44-b4078e2c002e}</Data>
50518-<Data Name="TransmittedServices">-</Data>
50519-<Data Name="LmPackageName">-</Data>
50520-<Data Name="KeyLength">0</Data>
50521-<Data Name="ProcessId">0x0000000000000000</Data>
50522-<Data Name="ProcessName">-</Data>
50523-<Data Name="IpAddress">-</Data>
50524-<Data Name="IpPort">-</Data>
50525-<Data Name="ImpersonationLevel">%%1840</Data>
50526-<Data Name="RestrictedAdminMode">-</Data>
50527-<Data Name="TargetOutboundUserName">-</Data>
50528-<Data Name="TargetOutboundDomainName">-</Data>
50529-<Data Name="VirtualAccount">%%1843</Data>
50530-<Data Name="TargetLinkedLogonId">0x0000000000000000</Data>
50531-<Data Name="ElevatedToken">%%1842</Data>
50532-</EventData>
50533-</Event>
50534-
50535-<Event xmlns="http://schemas.microsoft.com/win/2004/08/events/event"><System><Provider Name="Microsoft-Windows-Security-Auditing" Guid="{54849625-5478-4994-a5ba-3e3b0328c30d}"></Provider>
50536:<EventID Qualifiers="">4624</EventID>
50537-<Version>2</Version>
50538-<Level>0</Level>
50539-<Task>12544</Task>
50540-<Opcode>0</Opcode>
50541-<Keywords>0x8020000000000000</Keywords>
50542-<TimeCreated SystemTime="2018-09-10 13:24:51.705198"></TimeCreated>
50543-<EventRecordID>245381</EventRecordID>
50544-<Correlation ActivityID="" RelatedActivityID=""></Correlation>
50545-<Execution ProcessID="664" ThreadID="15576"></Execution>
50546-<Channel>Security</Channel>
50547-<Computer>WIN-KCON-EXCH16.EM.KRINGLECON.COM</Computer>
50548-<Security UserID=""></Security>
50549-</System>
50550-<EventData><Data Name="SubjectUserSid">S-1-5-18</Data>
50551-<Data Name="SubjectUserName">WIN-KCON-EXCH16$</Data>
50552-<Data Name="SubjectDomainName">EM.KRINGLECON</Data>
50553-<Data Name="SubjectLogonId">0x00000000000003e7</Data>
50554-<Data Name="TargetUserSid">S-1-5-21-25059752-1411454016-2901770228-1133</Data>
50555-<Data Name="TargetUserName">HealthMailboxbab78a6</Data>
50556-<Data Name="TargetDomainName">EM.KRINGLECON</Data>
--
50561-<Data Name="WorkstationName">WIN-KCON-EXCH16</Data>
50562-<Data Name="LogonGuid">{300f638b-1ce7-40d3-2446-126b9bc6959f}</Data>
50563-<Data Name="TransmittedServices">-</Data>
50564-<Data Name="LmPackageName">-</Data>
50565-<Data Name="KeyLength">0</Data>
50566-<Data Name="ProcessId">0x0000000000002494</Data>
50567-<Data Name="ProcessName">C:\Program Files\Microsoft\Exchange Server\V15\Bin\MSExchangeHMWorker.exe</Data>
50568-<Data Name="IpAddress">-</Data>
50569-<Data Name="IpPort">-</Data>
50570-<Data Name="ImpersonationLevel">%%1833</Data>
50571-<Data Name="RestrictedAdminMode">-</Data>
50572-<Data Name="TargetOutboundUserName">-</Data>
50573-<Data Name="TargetOutboundDomainName">-</Data>
50574-<Data Name="VirtualAccount">%%1843</Data>
50575-<Data Name="TargetLinkedLogonId">0x0000000000000000</Data>
50576-<Data Name="ElevatedToken">%%1842</Data>
50577-</EventData>
50578-</Event>
50579-
50580-<Event xmlns="http://schemas.microsoft.com/win/2004/08/events/event"><System><Provider Name="Microsoft-Windows-Security-Auditing" Guid="{54849625-5478-4994-a5ba-3e3b0328c30d}"></Provider>
50581:<EventID Qualifiers="">4624</EventID>
50582-<Version>2</Version>
50583-<Level>0</Level>
50584-<Task>12544</Task>
50585-<Opcode>0</Opcode>
50586-<Keywords>0x8020000000000000</Keywords>
50587-<TimeCreated SystemTime="2018-09-10 13:25:03.047939"></TimeCreated>
50588-<EventRecordID>245408</EventRecordID>
50589-<Correlation ActivityID="{71a9b66f-4900-0001-a8b6-a9710049d401}" RelatedActivityID=""></Correlation>
50590-<Execution ProcessID="664" ThreadID="15576"></Execution>
50591-<Channel>Security</Channel>
50592-<Computer>WIN-KCON-EXCH16.EM.KRINGLECON.COM</Computer>
50593-<Security UserID=""></Security>
50594-</System>
50595-<EventData><Data Name="SubjectUserSid">S-1-0-0</Data>
50596-<Data Name="SubjectUserName">-</Data>
50597-<Data Name="SubjectDomainName">-</Data>
50598-<Data Name="SubjectLogonId">0x0000000000000000</Data>
50599-<Data Name="TargetUserSid">S-1-5-21-25059752-1411454016-2901770228-1134</Data>
50600-<Data Name="TargetUserName">HealthMailboxbe58608</Data>
50601-<Data Name="TargetDomainName">EM.KRINGLECON.COM</Data>
--
50606-<Data Name="WorkstationName">-</Data>
50607-<Data Name="LogonGuid">{66b54d86-4302-a414-4b44-b4078e2c002e}</Data>
50608-<Data Name="TransmittedServices">-</Data>
50609-<Data Name="LmPackageName">-</Data>
50610-<Data Name="KeyLength">0</Data>
50611-<Data Name="ProcessId">0x0000000000000000</Data>
50612-<Data Name="ProcessName">-</Data>
50613-<Data Name="IpAddress">127.0.0.1</Data>
50614-<Data Name="IpPort">14900</Data>
50615-<Data Name="ImpersonationLevel">%%1840</Data>
50616-<Data Name="RestrictedAdminMode">-</Data>
50617-<Data Name="TargetOutboundUserName">-</Data>
50618-<Data Name="TargetOutboundDomainName">-</Data>
50619-<Data Name="VirtualAccount">%%1843</Data>
50620-<Data Name="TargetLinkedLogonId">0x0000000000000000</Data>
50621-<Data Name="ElevatedToken">%%1842</Data>
50622-</EventData>
50623-</Event>
