44539-
44540-<Event xmlns="http://schemas.microsoft.com/win/2004/08/events/event"><System><Provider Name="Microsoft-Windows-Security-Auditing" Guid="{54849625-5478-4994-a5ba-3e3b0328c30d}"></Provider>
44541:<EventID Qualifiers="">4624</EventID>
44542-<Version>2</Version>
44543-<Level>0</Level>
44544-<Task>12544</Task>
44545-<Opcode>0</Opcode>
44546-<Keywords>0x8020000000000000</Keywords>
44547-<TimeCreated SystemTime="2018-09-10 13:15:49.477713"></TimeCreated>
44548-<EventRecordID>243803</EventRecordID>
44549-<Correlation ActivityID="{71a9b66f-4900-0001-a8b6-a9710049d401}" RelatedActivityID=""></Correlation>
44550-<Execution ProcessID="664" ThreadID="720"></Execution>
44551-<Channel>Security</Channel>
44552-<Computer>WIN-KCON-EXCH16.EM.KRINGLECON.COM</Computer>
44553-<Security UserID=""></Security>
44554-</System>
44555-<EventData><Data Name="SubjectUserSid">S-1-0-0</Data>
44556-<Data Name="SubjectUserName">-</Data>
44557-<Data Name="SubjectDomainName">-</Data>
44558-<Data Name="SubjectLogonId">0x0000000000000000</Data>
44559-<Data Name="TargetUserSid">S-1-5-21-25059752-1411454016-2901770228-1134</Data>
44560-<Data Name="TargetUserName">HealthMailboxbe58608</Data>
44561-<Data Name="TargetDomainName">EM.KRINGLECON.COM</Data>
--
44566-<Data Name="WorkstationName">-</Data>
44567-<Data Name="LogonGuid">{66b54d86-4302-a414-4b44-b4078e2c002e}</Data>
44568-<Data Name="TransmittedServices">-</Data>
44569-<Data Name="LmPackageName">-</Data>
44570-<Data Name="KeyLength">0</Data>
44571-<Data Name="ProcessId">0x0000000000000000</Data>
44572-<Data Name="ProcessName">-</Data>
44573-<Data Name="IpAddress">-</Data>
44574-<Data Name="IpPort">-</Data>
44575-<Data Name="ImpersonationLevel">%%1840</Data>
44576-<Data Name="RestrictedAdminMode">-</Data>
44577-<Data Name="TargetOutboundUserName">-</Data>
44578-<Data Name="TargetOutboundDomainName">-</Data>
44579-<Data Name="VirtualAccount">%%1843</Data>
44580-<Data Name="TargetLinkedLogonId">0x0000000000000000</Data>
44581-<Data Name="ElevatedToken">%%1842</Data>
44582-</EventData>
44583-</Event>
44584-
44585-<Event xmlns="http://schemas.microsoft.com/win/2004/08/events/event"><System><Provider Name="Microsoft-Windows-Security-Auditing" Guid="{54849625-5478-4994-a5ba-3e3b0328c30d}"></Provider>
44586:<EventID Qualifiers="">4624</EventID>
44587-<Version>2</Version>
44588-<Level>0</Level>
44589-<Task>12544</Task>
44590-<Opcode>0</Opcode>
44591-<Keywords>0x8020000000000000</Keywords>
44592-<TimeCreated SystemTime="2018-09-10 13:15:51.525881"></TimeCreated>
44593-<EventRecordID>243815</EventRecordID>
44594-<Correlation ActivityID="" RelatedActivityID=""></Correlation>
44595-<Execution ProcessID="664" ThreadID="852"></Execution>
44596-<Channel>Security</Channel>
44597-<Computer>WIN-KCON-EXCH16.EM.KRINGLECON.COM</Computer>
44598-<Security UserID=""></Security>
44599-</System>
44600-<EventData><Data Name="SubjectUserSid">S-1-5-18</Data>
44601-<Data Name="SubjectUserName">WIN-KCON-EXCH16$</Data>
44602-<Data Name="SubjectDomainName">EM.KRINGLECON</Data>
44603-<Data Name="SubjectLogonId">0x00000000000003e7</Data>
44604-<Data Name="TargetUserSid">S-1-5-21-25059752-1411454016-2901770228-1133</Data>
44605-<Data Name="TargetUserName">HealthMailboxbab78a6</Data>
44606-<Data Name="TargetDomainName">EM.KRINGLECON</Data>
--
44611-<Data Name="WorkstationName">WIN-KCON-EXCH16</Data>
44612-<Data Name="LogonGuid">{c9eb85e1-cc17-bd4c-a580-10c8a53e3acb}</Data>
44613-<Data Name="TransmittedServices">-</Data>
44614-<Data Name="LmPackageName">-</Data>
44615-<Data Name="KeyLength">0</Data>
44616-<Data Name="ProcessId">0x0000000000002494</Data>
44617-<Data Name="ProcessName">C:\Program Files\Microsoft\Exchange Server\V15\Bin\MSExchangeHMWorker.exe</Data>
44618-<Data Name="IpAddress">-</Data>
44619-<Data Name="IpPort">-</Data>
44620-<Data Name="ImpersonationLevel">%%1833</Data>
44621-<Data Name="RestrictedAdminMode">-</Data>
44622-<Data Name="TargetOutboundUserName">-</Data>
44623-<Data Name="TargetOutboundDomainName">-</Data>
44624-<Data Name="VirtualAccount">%%1843</Data>
44625-<Data Name="TargetLinkedLogonId">0x0000000000000000</Data>
44626-<Data Name="ElevatedToken">%%1842</Data>
44627-</EventData>
44628-</Event>
44629-
44630-<Event xmlns="http://schemas.microsoft.com/win/2004/08/events/event"><System><Provider Name="Microsoft-Windows-Security-Auditing" Guid="{54849625-5478-4994-a5ba-3e3b0328c30d}"></Provider>
44631:<EventID Qualifiers="">4624</EventID>
44632-<Version>2</Version>
44633-<Level>0</Level>
44634-<Task>12544</Task>
44635-<Opcode>0</Opcode>
44636-<Keywords>0x8020000000000000</Keywords>
44637-<TimeCreated SystemTime="2018-09-10 13:16:02.341345"></TimeCreated>
44638-<EventRecordID>243845</EventRecordID>
44639-<Correlation ActivityID="{71a9b66f-4900-0001-a8b6-a9710049d401}" RelatedActivityID=""></Correlation>
44640-<Execution ProcessID="664" ThreadID="720"></Execution>
44641-<Channel>Security</Channel>
44642-<Computer>WIN-KCON-EXCH16.EM.KRINGLECON.COM</Computer>
44643-<Security UserID=""></Security>
44644-</System>
44645-<EventData><Data Name="SubjectUserSid">S-1-0-0</Data>
44646-<Data Name="SubjectUserName">-</Data>
44647-<Data Name="SubjectDomainName">-</Data>
44648-<Data Name="SubjectLogonId">0x0000000000000000</Data>
44649-<Data Name="TargetUserSid">S-1-5-21-25059752-1411454016-2901770228-1134</Data>
44650-<Data Name="TargetUserName">HealthMailboxbe58608</Data>
44651-<Data Name="TargetDomainName">EM.KRINGLECON.COM</Data>
--
44656-<Data Name="WorkstationName">-</Data>
44657-<Data Name="LogonGuid">{66b54d86-4302-a414-4b44-b4078e2c002e}</Data>
44658-<Data Name="TransmittedServices">-</Data>
44659-<Data Name="LmPackageName">-</Data>
44660-<Data Name="KeyLength">0</Data>
44661-<Data Name="ProcessId">0x0000000000000000</Data>
44662-<Data Name="ProcessName">-</Data>
44663-<Data Name="IpAddress">::1</Data>
44664-<Data Name="IpPort">13945</Data>
44665-<Data Name="ImpersonationLevel">%%1840</Data>
44666-<Data Name="RestrictedAdminMode">-</Data>
44667-<Data Name="TargetOutboundUserName">-</Data>
44668-<Data Name="TargetOutboundDomainName">-</Data>
44669-<Data Name="VirtualAccount">%%1843</Data>
44670-<Data Name="TargetLinkedLogonId">0x0000000000000000</Data>
44671-<Data Name="ElevatedToken">%%1842</Data>
44672-</EventData>
44673-</Event>
44674-
44675-<Event xmlns="http://schemas.microsoft.com/win/2004/08/events/event"><System><Provider Name="Microsoft-Windows-Security-Auditing" Guid="{54849625-5478-4994-a5ba-3e3b0328c30d}"></Provider>
44676:<EventID Qualifiers="">4624</EventID>
44677-<Version>2</Version>
44678-<Level>0</Level>
44679-<Task>12544</Task>
44680-<Opcode>0</Opcode>
44681-<Keywords>0x8020000000000000</Keywords>
44682-<TimeCreated SystemTime="2018-09-10 13:16:27.680754"></TimeCreated>
44683-<EventRecordID>243867</EventRecordID>
44684-<Correlation ActivityID="{71a9b66f-4900-0001-a8b6-a9710049d401}" RelatedActivityID=""></Correlation>
44685-<Execution ProcessID="664" ThreadID="720"></Execution>
44686-<Channel>Security</Channel>
44687-<Computer>WIN-KCON-EXCH16.EM.KRINGLECON.COM</Computer>
44688-<Security UserID=""></Security>
44689-</System>
44690-<EventData><Data Name="SubjectUserSid">S-1-0-0</Data>
44691-<Data Name="SubjectUserName">-</Data>
44692-<Data Name="SubjectDomainName">-</Data>
44693-<Data Name="SubjectLogonId">0x0000000000000000</Data>
44694-<Data Name="TargetUserSid">S-1-5-21-25059752-1411454016-2901770228-1134</Data>
44695-<Data Name="TargetUserName">HealthMailboxbe58608</Data>
44696-<Data Name="TargetDomainName">EM.KRINGLECON.COM</Data>
--
44701-<Data Name="WorkstationName">-</Data>
44702-<Data Name="LogonGuid">{66b54d86-4302-a414-4b44-b4078e2c002e}</Data>
44703-<Data Name="TransmittedServices">-</Data>
44704-<Data Name="LmPackageName">-</Data>
44705-<Data Name="KeyLength">0</Data>
44706-<Data Name="ProcessId">0x0000000000000000</Data>
44707-<Data Name="ProcessName">-</Data>
44708-<Data Name="IpAddress">127.0.0.1</Data>
44709-<Data Name="IpPort">13989</Data>
44710-<Data Name="ImpersonationLevel">%%1840</Data>
44711-<Data Name="RestrictedAdminMode">-</Data>
44712-<Data Name="TargetOutboundUserName">-</Data>
44713-<Data Name="TargetOutboundDomainName">-</Data>
44714-<Data Name="VirtualAccount">%%1843</Data>
44715-<Data Name="TargetLinkedLogonId">0x0000000000000000</Data>
44716-<Data Name="ElevatedToken">%%1842</Data>
44717-</EventData>
44718-</Event>
44719-
44720-<Event xmlns="http://schemas.microsoft.com/win/2004/08/events/event"><System><Provider Name="Microsoft-Windows-Security-Auditing" Guid="{54849625-5478-4994-a5ba-3e3b0328c30d}"></Provider>
44721:<EventID Qualifiers="">4624</EventID>
44722-<Version>2</Version>
44723-<Level>0</Level>
44724-<Task>12544</Task>
44725-<Opcode>0</Opcode>
44726-<Keywords>0x8020000000000000</Keywords>
44727-<TimeCreated SystemTime="2018-09-10 13:16:31.326021"></TimeCreated>
44728-<EventRecordID>243870</EventRecordID>
44729-<Correlation ActivityID="{71a9b66f-4900-0001-a8b6-a9710049d401}" RelatedActivityID=""></Correlation>
44730-<Execution ProcessID="664" ThreadID="848"></Execution>
44731-<Channel>Security</Channel>
44732-<Computer>WIN-KCON-EXCH16.EM.KRINGLECON.COM</Computer>
44733-<Security UserID=""></Security>
44734-</System>
44735-<EventData><Data Name="SubjectUserSid">S-1-0-0</Data>
44736-<Data Name="SubjectUserName">-</Data>
44737-<Data Name="SubjectDomainName">-</Data>
44738-<Data Name="SubjectLogonId">0x0000000000000000</Data>
44739-<Data Name="TargetUserSid">S-1-5-21-25059752-1411454016-2901770228-1134</Data>
44740-<Data Name="TargetUserName">HealthMailboxbe58608</Data>
44741-<Data Name="TargetDomainName">EM.KRINGLECON.COM</Data>
--
44746-<Data Name="WorkstationName">-</Data>
44747-<Data Name="LogonGuid">{66b54d86-4302-a414-4b44-b4078e2c002e}</Data>
44748-<Data Name="TransmittedServices">-</Data>
44749-<Data Name="LmPackageName">-</Data>
44750-<Data Name="KeyLength">0</Data>
44751-<Data Name="ProcessId">0x0000000000000000</Data>
44752-<Data Name="ProcessName">-</Data>
44753-<Data Name="IpAddress">::1</Data>
44754-<Data Name="IpPort">13997</Data>
44755-<Data Name="ImpersonationLevel">%%1840</Data>
44756-<Data Name="RestrictedAdminMode">-</Data>
44757-<Data Name="TargetOutboundUserName">-</Data>
44758-<Data Name="TargetOutboundDomainName">-</Data>
44759-<Data Name="VirtualAccount">%%1843</Data>
44760-<Data Name="TargetLinkedLogonId">0x0000000000000000</Data>
44761-<Data Name="ElevatedToken">%%1842</Data>
44762-</EventData>
44763-</Event>
44764-
44765-<Event xmlns="http://schemas.microsoft.com/win/2004/08/events/event"><System><Provider Name="Microsoft-Windows-Security-Auditing" Guid="{54849625-5478-4994-a5ba-3e3b0328c30d}"></Provider>
44766:<EventID Qualifiers="">4624</EventID>
44767-<Version>2</Version>
44768-<Level>0</Level>
44769-<Task>12544</Task>
44770-<Opcode>0</Opcode>
44771-<Keywords>0x8020000000000000</Keywords>
44772-<TimeCreated SystemTime="2018-09-10 13:16:42.025658"></TimeCreated>
44773-<EventRecordID>243888</EventRecordID>
44774-<Correlation ActivityID="{71a9b66f-4900-0001-a8b6-a9710049d401}" RelatedActivityID=""></Correlation>
44775-<Execution ProcessID="664" ThreadID="712"></Execution>
44776-<Channel>Security</Channel>
44777-<Computer>WIN-KCON-EXCH16.EM.KRINGLECON.COM</Computer>
44778-<Security UserID=""></Security>
44779-</System>
44780-<EventData><Data Name="SubjectUserSid">S-1-0-0</Data>
44781-<Data Name="SubjectUserName">-</Data>
44782-<Data Name="SubjectDomainName">-</Data>
44783-<Data Name="SubjectLogonId">0x0000000000000000</Data>
44784-<Data Name="TargetUserSid">S-1-5-21-25059752-1411454016-2901770228-1134</Data>
44785-<Data Name="TargetUserName">HealthMailboxbe58608</Data>
44786-<Data Name="TargetDomainName">EM.KRINGLECON.COM</Data>
--
44791-<Data Name="WorkstationName">-</Data>
44792-<Data Name="LogonGuid">{66b54d86-4302-a414-4b44-b4078e2c002e}</Data>
44793-<Data Name="TransmittedServices">-</Data>
44794-<Data Name="LmPackageName">-</Data>
44795-<Data Name="KeyLength">0</Data>
44796-<Data Name="ProcessId">0x0000000000000000</Data>
44797-<Data Name="ProcessName">-</Data>
44798-<Data Name="IpAddress">127.0.0.1</Data>
44799-<Data Name="IpPort">14020</Data>
44800-<Data Name="ImpersonationLevel">%%1840</Data>
44801-<Data Name="RestrictedAdminMode">-</Data>
44802-<Data Name="TargetOutboundUserName">-</Data>
44803-<Data Name="TargetOutboundDomainName">-</Data>
44804-<Data Name="VirtualAccount">%%1843</Data>
44805-<Data Name="TargetLinkedLogonId">0x0000000000000000</Data>
44806-<Data Name="ElevatedToken">%%1842</Data>
44807-</EventData>
44808-</Event>
44809-
44810-<Event xmlns="http://schemas.microsoft.com/win/2004/08/events/event"><System><Provider Name="Microsoft-Windows-Security-Auditing" Guid="{54849625-5478-4994-a5ba-3e3b0328c30d}"></Provider>
44811:<EventID Qualifiers="">4624</EventID>
44812-<Version>2</Version>
44813-<Level>0</Level>
44814-<Task>12544</Task>
44815-<Opcode>0</Opcode>
44816-<Keywords>0x8020000000000000</Keywords>
44817-<TimeCreated SystemTime="2018-09-10 13:16:48.737577"></TimeCreated>
44818-<EventRecordID>243907</EventRecordID>
44819-<Correlation ActivityID="{71a9b66f-4900-0001-a8b6-a9710049d401}" RelatedActivityID=""></Correlation>
44820-<Execution ProcessID="664" ThreadID="720"></Execution>
44821-<Channel>Security</Channel>
44822-<Computer>WIN-KCON-EXCH16.EM.KRINGLECON.COM</Computer>
44823-<Security UserID=""></Security>
44824-</System>
44825-<EventData><Data Name="SubjectUserSid">S-1-0-0</Data>
44826-<Data Name="SubjectUserName">-</Data>
44827-<Data Name="SubjectDomainName">-</Data>
44828-<Data Name="SubjectLogonId">0x0000000000000000</Data>
44829-<Data Name="TargetUserSid">S-1-5-21-25059752-1411454016-2901770228-1134</Data>
44830-<Data Name="TargetUserName">HealthMailboxbe58608</Data>
44831-<Data Name="TargetDomainName">EM.KRINGLECON.COM</Data>
--
44836-<Data Name="WorkstationName">-</Data>
44837-<Data Name="LogonGuid">{66b54d86-4302-a414-4b44-b4078e2c002e}</Data>
44838-<Data Name="TransmittedServices">-</Data>
44839-<Data Name="LmPackageName">-</Data>
44840-<Data Name="KeyLength">0</Data>
44841-<Data Name="ProcessId">0x0000000000000000</Data>
44842-<Data Name="ProcessName">-</Data>
44843-<Data Name="IpAddress">127.0.0.1</Data>
44844-<Data Name="IpPort">14032</Data>
44845-<Data Name="ImpersonationLevel">%%1840</Data>
44846-<Data Name="RestrictedAdminMode">-</Data>
44847-<Data Name="TargetOutboundUserName">-</Data>
44848-<Data Name="TargetOutboundDomainName">-</Data>
44849-<Data Name="VirtualAccount">%%1843</Data>
44850-<Data Name="TargetLinkedLogonId">0x0000000000000000</Data>
44851-<Data Name="ElevatedToken">%%1842</Data>
44852-</EventData>
44853-</Event>
44854-
44855-<Event xmlns="http://schemas.microsoft.com/win/2004/08/events/event"><System><Provider Name="Microsoft-Windows-Security-Auditing" Guid="{54849625-5478-4994-a5ba-3e3b0328c30d}"></Provider>
44856:<EventID Qualifiers="">4624</EventID>
44857-<Version>2</Version>
44858-<Level>0</Level>
44859-<Task>12544</Task>
44860-<Opcode>0</Opcode>
44861-<Keywords>0x8020000000000000</Keywords>
44862-<TimeCreated SystemTime="2018-09-10 13:16:48.769611"></TimeCreated>
44863-<EventRecordID>243910</EventRecordID>
44864-<Correlation ActivityID="{71a9b66f-4900-0001-a8b6-a9710049d401}" RelatedActivityID=""></Correlation>
44865-<Execution ProcessID="664" ThreadID="852"></Execution>
44866-<Channel>Security</Channel>
44867-<Computer>WIN-KCON-EXCH16.EM.KRINGLECON.COM</Computer>
44868-<Security UserID=""></Security>
44869-</System>
44870-<EventData><Data Name="SubjectUserSid">S-1-0-0</Data>
44871-<Data Name="SubjectUserName">-</Data>
44872-<Data Name="SubjectDomainName">-</Data>
44873-<Data Name="SubjectLogonId">0x0000000000000000</Data>
44874-<Data Name="TargetUserSid">S-1-5-21-25059752-1411454016-2901770228-1134</Data>
44875-<Data Name="TargetUserName">HealthMailboxbe58608</Data>
44876-<Data Name="TargetDomainName">EM.KRINGLECON.COM</Data>
--
44910-<Execution ProcessID="664" ThreadID="848"></Execution>
44911-<Channel>Security</Channel>
44912-<Computer>WIN-KCON-EXCH16.EM.KRINGLECON.COM</Computer>
44913-<Security UserID=""></Security>
44914-</System>
44915-<EventData><Data Name="TargetUserName">WIN-KCON-EXCH16$@EM.KRINGLECON.COM</Data>
44916-<Data Name="TargetDomainName">EM.KRINGLECON.COM</Data>
44917-<Data Name="ServiceName">WIN-KCON-EXCH16$</Data>
44918-<Data Name="ServiceSid">S-1-5-21-25059752-1411454016-2901770228-1000</Data>
44919-<Data Name="TicketOptions">0x40810000</Data>
44920-<Data Name="TicketEncryptionType">0x00000012</Data>
44921-<Data Name="IpAddress">::1</Data>
44922-<Data Name="IpPort">0</Data>
44923-<Data Name="Status">0x00000000</Data>
44924-<Data Name="LogonGuid">{9abec518-2616-aba9-d553-42f308a56b52}</Data>
44925-<Data Name="TransmittedServices">-</Data>
44926-</EventData>
44927-</Event>
44928-
44929-<Event xmlns="http://schemas.microsoft.com/win/2004/08/events/event"><System><Provider Name="Microsoft-Windows-Security-Auditing" Guid="{54849625-5478-4994-a5ba-3e3b0328c30d}"></Provider>
44930:<EventID Qualifiers="">4624</EventID>
44931-<Version>2</Version>
44932-<Level>0</Level>
44933-<Task>12544</Task>
44934-<Opcode>0</Opcode>
44935-<Keywords>0x8020000000000000</Keywords>
44936-<TimeCreated SystemTime="2018-09-10 13:16:59.793428"></TimeCreated>
44937-<EventRecordID>243943</EventRecordID>
44938-<Correlation ActivityID="" RelatedActivityID=""></Correlation>
44939-<Execution ProcessID="664" ThreadID="848"></Execution>
44940-<Channel>Security</Channel>
44941-<Computer>WIN-KCON-EXCH16.EM.KRINGLECON.COM</Computer>
44942-<Security UserID=""></Security>
44943-</System>
44944-<EventData><Data Name="SubjectUserSid">S-1-5-18</Data>
44945-<Data Name="SubjectUserName">WIN-KCON-EXCH16$</Data>
44946-<Data Name="SubjectDomainName">EM.KRINGLECON</Data>
44947-<Data Name="SubjectLogonId">0x00000000000003e7</Data>
44948-<Data Name="TargetUserSid">S-1-5-21-25059752-1411454016-2901770228-1133</Data>
44949-<Data Name="TargetUserName">HealthMailboxbab78a6</Data>
44950-<Data Name="TargetDomainName">EM.KRINGLECON</Data>
--
44955-<Data Name="WorkstationName">WIN-KCON-EXCH16</Data>
44956-<Data Name="LogonGuid">{2f4df08a-41cc-95d1-9bfa-03bf0a873f7f}</Data>
44957-<Data Name="TransmittedServices">-</Data>
44958-<Data Name="LmPackageName">-</Data>
44959-<Data Name="KeyLength">0</Data>
44960-<Data Name="ProcessId">0x0000000000003600</Data>
44961-<Data Name="ProcessName">C:\Windows\System32\inetsrv\w3wp.exe</Data>
44962-<Data Name="IpAddress">-</Data>
44963-<Data Name="IpPort">-</Data>
44964-<Data Name="ImpersonationLevel">%%1832</Data>
44965-<Data Name="RestrictedAdminMode">-</Data>
44966-<Data Name="TargetOutboundUserName">-</Data>
44967-<Data Name="TargetOutboundDomainName">-</Data>
44968-<Data Name="VirtualAccount">%%1843</Data>
44969-<Data Name="TargetLinkedLogonId">0x0000000000000000</Data>
44970-<Data Name="ElevatedToken">%%1842</Data>
44971-</EventData>
44972-</Event>
44973-
44974-<Event xmlns="http://schemas.microsoft.com/win/2004/08/events/event"><System><Provider Name="Microsoft-Windows-Security-Auditing" Guid="{54849625-5478-4994-a5ba-3e3b0328c30d}"></Provider>
44975:<EventID Qualifiers="">4624</EventID>
44976-<Version>2</Version>
44977-<Level>0</Level>
44978-<Task>12544</Task>
44979-<Opcode>0</Opcode>
44980-<Keywords>0x8020000000000000</Keywords>
44981-<TimeCreated SystemTime="2018-09-10 13:16:59.798018"></TimeCreated>
44982-<EventRecordID>243946</EventRecordID>
44983-<Correlation ActivityID="{71a9b66f-4900-0001-a8b6-a9710049d401}" RelatedActivityID=""></Correlation>
44984-<Execution ProcessID="664" ThreadID="852"></Execution>
44985-<Channel>Security</Channel>
44986-<Computer>WIN-KCON-EXCH16.EM.KRINGLECON.COM</Computer>
44987-<Security UserID=""></Security>
44988-</System>
44989-<EventData><Data Name="SubjectUserSid">S-1-5-18</Data>
44990-<Data Name="SubjectUserName">WIN-KCON-EXCH16$</Data>
44991-<Data Name="SubjectDomainName">EM.KRINGLECON</Data>
44992-<Data Name="SubjectLogonId">0x00000000000003e7</Data>
44993-<Data Name="TargetUserSid">S-1-5-21-25059752-1411454016-2901770228-1133</Data>
44994-<Data Name="TargetUserName">HealthMailboxbab78a6</Data>
44995-<Data Name="TargetDomainName">EM.KRINGLECON</Data>
--
45000-<Data Name="WorkstationName">WIN-KCON-EXCH16</Data>
45001-<Data Name="LogonGuid">{2f4df08a-41cc-95d1-9bfa-03bf0a873f7f}</Data>
45002-<Data Name="TransmittedServices">-</Data>
45003-<Data Name="LmPackageName">-</Data>
45004-<Data Name="KeyLength">0</Data>
45005-<Data Name="ProcessId">0x0000000000003600</Data>
45006-<Data Name="ProcessName">C:\Windows\System32\inetsrv\w3wp.exe</Data>
45007-<Data Name="IpAddress">-</Data>
45008-<Data Name="IpPort">-</Data>
45009-<Data Name="ImpersonationLevel">%%1832</Data>
45010-<Data Name="RestrictedAdminMode">-</Data>
45011-<Data Name="TargetOutboundUserName">-</Data>
45012-<Data Name="TargetOutboundDomainName">-</Data>
45013-<Data Name="VirtualAccount">%%1843</Data>
45014-<Data Name="TargetLinkedLogonId">0x0000000000000000</Data>
45015-<Data Name="ElevatedToken">%%1842</Data>
45016-</EventData>
45017-</Event>
45018-
45019-<Event xmlns="http://schemas.microsoft.com/win/2004/08/events/event"><System><Provider Name="Microsoft-Windows-Security-Auditing" Guid="{54849625-5478-4994-a5ba-3e3b0328c30d}"></Provider>
45020:<EventID Qualifiers="">4624</EventID>
45021-<Version>2</Version>
45022-<Level>0</Level>
45023-<Task>12544</Task>
45024-<Opcode>0</Opcode>
45025-<Keywords>0x8020000000000000</Keywords>
45026-<TimeCreated SystemTime="2018-09-10 13:17:02.454212"></TimeCreated>
45027-<EventRecordID>243959</EventRecordID>
45028-<Correlation ActivityID="{71a9b66f-4900-0001-a8b6-a9710049d401}" RelatedActivityID=""></Correlation>
45029-<Execution ProcessID="664" ThreadID="720"></Execution>
45030-<Channel>Security</Channel>
45031-<Computer>WIN-KCON-EXCH16.EM.KRINGLECON.COM</Computer>
45032-<Security UserID=""></Security>
45033-</System>
45034-<EventData><Data Name="SubjectUserSid">S-1-0-0</Data>
45035-<Data Name="SubjectUserName">-</Data>
45036-<Data Name="SubjectDomainName">-</Data>
45037-<Data Name="SubjectLogonId">0x0000000000000000</Data>
45038-<Data Name="TargetUserSid">S-1-5-21-25059752-1411454016-2901770228-1134</Data>
45039-<Data Name="TargetUserName">HealthMailboxbe58608</Data>
45040-<Data Name="TargetDomainName">EM.KRINGLECON.COM</Data>
--
45067-<Level>0</Level>
45068-<Task>14336</Task>
45069-<Opcode>0</Opcode>
45070-<Keywords>0x8020000000000000</Keywords>
45071-<TimeCreated SystemTime="2018-09-10 13:17:05.114920"></TimeCreated>
45072-<EventRecordID>243966</EventRecordID>
45073-<Correlation ActivityID="" RelatedActivityID=""></Correlation>
45074-<Execution ProcessID="664" ThreadID="852"></Execution>
45075-<Channel>Security</Channel>
45076-<Computer>WIN-KCON-EXCH16.EM.KRINGLECON.COM</Computer>
45077-<Security UserID=""></Security>
45078-</System>
45079-<EventData><Data Name="PackageName">MICROSOFT_AUTHENTICATION_PACKAGE_V1_0</Data>
45080-<Data Name="TargetUserName">HealthMailboxbe58608d4925422d8e4ea458cfedc612@EM.KRINGLECON.COM</Data>
45081-<Data Name="Workstation">WIN-KCON-EXCH16</Data>
45082-<Data Name="Status">0x00000000</Data>
45083-</EventData>
45084-</Event>
45085-
45086-<Event xmlns="http://schemas.microsoft.com/win/2004/08/events/event"><System><Provider Name="Microsoft-Windows-Security-Auditing" Guid="{54849625-5478-4994-a5ba-3e3b0328c30d}"></Provider>
45087:<EventID Qualifiers="">4624</EventID>
45088-<Version>2</Version>
45089-<Level>0</Level>
45090-<Task>12544</Task>
45091-<Opcode>0</Opcode>
45092-<Keywords>0x8020000000000000</Keywords>
45093-<TimeCreated SystemTime="2018-09-10 13:17:05.117113"></TimeCreated>
45094-<EventRecordID>243967</EventRecordID>
45095-<Correlation ActivityID="" RelatedActivityID=""></Correlation>
45096-<Execution ProcessID="664" ThreadID="852"></Execution>
45097-<Channel>Security</Channel>
45098-<Computer>WIN-KCON-EXCH16.EM.KRINGLECON.COM</Computer>
45099-<Security UserID=""></Security>
45100-</System>
45101-<EventData><Data Name="SubjectUserSid">S-1-0-0</Data>
45102-<Data Name="SubjectUserName">-</Data>
45103-<Data Name="SubjectDomainName">-</Data>
45104-<Data Name="SubjectLogonId">0x0000000000000000</Data>
45105-<Data Name="TargetUserSid">S-1-5-21-25059752-1411454016-2901770228-1134</Data>
45106-<Data Name="TargetUserName">HealthMailboxbe58608</Data>
45107-<Data Name="TargetDomainName">EM.KRINGLECON</Data>
--
45134-<Level>0</Level>
45135-<Task>14336</Task>
45136-<Opcode>0</Opcode>
45137-<Keywords>0x8020000000000000</Keywords>
45138-<TimeCreated SystemTime="2018-09-10 13:17:05.144661"></TimeCreated>
45139-<EventRecordID>243975</EventRecordID>
45140-<Correlation ActivityID="" RelatedActivityID=""></Correlation>
45141-<Execution ProcessID="664" ThreadID="852"></Execution>
45142-<Channel>Security</Channel>
45143-<Computer>WIN-KCON-EXCH16.EM.KRINGLECON.COM</Computer>
45144-<Security UserID=""></Security>
45145-</System>
45146-<EventData><Data Name="PackageName">MICROSOFT_AUTHENTICATION_PACKAGE_V1_0</Data>
45147-<Data Name="TargetUserName">HealthMailboxbe58608d4925422d8e4ea458cfedc612@EM.KRINGLECON.COM</Data>
45148-<Data Name="Workstation">WIN-KCON-EXCH16</Data>
45149-<Data Name="Status">0x00000000</Data>
45150-</EventData>
45151-</Event>
45152-
45153-<Event xmlns="http://schemas.microsoft.com/win/2004/08/events/event"><System><Provider Name="Microsoft-Windows-Security-Auditing" Guid="{54849625-5478-4994-a5ba-3e3b0328c30d}"></Provider>
45154:<EventID Qualifiers="">4624</EventID>
45155-<Version>2</Version>
45156-<Level>0</Level>
45157-<Task>12544</Task>
45158-<Opcode>0</Opcode>
45159-<Keywords>0x8020000000000000</Keywords>
45160-<TimeCreated SystemTime="2018-09-10 13:17:05.145088"></TimeCreated>
45161-<EventRecordID>243976</EventRecordID>
45162-<Correlation ActivityID="" RelatedActivityID=""></Correlation>
45163-<Execution ProcessID="664" ThreadID="852"></Execution>
45164-<Channel>Security</Channel>
45165-<Computer>WIN-KCON-EXCH16.EM.KRINGLECON.COM</Computer>
45166-<Security UserID=""></Security>
45167-</System>
45168-<EventData><Data Name="SubjectUserSid">S-1-0-0</Data>
45169-<Data Name="SubjectUserName">-</Data>
45170-<Data Name="SubjectDomainName">-</Data>
45171-<Data Name="SubjectLogonId">0x0000000000000000</Data>
45172-<Data Name="TargetUserSid">S-1-5-21-25059752-1411454016-2901770228-1134</Data>
45173-<Data Name="TargetUserName">HealthMailboxbe58608</Data>
45174-<Data Name="TargetDomainName">EM.KRINGLECON</Data>
--
45201-<Level>0</Level>
45202-<Task>14336</Task>
45203-<Opcode>0</Opcode>
45204-<Keywords>0x8020000000000000</Keywords>
45205-<TimeCreated SystemTime="2018-09-10 13:17:05.147675"></TimeCreated>
45206-<EventRecordID>243978</EventRecordID>
45207-<Correlation ActivityID="" RelatedActivityID=""></Correlation>
45208-<Execution ProcessID="664" ThreadID="852"></Execution>
45209-<Channel>Security</Channel>
45210-<Computer>WIN-KCON-EXCH16.EM.KRINGLECON.COM</Computer>
45211-<Security UserID=""></Security>
45212-</System>
45213-<EventData><Data Name="PackageName">MICROSOFT_AUTHENTICATION_PACKAGE_V1_0</Data>
45214-<Data Name="TargetUserName">HealthMailboxbe58608d4925422d8e4ea458cfedc612@EM.KRINGLECON.COM</Data>
45215-<Data Name="Workstation">WIN-KCON-EXCH16</Data>
45216-<Data Name="Status">0x00000000</Data>
45217-</EventData>
45218-</Event>
45219-
45220-<Event xmlns="http://schemas.microsoft.com/win/2004/08/events/event"><System><Provider Name="Microsoft-Windows-Security-Auditing" Guid="{54849625-5478-4994-a5ba-3e3b0328c30d}"></Provider>
45221:<EventID Qualifiers="">4624</EventID>
45222-<Version>2</Version>
45223-<Level>0</Level>
45224-<Task>12544</Task>
45225-<Opcode>0</Opcode>
45226-<Keywords>0x8020000000000000</Keywords>
45227-<TimeCreated SystemTime="2018-09-10 13:17:05.148008"></TimeCreated>
45228-<EventRecordID>243979</EventRecordID>
45229-<Correlation ActivityID="" RelatedActivityID=""></Correlation>
45230-<Execution ProcessID="664" ThreadID="852"></Execution>
45231-<Channel>Security</Channel>
45232-<Computer>WIN-KCON-EXCH16.EM.KRINGLECON.COM</Computer>
45233-<Security UserID=""></Security>
45234-</System>
45235-<EventData><Data Name="SubjectUserSid">S-1-0-0</Data>
45236-<Data Name="SubjectUserName">-</Data>
45237-<Data Name="SubjectDomainName">-</Data>
45238-<Data Name="SubjectLogonId">0x0000000000000000</Data>
45239-<Data Name="TargetUserSid">S-1-5-21-25059752-1411454016-2901770228-1134</Data>
45240-<Data Name="TargetUserName">HealthMailboxbe58608</Data>
45241-<Data Name="TargetDomainName">EM.KRINGLECON</Data>
--
45246-<Data Name="WorkstationName">WIN-KCON-EXCH16</Data>
45247-<Data Name="LogonGuid">{00000000-0000-0000-0000-000000000000}</Data>
45248-<Data Name="TransmittedServices">-</Data>
45249-<Data Name="LmPackageName">NTLM V2</Data>
45250-<Data Name="KeyLength">0</Data>
45251-<Data Name="ProcessId">0x0000000000000000</Data>
45252-<Data Name="ProcessName">-</Data>
45253-<Data Name="IpAddress">fe80::b0d8:bf3b:51aa:caba</Data>
45254-<Data Name="IpPort">14066</Data>
45255-<Data Name="ImpersonationLevel">%%1833</Data>
45256-<Data Name="RestrictedAdminMode">-</Data>
45257-<Data Name="TargetOutboundUserName">-</Data>
45258-<Data Name="TargetOutboundDomainName">-</Data>
45259-<Data Name="VirtualAccount">%%1843</Data>
45260-<Data Name="TargetLinkedLogonId">0x0000000000000000</Data>
45261-<Data Name="ElevatedToken">%%1842</Data>
45262-</EventData>
45263-</Event>
45264-
45265-<Event xmlns="http://schemas.microsoft.com/win/2004/08/events/event"><System><Provider Name="Microsoft-Windows-Security-Auditing" Guid="{54849625-5478-4994-a5ba-3e3b0328c30d}"></Provider>
45266:<EventID Qualifiers="">4624</EventID>
45267-<Version>2</Version>
45268-<Level>0</Level>
45269-<Task>12544</Task>
45270-<Opcode>0</Opcode>
45271-<Keywords>0x8020000000000000</Keywords>
45272-<TimeCreated SystemTime="2018-09-10 13:17:06.471781"></TimeCreated>
45273-<EventRecordID>243998</EventRecordID>
45274-<Correlation ActivityID="{71a9b66f-4900-0001-a8b6-a9710049d401}" RelatedActivityID=""></Correlation>
45275-<Execution ProcessID="664" ThreadID="720"></Execution>
45276-<Channel>Security</Channel>
45277-<Computer>WIN-KCON-EXCH16.EM.KRINGLECON.COM</Computer>
45278-<Security UserID=""></Security>
45279-</System>
45280-<EventData><Data Name="SubjectUserSid">S-1-0-0</Data>
45281-<Data Name="SubjectUserName">-</Data>
45282-<Data Name="SubjectDomainName">-</Data>
45283-<Data Name="SubjectLogonId">0x0000000000000000</Data>
45284-<Data Name="TargetUserSid">S-1-5-21-25059752-1411454016-2901770228-1134</Data>
45285-<Data Name="TargetUserName">HealthMailboxbe58608</Data>
45286-<Data Name="TargetDomainName">EM.KRINGLECON.COM</Data>
--
45291-<Data Name="WorkstationName">-</Data>
45292-<Data Name="LogonGuid">{66b54d86-4302-a414-4b44-b4078e2c002e}</Data>
45293-<Data Name="TransmittedServices">-</Data>
45294-<Data Name="LmPackageName">-</Data>
45295-<Data Name="KeyLength">0</Data>
45296-<Data Name="ProcessId">0x0000000000000000</Data>
45297-<Data Name="ProcessName">-</Data>
45298-<Data Name="IpAddress">fe80::b0d8:bf3b:51aa:caba</Data>
45299-<Data Name="IpPort">14072</Data>
45300-<Data Name="ImpersonationLevel">%%1840</Data>
45301-<Data Name="RestrictedAdminMode">-</Data>
45302-<Data Name="TargetOutboundUserName">-</Data>
45303-<Data Name="TargetOutboundDomainName">-</Data>
45304-<Data Name="VirtualAccount">%%1843</Data>
45305-<Data Name="TargetLinkedLogonId">0x0000000000000000</Data>
45306-<Data Name="ElevatedToken">%%1842</Data>
45307-</EventData>
45308-</Event>
45309-
45310-<Event xmlns="http://schemas.microsoft.com/win/2004/08/events/event"><System><Provider Name="Microsoft-Windows-Security-Auditing" Guid="{54849625-5478-4994-a5ba-3e3b0328c30d}"></Provider>
45311:<EventID Qualifiers="">4624</EventID>
45312-<Version>2</Version>
45313-<Level>0</Level>
45314-<Task>12544</Task>
45315-<Opcode>0</Opcode>
45316-<Keywords>0x8020000000000000</Keywords>
45317-<TimeCreated SystemTime="2018-09-10 13:17:06.505384"></TimeCreated>
45318-<EventRecordID>244003</EventRecordID>
45319-<Correlation ActivityID="{71a9b66f-4900-0001-a8b6-a9710049d401}" RelatedActivityID=""></Correlation>
45320-<Execution ProcessID="664" ThreadID="852"></Execution>
45321-<Channel>Security</Channel>
45322-<Computer>WIN-KCON-EXCH16.EM.KRINGLECON.COM</Computer>
45323-<Security UserID=""></Security>
45324-</System>
45325-<EventData><Data Name="SubjectUserSid">S-1-0-0</Data>
45326-<Data Name="SubjectUserName">-</Data>
45327-<Data Name="SubjectDomainName">-</Data>
45328-<Data Name="SubjectLogonId">0x0000000000000000</Data>
45329-<Data Name="TargetUserSid">S-1-5-21-25059752-1411454016-2901770228-1134</Data>
45330-<Data Name="TargetUserName">HealthMailboxbe58608</Data>
45331-<Data Name="TargetDomainName">EM.KRINGLECON.COM</Data>
--
45336-<Data Name="WorkstationName">-</Data>
45337-<Data Name="LogonGuid">{07b73b89-15b3-b7c4-e678-b6ee566f408f}</Data>
45338-<Data Name="TransmittedServices">-</Data>
45339-<Data Name="LmPackageName">-</Data>
45340-<Data Name="KeyLength">0</Data>
45341-<Data Name="ProcessId">0x0000000000000000</Data>
45342-<Data Name="ProcessName">-</Data>
45343-<Data Name="IpAddress">fe80::3085:5155:bb47:8b3e</Data>
45344-<Data Name="IpPort">14074</Data>
45345-<Data Name="ImpersonationLevel">%%1840</Data>
45346-<Data Name="RestrictedAdminMode">-</Data>
45347-<Data Name="TargetOutboundUserName">-</Data>
45348-<Data Name="TargetOutboundDomainName">-</Data>
45349-<Data Name="VirtualAccount">%%1843</Data>
45350-<Data Name="TargetLinkedLogonId">0x0000000000000000</Data>
45351-<Data Name="ElevatedToken">%%1842</Data>
45352-</EventData>
45353-</Event>
45354-
45355-<Event xmlns="http://schemas.microsoft.com/win/2004/08/events/event"><System><Provider Name="Microsoft-Windows-Security-Auditing" Guid="{54849625-5478-4994-a5ba-3e3b0328c30d}"></Provider>
45356:<EventID Qualifiers="">4624</EventID>
45357-<Version>2</Version>
45358-<Level>0</Level>
45359-<Task>12544</Task>
45360-<Opcode>0</Opcode>
45361-<Keywords>0x8020000000000000</Keywords>
45362-<TimeCreated SystemTime="2018-09-10 13:17:06.526203"></TimeCreated>
45363-<EventRecordID>244008</EventRecordID>
45364-<Correlation ActivityID="{71a9b66f-4900-0001-a8b6-a9710049d401}" RelatedActivityID=""></Correlation>
45365-<Execution ProcessID="664" ThreadID="852"></Execution>
45366-<Channel>Security</Channel>
45367-<Computer>WIN-KCON-EXCH16.EM.KRINGLECON.COM</Computer>
45368-<Security UserID=""></Security>
45369-</System>
45370-<EventData><Data Name="SubjectUserSid">S-1-0-0</Data>
45371-<Data Name="SubjectUserName">-</Data>
45372-<Data Name="SubjectDomainName">-</Data>
45373-<Data Name="SubjectLogonId">0x0000000000000000</Data>
45374-<Data Name="TargetUserSid">S-1-5-21-25059752-1411454016-2901770228-1134</Data>
45375-<Data Name="TargetUserName">HealthMailboxbe58608</Data>
45376-<Data Name="TargetDomainName">EM.KRINGLECON.COM</Data>
--
45381-<Data Name="WorkstationName">-</Data>
45382-<Data Name="LogonGuid">{66b54d86-4302-a414-4b44-b4078e2c002e}</Data>
45383-<Data Name="TransmittedServices">-</Data>
45384-<Data Name="LmPackageName">-</Data>
45385-<Data Name="KeyLength">0</Data>
45386-<Data Name="ProcessId">0x0000000000000000</Data>
45387-<Data Name="ProcessName">-</Data>
45388-<Data Name="IpAddress">fe80::5efe:169.254.202.186</Data>
45389-<Data Name="IpPort">14075</Data>
45390-<Data Name="ImpersonationLevel">%%1840</Data>
45391-<Data Name="RestrictedAdminMode">-</Data>
45392-<Data Name="TargetOutboundUserName">-</Data>
45393-<Data Name="TargetOutboundDomainName">-</Data>
45394-<Data Name="VirtualAccount">%%1843</Data>
45395-<Data Name="TargetLinkedLogonId">0x0000000000000000</Data>
45396-<Data Name="ElevatedToken">%%1842</Data>
45397-</EventData>
45398-</Event>
45399-
45400-<Event xmlns="http://schemas.microsoft.com/win/2004/08/events/event"><System><Provider Name="Microsoft-Windows-Security-Auditing" Guid="{54849625-5478-4994-a5ba-3e3b0328c30d}"></Provider>
45401:<EventID Qualifiers="">4624</EventID>
45402-<Version>2</Version>
45403-<Level>0</Level>
45404-<Task>12544</Task>
45405-<Opcode>0</Opcode>
45406-<Keywords>0x8020000000000000</Keywords>
45407-<TimeCreated SystemTime="2018-09-10 13:17:27.813948"></TimeCreated>
45408-<EventRecordID>244028</EventRecordID>
45409-<Correlation ActivityID="{71a9b66f-4900-0001-a8b6-a9710049d401}" RelatedActivityID=""></Correlation>
45410-<Execution ProcessID="664" ThreadID="12152"></Execution>
45411-<Channel>Security</Channel>
45412-<Computer>WIN-KCON-EXCH16.EM.KRINGLECON.COM</Computer>
45413-<Security UserID=""></Security>
45414-</System>
45415-<EventData><Data Name="SubjectUserSid">S-1-0-0</Data>
45416-<Data Name="SubjectUserName">-</Data>
45417-<Data Name="SubjectDomainName">-</Data>
45418-<Data Name="SubjectLogonId">0x0000000000000000</Data>
45419-<Data Name="TargetUserSid">S-1-5-21-25059752-1411454016-2901770228-1134</Data>
45420-<Data Name="TargetUserName">HealthMailboxbe58608</Data>
45421-<Data Name="TargetDomainName">EM.KRINGLECON.COM</Data>
--
45426-<Data Name="WorkstationName">-</Data>
45427-<Data Name="LogonGuid">{07b73b89-15b3-b7c4-e678-b6ee566f408f}</Data>
45428-<Data Name="TransmittedServices">-</Data>
45429-<Data Name="LmPackageName">-</Data>
45430-<Data Name="KeyLength">0</Data>
45431-<Data Name="ProcessId">0x0000000000000000</Data>
45432-<Data Name="ProcessName">-</Data>
45433-<Data Name="IpAddress">::1</Data>
45434-<Data Name="IpPort">14096</Data>
45435-<Data Name="ImpersonationLevel">%%1840</Data>
45436-<Data Name="RestrictedAdminMode">-</Data>
45437-<Data Name="TargetOutboundUserName">-</Data>
45438-<Data Name="TargetOutboundDomainName">-</Data>
45439-<Data Name="VirtualAccount">%%1843</Data>
45440-<Data Name="TargetLinkedLogonId">0x0000000000000000</Data>
45441-<Data Name="ElevatedToken">%%1842</Data>
45442-</EventData>
45443-</Event>
45444-
45445-<Event xmlns="http://schemas.microsoft.com/win/2004/08/events/event"><System><Provider Name="Microsoft-Windows-Security-Auditing" Guid="{54849625-5478-4994-a5ba-3e3b0328c30d}"></Provider>
45446:<EventID Qualifiers="">4624</EventID>
45447-<Version>2</Version>
45448-<Level>0</Level>
45449-<Task>12544</Task>
45450-<Opcode>0</Opcode>
45451-<Keywords>0x8020000000000000</Keywords>
45452-<TimeCreated SystemTime="2018-09-10 13:17:31.390970"></TimeCreated>
45453-<EventRecordID>244033</EventRecordID>
45454-<Correlation ActivityID="{71a9b66f-4900-0001-a8b6-a9710049d401}" RelatedActivityID=""></Correlation>
45455-<Execution ProcessID="664" ThreadID="12152"></Execution>
45456-<Channel>Security</Channel>
45457-<Computer>WIN-KCON-EXCH16.EM.KRINGLECON.COM</Computer>
45458-<Security UserID=""></Security>
45459-</System>
45460-<EventData><Data Name="SubjectUserSid">S-1-0-0</Data>
45461-<Data Name="SubjectUserName">-</Data>
45462-<Data Name="SubjectDomainName">-</Data>
45463-<Data Name="SubjectLogonId">0x0000000000000000</Data>
45464-<Data Name="TargetUserSid">S-1-5-21-25059752-1411454016-2901770228-1134</Data>
45465-<Data Name="TargetUserName">HealthMailboxbe58608</Data>
45466-<Data Name="TargetDomainName">EM.KRINGLECON.COM</Data>
--
45532-<Execution ProcessID="664" ThreadID="12152"></Execution>
45533-<Channel>Security</Channel>
45534-<Computer>WIN-KCON-EXCH16.EM.KRINGLECON.COM</Computer>
45535-<Security UserID=""></Security>
45536-</System>
45537-<EventData><Data Name="TargetUserName">HealthMailboxbab78a6@EM.KRINGLECON.COM</Data>
45538-<Data Name="TargetDomainName">EM.KRINGLECON.COM</Data>
45539-<Data Name="ServiceName">WIN-KCON-EXCH16$</Data>
45540-<Data Name="ServiceSid">S-1-5-21-25059752-1411454016-2901770228-1000</Data>
45541-<Data Name="TicketOptions">0x40810000</Data>
45542-<Data Name="TicketEncryptionType">0x00000012</Data>
45543-<Data Name="IpAddress">::1</Data>
45544-<Data Name="IpPort">0</Data>
45545-<Data Name="Status">0x00000000</Data>
45546-<Data Name="LogonGuid">{e31aa65a-a4ec-ee7e-4597-1c2c32fbbef8}</Data>
45547-<Data Name="TransmittedServices">-</Data>
45548-</EventData>
45549-</Event>
45550-
45551-<Event xmlns="http://schemas.microsoft.com/win/2004/08/events/event"><System><Provider Name="Microsoft-Windows-Security-Auditing" Guid="{54849625-5478-4994-a5ba-3e3b0328c30d}"></Provider>
45552:<EventID Qualifiers="">4624</EventID>
45553-<Version>2</Version>
45554-<Level>0</Level>
45555-<Task>12544</Task>
45556-<Opcode>0</Opcode>
45557-<Keywords>0x8020000000000000</Keywords>
45558-<TimeCreated SystemTime="2018-09-10 13:17:40.862143"></TimeCreated>
45559-<EventRecordID>244038</EventRecordID>
45560-<Correlation ActivityID="{71a9b66f-4900-0001-a8b6-a9710049d401}" RelatedActivityID=""></Correlation>
45561-<Execution ProcessID="664" ThreadID="12152"></Execution>
45562-<Channel>Security</Channel>
45563-<Computer>WIN-KCON-EXCH16.EM.KRINGLECON.COM</Computer>
45564-<Security UserID=""></Security>
45565-</System>
45566-<EventData><Data Name="SubjectUserSid">S-1-5-18</Data>
45567-<Data Name="SubjectUserName">WIN-KCON-EXCH16$</Data>
45568-<Data Name="SubjectDomainName">EM.KRINGLECON</Data>
45569-<Data Name="SubjectLogonId">0x00000000000003e7</Data>
45570-<Data Name="TargetUserSid">S-1-5-21-25059752-1411454016-2901770228-1133</Data>
45571-<Data Name="TargetUserName">HealthMailboxbab78a6</Data>
45572-<Data Name="TargetDomainName">EM.KRINGLECON</Data>
--
45638-<Execution ProcessID="664" ThreadID="12152"></Execution>
45639-<Channel>Security</Channel>
45640-<Computer>WIN-KCON-EXCH16.EM.KRINGLECON.COM</Computer>
45641-<Security UserID=""></Security>
45642-</System>
45643-<EventData><Data Name="TargetUserName">HealthMailboxbab78a6@EM.KRINGLECON.COM</Data>
45644-<Data Name="TargetDomainName">EM.KRINGLECON.COM</Data>
45645-<Data Name="ServiceName">WIN-KCON-EXCH16$</Data>
45646-<Data Name="ServiceSid">S-1-5-21-25059752-1411454016-2901770228-1000</Data>
45647-<Data Name="TicketOptions">0x40810000</Data>
45648-<Data Name="TicketEncryptionType">0x00000012</Data>
45649-<Data Name="IpAddress">::1</Data>
45650-<Data Name="IpPort">0</Data>
45651-<Data Name="Status">0x00000000</Data>
45652-<Data Name="LogonGuid">{0e6995d1-16c5-529e-5f5b-455823903b27}</Data>
45653-<Data Name="TransmittedServices">-</Data>
45654-</EventData>
45655-</Event>
45656-
45657-<Event xmlns="http://schemas.microsoft.com/win/2004/08/events/event"><System><Provider Name="Microsoft-Windows-Security-Auditing" Guid="{54849625-5478-4994-a5ba-3e3b0328c30d}"></Provider>
45658:<EventID Qualifiers="">4624</EventID>
45659-<Version>2</Version>
45660-<Level>0</Level>
45661-<Task>12544</Task>
45662-<Opcode>0</Opcode>
45663-<Keywords>0x8020000000000000</Keywords>
45664-<TimeCreated SystemTime="2018-09-10 13:17:41.248919"></TimeCreated>
45665-<EventRecordID>244060</EventRecordID>
45666-<Correlation ActivityID="{71a9b66f-4900-0001-a8b6-a9710049d401}" RelatedActivityID=""></Correlation>
45667-<Execution ProcessID="664" ThreadID="12152"></Execution>
45668-<Channel>Security</Channel>
45669-<Computer>WIN-KCON-EXCH16.EM.KRINGLECON.COM</Computer>
45670-<Security UserID=""></Security>
45671-</System>
45672-<EventData><Data Name="SubjectUserSid">S-1-5-18</Data>
45673-<Data Name="SubjectUserName">WIN-KCON-EXCH16$</Data>
45674-<Data Name="SubjectDomainName">EM.KRINGLECON</Data>
45675-<Data Name="SubjectLogonId">0x00000000000003e7</Data>
45676-<Data Name="TargetUserSid">S-1-5-21-25059752-1411454016-2901770228-1133</Data>
45677-<Data Name="TargetUserName">HealthMailboxbab78a6</Data>
45678-<Data Name="TargetDomainName">EM.KRINGLECON</Data>
--
45683-<Data Name="WorkstationName">WIN-KCON-EXCH16</Data>
45684-<Data Name="LogonGuid">{0e6995d1-16c5-529e-5f5b-455823903b27}</Data>
45685-<Data Name="TransmittedServices">-</Data>
45686-<Data Name="LmPackageName">-</Data>
45687-<Data Name="KeyLength">0</Data>
45688-<Data Name="ProcessId">0x0000000000002494</Data>
45689-<Data Name="ProcessName">C:\Program Files\Microsoft\Exchange Server\V15\Bin\MSExchangeHMWorker.exe</Data>
45690-<Data Name="IpAddress">-</Data>
45691-<Data Name="IpPort">-</Data>
45692-<Data Name="ImpersonationLevel">%%1833</Data>
45693-<Data Name="RestrictedAdminMode">-</Data>
45694-<Data Name="TargetOutboundUserName">-</Data>
45695-<Data Name="TargetOutboundDomainName">-</Data>
45696-<Data Name="VirtualAccount">%%1843</Data>
45697-<Data Name="TargetLinkedLogonId">0x0000000000000000</Data>
45698-<Data Name="ElevatedToken">%%1842</Data>
45699-</EventData>
45700-</Event>
45701-
45702-<Event xmlns="http://schemas.microsoft.com/win/2004/08/events/event"><System><Provider Name="Microsoft-Windows-Security-Auditing" Guid="{54849625-5478-4994-a5ba-3e3b0328c30d}"></Provider>
45703:<EventID Qualifiers="">4624</EventID>
45704-<Version>2</Version>
45705-<Level>0</Level>
45706-<Task>12544</Task>
45707-<Opcode>0</Opcode>
45708-<Keywords>0x8020000000000000</Keywords>
45709-<TimeCreated SystemTime="2018-09-10 13:17:42.154804"></TimeCreated>
45710-<EventRecordID>244067</EventRecordID>
45711-<Correlation ActivityID="{71a9b66f-4900-0001-a8b6-a9710049d401}" RelatedActivityID=""></Correlation>
45712-<Execution ProcessID="664" ThreadID="848"></Execution>
45713-<Channel>Security</Channel>
45714-<Computer>WIN-KCON-EXCH16.EM.KRINGLECON.COM</Computer>
45715-<Security UserID=""></Security>
45716-</System>
45717-<EventData><Data Name="SubjectUserSid">S-1-0-0</Data>
45718-<Data Name="SubjectUserName">-</Data>
45719-<Data Name="SubjectDomainName">-</Data>
45720-<Data Name="SubjectLogonId">0x0000000000000000</Data>
45721-<Data Name="TargetUserSid">S-1-5-21-25059752-1411454016-2901770228-1134</Data>
45722-<Data Name="TargetUserName">HealthMailboxbe58608</Data>
45723-<Data Name="TargetDomainName">EM.KRINGLECON.COM</Data>
--
45728-<Data Name="WorkstationName">-</Data>
45729-<Data Name="LogonGuid">{07b73b89-15b3-b7c4-e678-b6ee566f408f}</Data>
45730-<Data Name="TransmittedServices">-</Data>
45731-<Data Name="LmPackageName">-</Data>
45732-<Data Name="KeyLength">0</Data>
45733-<Data Name="ProcessId">0x0000000000000000</Data>
45734-<Data Name="ProcessName">-</Data>
45735-<Data Name="IpAddress">::1</Data>
45736-<Data Name="IpPort">14117</Data>
45737-<Data Name="ImpersonationLevel">%%1840</Data>
45738-<Data Name="RestrictedAdminMode">-</Data>
45739-<Data Name="TargetOutboundUserName">-</Data>
45740-<Data Name="TargetOutboundDomainName">-</Data>
45741-<Data Name="VirtualAccount">%%1843</Data>
45742-<Data Name="TargetLinkedLogonId">0x0000000000000000</Data>
45743-<Data Name="ElevatedToken">%%1842</Data>
45744-</EventData>
45745-</Event>
45746-
45747-<Event xmlns="http://schemas.microsoft.com/win/2004/08/events/event"><System><Provider Name="Microsoft-Windows-Security-Auditing" Guid="{54849625-5478-4994-a5ba-3e3b0328c30d}"></Provider>
45748:<EventID Qualifiers="">4624</EventID>
45749-<Version>2</Version>
45750-<Level>0</Level>
45751-<Task>12544</Task>
45752-<Opcode>0</Opcode>
45753-<Keywords>0x8020000000000000</Keywords>
45754-<TimeCreated SystemTime="2018-09-10 13:17:43.726370"></TimeCreated>
45755-<EventRecordID>244070</EventRecordID>
45756-<Correlation ActivityID="{71a9b66f-4900-0001-a8b6-a9710049d401}" RelatedActivityID=""></Correlation>
45757-<Execution ProcessID="664" ThreadID="12152"></Execution>
45758-<Channel>Security</Channel>
45759-<Computer>WIN-KCON-EXCH16.EM.KRINGLECON.COM</Computer>
45760-<Security UserID=""></Security>
45761-</System>
45762-<EventData><Data Name="SubjectUserSid">S-1-0-0</Data>
45763-<Data Name="SubjectUserName">-</Data>
45764-<Data Name="SubjectDomainName">-</Data>
45765-<Data Name="SubjectLogonId">0x0000000000000000</Data>
45766-<Data Name="TargetUserSid">S-1-5-21-25059752-1411454016-2901770228-1134</Data>
45767-<Data Name="TargetUserName">HealthMailboxbe58608</Data>
45768-<Data Name="TargetDomainName">EM.KRINGLECON.COM</Data>
--
45773-<Data Name="WorkstationName">-</Data>
45774-<Data Name="LogonGuid">{66b54d86-4302-a414-4b44-b4078e2c002e}</Data>
45775-<Data Name="TransmittedServices">-</Data>
45776-<Data Name="LmPackageName">-</Data>
45777-<Data Name="KeyLength">0</Data>
45778-<Data Name="ProcessId">0x0000000000000000</Data>
45779-<Data Name="ProcessName">-</Data>
45780-<Data Name="IpAddress">-</Data>
45781-<Data Name="IpPort">-</Data>
45782-<Data Name="ImpersonationLevel">%%1840</Data>
45783-<Data Name="RestrictedAdminMode">-</Data>
45784-<Data Name="TargetOutboundUserName">-</Data>
45785-<Data Name="TargetOutboundDomainName">-</Data>
45786-<Data Name="VirtualAccount">%%1843</Data>
45787-<Data Name="TargetLinkedLogonId">0x0000000000000000</Data>
45788-<Data Name="ElevatedToken">%%1842</Data>
45789-</EventData>
45790-</Event>
