45791-
45792-<Event xmlns="http://schemas.microsoft.com/win/2004/08/events/event"><System><Provider Name="Microsoft-Windows-Security-Auditing" Guid="{54849625-5478-4994-a5ba-3e3b0328c30d}"></Provider>
45793:<EventID Qualifiers="">4624</EventID>
45794-<Version>2</Version>
45795-<Level>0</Level>
45796-<Task>12544</Task>
45797-<Opcode>0</Opcode>
45798-<Keywords>0x8020000000000000</Keywords>
45799-<TimeCreated SystemTime="2018-09-10 13:17:43.770832"></TimeCreated>
45800-<EventRecordID>244074</EventRecordID>
45801-<Correlation ActivityID="{71a9b66f-4900-0001-a8b6-a9710049d401}" RelatedActivityID=""></Correlation>
45802-<Execution ProcessID="664" ThreadID="12152"></Execution>
45803-<Channel>Security</Channel>
45804-<Computer>WIN-KCON-EXCH16.EM.KRINGLECON.COM</Computer>
45805-<Security UserID=""></Security>
45806-</System>
45807-<EventData><Data Name="SubjectUserSid">S-1-0-0</Data>
45808-<Data Name="SubjectUserName">-</Data>
45809-<Data Name="SubjectDomainName">-</Data>
45810-<Data Name="SubjectLogonId">0x0000000000000000</Data>
45811-<Data Name="TargetUserSid">S-1-5-21-25059752-1411454016-2901770228-1134</Data>
45812-<Data Name="TargetUserName">HealthMailboxbe58608</Data>
45813-<Data Name="TargetDomainName">EM.KRINGLECON.COM</Data>
--
45818-<Data Name="WorkstationName">-</Data>
45819-<Data Name="LogonGuid">{66b54d86-4302-a414-4b44-b4078e2c002e}</Data>
45820-<Data Name="TransmittedServices">-</Data>
45821-<Data Name="LmPackageName">-</Data>
45822-<Data Name="KeyLength">0</Data>
45823-<Data Name="ProcessId">0x0000000000000000</Data>
45824-<Data Name="ProcessName">-</Data>
45825-<Data Name="IpAddress">-</Data>
45826-<Data Name="IpPort">-</Data>
45827-<Data Name="ImpersonationLevel">%%1840</Data>
45828-<Data Name="RestrictedAdminMode">-</Data>
45829-<Data Name="TargetOutboundUserName">-</Data>
45830-<Data Name="TargetOutboundDomainName">-</Data>
45831-<Data Name="VirtualAccount">%%1843</Data>
45832-<Data Name="TargetLinkedLogonId">0x0000000000000000</Data>
45833-<Data Name="ElevatedToken">%%1842</Data>
45834-</EventData>
45835-</Event>
45836-
45837-<Event xmlns="http://schemas.microsoft.com/win/2004/08/events/event"><System><Provider Name="Microsoft-Windows-Security-Auditing" Guid="{54849625-5478-4994-a5ba-3e3b0328c30d}"></Provider>
45838:<EventID Qualifiers="">4624</EventID>
45839-<Version>2</Version>
45840-<Level>0</Level>
45841-<Task>12544</Task>
45842-<Opcode>0</Opcode>
45843-<Keywords>0x8020000000000000</Keywords>
45844-<TimeCreated SystemTime="2018-09-10 13:17:43.949627"></TimeCreated>
45845-<EventRecordID>244091</EventRecordID>
45846-<Correlation ActivityID="{71a9b66f-4900-0001-a8b6-a9710049d401}" RelatedActivityID=""></Correlation>
45847-<Execution ProcessID="664" ThreadID="852"></Execution>
45848-<Channel>Security</Channel>
45849-<Computer>WIN-KCON-EXCH16.EM.KRINGLECON.COM</Computer>
45850-<Security UserID=""></Security>
45851-</System>
45852-<EventData><Data Name="SubjectUserSid">S-1-0-0</Data>
45853-<Data Name="SubjectUserName">-</Data>
45854-<Data Name="SubjectDomainName">-</Data>
45855-<Data Name="SubjectLogonId">0x0000000000000000</Data>
45856-<Data Name="TargetUserSid">S-1-5-21-25059752-1411454016-2901770228-1134</Data>
45857-<Data Name="TargetUserName">HealthMailboxbe58608</Data>
45858-<Data Name="TargetDomainName">EM.KRINGLECON.COM</Data>
--
45863-<Data Name="WorkstationName">-</Data>
45864-<Data Name="LogonGuid">{66b54d86-4302-a414-4b44-b4078e2c002e}</Data>
45865-<Data Name="TransmittedServices">-</Data>
45866-<Data Name="LmPackageName">-</Data>
45867-<Data Name="KeyLength">0</Data>
45868-<Data Name="ProcessId">0x0000000000000000</Data>
45869-<Data Name="ProcessName">-</Data>
45870-<Data Name="IpAddress">-</Data>
45871-<Data Name="IpPort">-</Data>
45872-<Data Name="ImpersonationLevel">%%1840</Data>
45873-<Data Name="RestrictedAdminMode">-</Data>
45874-<Data Name="TargetOutboundUserName">-</Data>
45875-<Data Name="TargetOutboundDomainName">-</Data>
45876-<Data Name="VirtualAccount">%%1843</Data>
45877-<Data Name="TargetLinkedLogonId">0x0000000000000000</Data>
45878-<Data Name="ElevatedToken">%%1842</Data>
45879-</EventData>
45880-</Event>
45881-
45882-<Event xmlns="http://schemas.microsoft.com/win/2004/08/events/event"><System><Provider Name="Microsoft-Windows-Security-Auditing" Guid="{54849625-5478-4994-a5ba-3e3b0328c30d}"></Provider>
45883:<EventID Qualifiers="">4624</EventID>
45884-<Version>2</Version>
45885-<Level>0</Level>
45886-<Task>12544</Task>
45887-<Opcode>0</Opcode>
45888-<Keywords>0x8020000000000000</Keywords>
45889-<TimeCreated SystemTime="2018-09-10 13:17:48.751143"></TimeCreated>
45890-<EventRecordID>244122</EventRecordID>
45891-<Correlation ActivityID="{71a9b66f-4900-0001-a8b6-a9710049d401}" RelatedActivityID=""></Correlation>
45892-<Execution ProcessID="664" ThreadID="852"></Execution>
45893-<Channel>Security</Channel>
45894-<Computer>WIN-KCON-EXCH16.EM.KRINGLECON.COM</Computer>
45895-<Security UserID=""></Security>
45896-</System>
45897-<EventData><Data Name="SubjectUserSid">S-1-0-0</Data>
45898-<Data Name="SubjectUserName">-</Data>
45899-<Data Name="SubjectDomainName">-</Data>
45900-<Data Name="SubjectLogonId">0x0000000000000000</Data>
45901-<Data Name="TargetUserSid">S-1-5-21-25059752-1411454016-2901770228-1134</Data>
45902-<Data Name="TargetUserName">HealthMailboxbe58608</Data>
45903-<Data Name="TargetDomainName">EM.KRINGLECON.COM</Data>
--
45908-<Data Name="WorkstationName">-</Data>
45909-<Data Name="LogonGuid">{66b54d86-4302-a414-4b44-b4078e2c002e}</Data>
45910-<Data Name="TransmittedServices">-</Data>
45911-<Data Name="LmPackageName">-</Data>
45912-<Data Name="KeyLength">0</Data>
45913-<Data Name="ProcessId">0x0000000000000000</Data>
45914-<Data Name="ProcessName">-</Data>
45915-<Data Name="IpAddress">::1</Data>
45916-<Data Name="IpPort">14132</Data>
45917-<Data Name="ImpersonationLevel">%%1840</Data>
45918-<Data Name="RestrictedAdminMode">-</Data>
45919-<Data Name="TargetOutboundUserName">-</Data>
45920-<Data Name="TargetOutboundDomainName">-</Data>
45921-<Data Name="VirtualAccount">%%1843</Data>
45922-<Data Name="TargetLinkedLogonId">0x0000000000000000</Data>
45923-<Data Name="ElevatedToken">%%1842</Data>
45924-</EventData>
45925-</Event>
45926-
45927-<Event xmlns="http://schemas.microsoft.com/win/2004/08/events/event"><System><Provider Name="Microsoft-Windows-Security-Auditing" Guid="{54849625-5478-4994-a5ba-3e3b0328c30d}"></Provider>
45928:<EventID Qualifiers="">4624</EventID>
45929-<Version>2</Version>
45930-<Level>0</Level>
45931-<Task>12544</Task>
45932-<Opcode>0</Opcode>
45933-<Keywords>0x8020000000000000</Keywords>
45934-<TimeCreated SystemTime="2018-09-10 13:17:48.767542"></TimeCreated>
45935-<EventRecordID>244125</EventRecordID>
45936-<Correlation ActivityID="{71a9b66f-4900-0001-a8b6-a9710049d401}" RelatedActivityID=""></Correlation>
45937-<Execution ProcessID="664" ThreadID="12152"></Execution>
45938-<Channel>Security</Channel>
45939-<Computer>WIN-KCON-EXCH16.EM.KRINGLECON.COM</Computer>
45940-<Security UserID=""></Security>
45941-</System>
45942-<EventData><Data Name="SubjectUserSid">S-1-0-0</Data>
45943-<Data Name="SubjectUserName">-</Data>
45944-<Data Name="SubjectDomainName">-</Data>
45945-<Data Name="SubjectLogonId">0x0000000000000000</Data>
45946-<Data Name="TargetUserSid">S-1-5-21-25059752-1411454016-2901770228-1134</Data>
45947-<Data Name="TargetUserName">HealthMailboxbe58608</Data>
45948-<Data Name="TargetDomainName">EM.KRINGLECON.COM</Data>
--
45953-<Data Name="WorkstationName">-</Data>
45954-<Data Name="LogonGuid">{66b54d86-4302-a414-4b44-b4078e2c002e}</Data>
45955-<Data Name="TransmittedServices">-</Data>
45956-<Data Name="LmPackageName">-</Data>
45957-<Data Name="KeyLength">0</Data>
45958-<Data Name="ProcessId">0x0000000000000000</Data>
45959-<Data Name="ProcessName">-</Data>
45960-<Data Name="IpAddress">-</Data>
45961-<Data Name="IpPort">-</Data>
45962-<Data Name="ImpersonationLevel">%%1840</Data>
45963-<Data Name="RestrictedAdminMode">-</Data>
45964-<Data Name="TargetOutboundUserName">-</Data>
45965-<Data Name="TargetOutboundDomainName">-</Data>
45966-<Data Name="VirtualAccount">%%1843</Data>
45967-<Data Name="TargetLinkedLogonId">0x0000000000000000</Data>
45968-<Data Name="ElevatedToken">%%1842</Data>
45969-</EventData>
45970-</Event>
45971-
45972-<Event xmlns="http://schemas.microsoft.com/win/2004/08/events/event"><System><Provider Name="Microsoft-Windows-Security-Auditing" Guid="{54849625-5478-4994-a5ba-3e3b0328c30d}"></Provider>
45973:<EventID Qualifiers="">4624</EventID>
45974-<Version>2</Version>
45975-<Level>0</Level>
45976-<Task>12544</Task>
45977-<Opcode>0</Opcode>
45978-<Keywords>0x8020000000000000</Keywords>
45979-<TimeCreated SystemTime="2018-09-10 13:18:00.376564"></TimeCreated>
45980-<EventRecordID>244185</EventRecordID>
45981-<Correlation ActivityID="{71a9b66f-4900-0001-a8b6-a9710049d401}" RelatedActivityID=""></Correlation>
45982-<Execution ProcessID="664" ThreadID="12152"></Execution>
45983-<Channel>Security</Channel>
45984-<Computer>WIN-KCON-EXCH16.EM.KRINGLECON.COM</Computer>
45985-<Security UserID=""></Security>
45986-</System>
45987-<EventData><Data Name="SubjectUserSid">S-1-0-0</Data>
45988-<Data Name="SubjectUserName">-</Data>
45989-<Data Name="SubjectDomainName">-</Data>
45990-<Data Name="SubjectLogonId">0x0000000000000000</Data>
45991-<Data Name="TargetUserSid">S-1-5-21-25059752-1411454016-2901770228-1134</Data>
45992-<Data Name="TargetUserName">HealthMailboxbe58608</Data>
45993-<Data Name="TargetDomainName">EM.KRINGLECON.COM</Data>
--
45998-<Data Name="WorkstationName">-</Data>
45999-<Data Name="LogonGuid">{66b54d86-4302-a414-4b44-b4078e2c002e}</Data>
46000-<Data Name="TransmittedServices">-</Data>
46001-<Data Name="LmPackageName">-</Data>
46002-<Data Name="KeyLength">0</Data>
46003-<Data Name="ProcessId">0x0000000000000000</Data>
46004-<Data Name="ProcessName">-</Data>
46005-<Data Name="IpAddress">fe80::5efe:192.168.85.149</Data>
46006-<Data Name="IpPort">14160</Data>
46007-<Data Name="ImpersonationLevel">%%1840</Data>
46008-<Data Name="RestrictedAdminMode">-</Data>
46009-<Data Name="TargetOutboundUserName">-</Data>
46010-<Data Name="TargetOutboundDomainName">-</Data>
46011-<Data Name="VirtualAccount">%%1843</Data>
46012-<Data Name="TargetLinkedLogonId">0x0000000000000000</Data>
46013-<Data Name="ElevatedToken">%%1842</Data>
46014-</EventData>
46015-</Event>
46016-
46017-<Event xmlns="http://schemas.microsoft.com/win/2004/08/events/event"><System><Provider Name="Microsoft-Windows-Security-Auditing" Guid="{54849625-5478-4994-a5ba-3e3b0328c30d}"></Provider>
46018:<EventID Qualifiers="">4624</EventID>
46019-<Version>2</Version>
46020-<Level>0</Level>
46021-<Task>12544</Task>
46022-<Opcode>0</Opcode>
46023-<Keywords>0x8020000000000000</Keywords>
46024-<TimeCreated SystemTime="2018-09-10 13:18:00.389633"></TimeCreated>
46025-<EventRecordID>244191</EventRecordID>
46026-<Correlation ActivityID="{71a9b66f-4900-0001-a8b6-a9710049d401}" RelatedActivityID=""></Correlation>
46027-<Execution ProcessID="664" ThreadID="852"></Execution>
46028-<Channel>Security</Channel>
46029-<Computer>WIN-KCON-EXCH16.EM.KRINGLECON.COM</Computer>
46030-<Security UserID=""></Security>
46031-</System>
46032-<EventData><Data Name="SubjectUserSid">S-1-0-0</Data>
46033-<Data Name="SubjectUserName">-</Data>
46034-<Data Name="SubjectDomainName">-</Data>
46035-<Data Name="SubjectLogonId">0x0000000000000000</Data>
46036-<Data Name="TargetUserSid">S-1-5-21-25059752-1411454016-2901770228-1134</Data>
46037-<Data Name="TargetUserName">HealthMailboxbe58608</Data>
46038-<Data Name="TargetDomainName">EM.KRINGLECON.COM</Data>
--
46043-<Data Name="WorkstationName">-</Data>
46044-<Data Name="LogonGuid">{66b54d86-4302-a414-4b44-b4078e2c002e}</Data>
46045-<Data Name="TransmittedServices">-</Data>
46046-<Data Name="LmPackageName">-</Data>
46047-<Data Name="KeyLength">0</Data>
46048-<Data Name="ProcessId">0x0000000000000000</Data>
46049-<Data Name="ProcessName">-</Data>
46050-<Data Name="IpAddress">fe80::107e:3fd:3f57:aa6a</Data>
46051-<Data Name="IpPort">14161</Data>
46052-<Data Name="ImpersonationLevel">%%1840</Data>
46053-<Data Name="RestrictedAdminMode">-</Data>
46054-<Data Name="TargetOutboundUserName">-</Data>
46055-<Data Name="TargetOutboundDomainName">-</Data>
46056-<Data Name="VirtualAccount">%%1843</Data>
46057-<Data Name="TargetLinkedLogonId">0x0000000000000000</Data>
46058-<Data Name="ElevatedToken">%%1842</Data>
46059-</EventData>
46060-</Event>
46061-
46062-<Event xmlns="http://schemas.microsoft.com/win/2004/08/events/event"><System><Provider Name="Microsoft-Windows-Security-Auditing" Guid="{54849625-5478-4994-a5ba-3e3b0328c30d}"></Provider>
46063:<EventID Qualifiers="">4624</EventID>
46064-<Version>2</Version>
46065-<Level>0</Level>
46066-<Task>12544</Task>
46067-<Opcode>0</Opcode>
46068-<Keywords>0x8020000000000000</Keywords>
46069-<TimeCreated SystemTime="2018-09-10 13:18:00.422688"></TimeCreated>
46070-<EventRecordID>244198</EventRecordID>
46071-<Correlation ActivityID="{71a9b66f-4900-0001-a8b6-a9710049d401}" RelatedActivityID=""></Correlation>
46072-<Execution ProcessID="664" ThreadID="12152"></Execution>
46073-<Channel>Security</Channel>
46074-<Computer>WIN-KCON-EXCH16.EM.KRINGLECON.COM</Computer>
46075-<Security UserID=""></Security>
46076-</System>
46077-<EventData><Data Name="SubjectUserSid">S-1-0-0</Data>
46078-<Data Name="SubjectUserName">-</Data>
46079-<Data Name="SubjectDomainName">-</Data>
46080-<Data Name="SubjectLogonId">0x0000000000000000</Data>
46081-<Data Name="TargetUserSid">S-1-5-21-25059752-1411454016-2901770228-1134</Data>
46082-<Data Name="TargetUserName">HealthMailboxbe58608</Data>
46083-<Data Name="TargetDomainName">EM.KRINGLECON.COM</Data>
--
46088-<Data Name="WorkstationName">-</Data>
46089-<Data Name="LogonGuid">{07b73b89-15b3-b7c4-e678-b6ee566f408f}</Data>
46090-<Data Name="TransmittedServices">-</Data>
46091-<Data Name="LmPackageName">-</Data>
46092-<Data Name="KeyLength">0</Data>
46093-<Data Name="ProcessId">0x0000000000000000</Data>
46094-<Data Name="ProcessName">-</Data>
46095-<Data Name="IpAddress">169.254.202.186</Data>
46096-<Data Name="IpPort">14162</Data>
46097-<Data Name="ImpersonationLevel">%%1840</Data>
46098-<Data Name="RestrictedAdminMode">-</Data>
46099-<Data Name="TargetOutboundUserName">-</Data>
46100-<Data Name="TargetOutboundDomainName">-</Data>
46101-<Data Name="VirtualAccount">%%1843</Data>
46102-<Data Name="TargetLinkedLogonId">0x0000000000000000</Data>
46103-<Data Name="ElevatedToken">%%1842</Data>
46104-</EventData>
46105-</Event>
46106-
46107-<Event xmlns="http://schemas.microsoft.com/win/2004/08/events/event"><System><Provider Name="Microsoft-Windows-Security-Auditing" Guid="{54849625-5478-4994-a5ba-3e3b0328c30d}"></Provider>
46108:<EventID Qualifiers="">4624</EventID>
46109-<Version>2</Version>
46110-<Level>0</Level>
46111-<Task>12544</Task>
46112-<Opcode>0</Opcode>
46113-<Keywords>0x8020000000000000</Keywords>
46114-<TimeCreated SystemTime="2018-09-10 13:18:02.496920"></TimeCreated>
46115-<EventRecordID>244205</EventRecordID>
46116-<Correlation ActivityID="{71a9b66f-4900-0001-a8b6-a9710049d401}" RelatedActivityID=""></Correlation>
46117-<Execution ProcessID="664" ThreadID="12152"></Execution>
46118-<Channel>Security</Channel>
46119-<Computer>WIN-KCON-EXCH16.EM.KRINGLECON.COM</Computer>
46120-<Security UserID=""></Security>
46121-</System>
46122-<EventData><Data Name="SubjectUserSid">S-1-0-0</Data>
46123-<Data Name="SubjectUserName">-</Data>
46124-<Data Name="SubjectDomainName">-</Data>
46125-<Data Name="SubjectLogonId">0x0000000000000000</Data>
46126-<Data Name="TargetUserSid">S-1-5-21-25059752-1411454016-2901770228-1134</Data>
46127-<Data Name="TargetUserName">HealthMailboxbe58608</Data>
46128-<Data Name="TargetDomainName">EM.KRINGLECON.COM</Data>
--
46133-<Data Name="WorkstationName">-</Data>
46134-<Data Name="LogonGuid">{07b73b89-15b3-b7c4-e678-b6ee566f408f}</Data>
46135-<Data Name="TransmittedServices">-</Data>
46136-<Data Name="LmPackageName">-</Data>
46137-<Data Name="KeyLength">0</Data>
46138-<Data Name="ProcessId">0x0000000000000000</Data>
46139-<Data Name="ProcessName">-</Data>
46140-<Data Name="IpAddress">127.0.0.1</Data>
46141-<Data Name="IpPort">14168</Data>
46142-<Data Name="ImpersonationLevel">%%1840</Data>
46143-<Data Name="RestrictedAdminMode">-</Data>
46144-<Data Name="TargetOutboundUserName">-</Data>
46145-<Data Name="TargetOutboundDomainName">-</Data>
46146-<Data Name="VirtualAccount">%%1843</Data>
46147-<Data Name="TargetLinkedLogonId">0x0000000000000000</Data>
46148-<Data Name="ElevatedToken">%%1842</Data>
46149-</EventData>
46150-</Event>
46151-
46152-<Event xmlns="http://schemas.microsoft.com/win/2004/08/events/event"><System><Provider Name="Microsoft-Windows-Security-Auditing" Guid="{54849625-5478-4994-a5ba-3e3b0328c30d}"></Provider>
46153:<EventID Qualifiers="">4624</EventID>
46154-<Version>2</Version>
46155-<Level>0</Level>
46156-<Task>12544</Task>
46157-<Opcode>0</Opcode>
46158-<Keywords>0x8020000000000000</Keywords>
46159-<TimeCreated SystemTime="2018-09-10 13:18:14.557688"></TimeCreated>
46160-<EventRecordID>244208</EventRecordID>
46161-<Correlation ActivityID="" RelatedActivityID=""></Correlation>
46162-<Execution ProcessID="664" ThreadID="12152"></Execution>
46163-<Channel>Security</Channel>
46164-<Computer>WIN-KCON-EXCH16.EM.KRINGLECON.COM</Computer>
46165-<Security UserID=""></Security>
46166-</System>
46167-<EventData><Data Name="SubjectUserSid">S-1-5-18</Data>
46168-<Data Name="SubjectUserName">WIN-KCON-EXCH16$</Data>
46169-<Data Name="SubjectDomainName">EM.KRINGLECON</Data>
46170-<Data Name="SubjectLogonId">0x00000000000003e7</Data>
46171-<Data Name="TargetUserSid">S-1-5-21-25059752-1411454016-2901770228-1133</Data>
46172-<Data Name="TargetUserName">HealthMailboxbab78a6</Data>
46173-<Data Name="TargetDomainName">EM.KRINGLECON</Data>
--
46178-<Data Name="WorkstationName">WIN-KCON-EXCH16</Data>
46179-<Data Name="LogonGuid">{c9eb85e1-cc17-bd4c-a580-10c8a53e3acb}</Data>
46180-<Data Name="TransmittedServices">-</Data>
46181-<Data Name="LmPackageName">-</Data>
46182-<Data Name="KeyLength">0</Data>
46183-<Data Name="ProcessId">0x0000000000002494</Data>
46184-<Data Name="ProcessName">C:\Program Files\Microsoft\Exchange Server\V15\Bin\MSExchangeHMWorker.exe</Data>
46185-<Data Name="IpAddress">-</Data>
46186-<Data Name="IpPort">-</Data>
46187-<Data Name="ImpersonationLevel">%%1833</Data>
46188-<Data Name="RestrictedAdminMode">-</Data>
46189-<Data Name="TargetOutboundUserName">-</Data>
46190-<Data Name="TargetOutboundDomainName">-</Data>
46191-<Data Name="VirtualAccount">%%1843</Data>
46192-<Data Name="TargetLinkedLogonId">0x0000000000000000</Data>
46193-<Data Name="ElevatedToken">%%1842</Data>
46194-</EventData>
46195-</Event>
46196-
46197-<Event xmlns="http://schemas.microsoft.com/win/2004/08/events/event"><System><Provider Name="Microsoft-Windows-Security-Auditing" Guid="{54849625-5478-4994-a5ba-3e3b0328c30d}"></Provider>
46198:<EventID Qualifiers="">4624</EventID>
46199-<Version>2</Version>
46200-<Level>0</Level>
46201-<Task>12544</Task>
46202-<Opcode>0</Opcode>
46203-<Keywords>0x8020000000000000</Keywords>
46204-<TimeCreated SystemTime="2018-09-10 13:18:27.906013"></TimeCreated>
46205-<EventRecordID>244263</EventRecordID>
46206-<Correlation ActivityID="{71a9b66f-4900-0001-a8b6-a9710049d401}" RelatedActivityID=""></Correlation>
46207-<Execution ProcessID="664" ThreadID="712"></Execution>
46208-<Channel>Security</Channel>
46209-<Computer>WIN-KCON-EXCH16.EM.KRINGLECON.COM</Computer>
46210-<Security UserID=""></Security>
46211-</System>
46212-<EventData><Data Name="SubjectUserSid">S-1-0-0</Data>
46213-<Data Name="SubjectUserName">-</Data>
46214-<Data Name="SubjectDomainName">-</Data>
46215-<Data Name="SubjectLogonId">0x0000000000000000</Data>
46216-<Data Name="TargetUserSid">S-1-5-21-25059752-1411454016-2901770228-1134</Data>
46217-<Data Name="TargetUserName">HealthMailboxbe58608</Data>
46218-<Data Name="TargetDomainName">EM.KRINGLECON.COM</Data>
--
46223-<Data Name="WorkstationName">-</Data>
46224-<Data Name="LogonGuid">{66b54d86-4302-a414-4b44-b4078e2c002e}</Data>
46225-<Data Name="TransmittedServices">-</Data>
46226-<Data Name="LmPackageName">-</Data>
46227-<Data Name="KeyLength">0</Data>
46228-<Data Name="ProcessId">0x0000000000000000</Data>
46229-<Data Name="ProcessName">-</Data>
46230-<Data Name="IpAddress">::1</Data>
46231-<Data Name="IpPort">14201</Data>
46232-<Data Name="ImpersonationLevel">%%1840</Data>
46233-<Data Name="RestrictedAdminMode">-</Data>
46234-<Data Name="TargetOutboundUserName">-</Data>
46235-<Data Name="TargetOutboundDomainName">-</Data>
46236-<Data Name="VirtualAccount">%%1843</Data>
46237-<Data Name="TargetLinkedLogonId">0x0000000000000000</Data>
46238-<Data Name="ElevatedToken">%%1842</Data>
46239-</EventData>
46240-</Event>
46241-
46242-<Event xmlns="http://schemas.microsoft.com/win/2004/08/events/event"><System><Provider Name="Microsoft-Windows-Security-Auditing" Guid="{54849625-5478-4994-a5ba-3e3b0328c30d}"></Provider>
46243:<EventID Qualifiers="">4624</EventID>
46244-<Version>2</Version>
46245-<Level>0</Level>
46246-<Task>12544</Task>
46247-<Opcode>0</Opcode>
46248-<Keywords>0x8020000000000000</Keywords>
46249-<TimeCreated SystemTime="2018-09-10 13:18:31.524868"></TimeCreated>
46250-<EventRecordID>244289</EventRecordID>
46251-<Correlation ActivityID="{71a9b66f-4900-0001-a8b6-a9710049d401}" RelatedActivityID=""></Correlation>
46252-<Execution ProcessID="664" ThreadID="712"></Execution>
46253-<Channel>Security</Channel>
46254-<Computer>WIN-KCON-EXCH16.EM.KRINGLECON.COM</Computer>
46255-<Security UserID=""></Security>
46256-</System>
46257-<EventData><Data Name="SubjectUserSid">S-1-0-0</Data>
46258-<Data Name="SubjectUserName">-</Data>
46259-<Data Name="SubjectDomainName">-</Data>
46260-<Data Name="SubjectLogonId">0x0000000000000000</Data>
46261-<Data Name="TargetUserSid">S-1-5-21-25059752-1411454016-2901770228-1134</Data>
46262-<Data Name="TargetUserName">HealthMailboxbe58608</Data>
46263-<Data Name="TargetDomainName">EM.KRINGLECON.COM</Data>
--
46329-<Execution ProcessID="664" ThreadID="712"></Execution>
46330-<Channel>Security</Channel>
46331-<Computer>WIN-KCON-EXCH16.EM.KRINGLECON.COM</Computer>
46332-<Security UserID=""></Security>
46333-</System>
46334-<EventData><Data Name="TargetUserName">HealthMailboxbab78a6@EM.KRINGLECON.COM</Data>
46335-<Data Name="TargetDomainName">EM.KRINGLECON.COM</Data>
46336-<Data Name="ServiceName">WIN-KCON-EXCH16$</Data>
46337-<Data Name="ServiceSid">S-1-5-21-25059752-1411454016-2901770228-1000</Data>
46338-<Data Name="TicketOptions">0x40810000</Data>
46339-<Data Name="TicketEncryptionType">0x00000012</Data>
46340-<Data Name="IpAddress">::1</Data>
46341-<Data Name="IpPort">0</Data>
46342-<Data Name="Status">0x00000000</Data>
46343-<Data Name="LogonGuid">{0585a210-be27-bcf6-9e76-68ce3f77c7c8}</Data>
46344-<Data Name="TransmittedServices">-</Data>
46345-</EventData>
46346-</Event>
46347-
46348-<Event xmlns="http://schemas.microsoft.com/win/2004/08/events/event"><System><Provider Name="Microsoft-Windows-Security-Auditing" Guid="{54849625-5478-4994-a5ba-3e3b0328c30d}"></Provider>
46349:<EventID Qualifiers="">4624</EventID>
46350-<Version>2</Version>
46351-<Level>0</Level>
46352-<Task>12544</Task>
46353-<Opcode>0</Opcode>
46354-<Keywords>0x8020000000000000</Keywords>
46355-<TimeCreated SystemTime="2018-09-10 13:18:37.792051"></TimeCreated>
46356-<EventRecordID>244307</EventRecordID>
46357-<Correlation ActivityID="{71a9b66f-4900-0001-a8b6-a9710049d401}" RelatedActivityID=""></Correlation>
46358-<Execution ProcessID="664" ThreadID="712"></Execution>
46359-<Channel>Security</Channel>
46360-<Computer>WIN-KCON-EXCH16.EM.KRINGLECON.COM</Computer>
46361-<Security UserID=""></Security>
46362-</System>
46363-<EventData><Data Name="SubjectUserSid">S-1-5-18</Data>
46364-<Data Name="SubjectUserName">WIN-KCON-EXCH16$</Data>
46365-<Data Name="SubjectDomainName">EM.KRINGLECON</Data>
46366-<Data Name="SubjectLogonId">0x00000000000003e7</Data>
46367-<Data Name="TargetUserSid">S-1-5-21-25059752-1411454016-2901770228-1133</Data>
46368-<Data Name="TargetUserName">HealthMailboxbab78a6</Data>
46369-<Data Name="TargetDomainName">EM.KRINGLECON</Data>
--
46374-<Data Name="WorkstationName">WIN-KCON-EXCH16</Data>
46375-<Data Name="LogonGuid">{0585a210-be27-bcf6-9e76-68ce3f77c7c8}</Data>
46376-<Data Name="TransmittedServices">-</Data>
46377-<Data Name="LmPackageName">-</Data>
46378-<Data Name="KeyLength">0</Data>
46379-<Data Name="ProcessId">0x0000000000002494</Data>
46380-<Data Name="ProcessName">C:\Program Files\Microsoft\Exchange Server\V15\Bin\MSExchangeHMWorker.exe</Data>
46381-<Data Name="IpAddress">-</Data>
46382-<Data Name="IpPort">-</Data>
46383-<Data Name="ImpersonationLevel">%%1833</Data>
46384-<Data Name="RestrictedAdminMode">-</Data>
46385-<Data Name="TargetOutboundUserName">-</Data>
46386-<Data Name="TargetOutboundDomainName">-</Data>
46387-<Data Name="VirtualAccount">%%1843</Data>
46388-<Data Name="TargetLinkedLogonId">0x0000000000000000</Data>
46389-<Data Name="ElevatedToken">%%1842</Data>
46390-</EventData>
46391-</Event>
46392-
46393-<Event xmlns="http://schemas.microsoft.com/win/2004/08/events/event"><System><Provider Name="Microsoft-Windows-Security-Auditing" Guid="{54849625-5478-4994-a5ba-3e3b0328c30d}"></Provider>
46394:<EventID Qualifiers="">4624</EventID>
46395-<Version>2</Version>
46396-<Level>0</Level>
46397-<Task>12544</Task>
46398-<Opcode>0</Opcode>
46399-<Keywords>0x8020000000000000</Keywords>
46400-<TimeCreated SystemTime="2018-09-10 13:18:42.211351"></TimeCreated>
46401-<EventRecordID>244326</EventRecordID>
46402-<Correlation ActivityID="{71a9b66f-4900-0001-a8b6-a9710049d401}" RelatedActivityID=""></Correlation>
46403-<Execution ProcessID="664" ThreadID="12152"></Execution>
46404-<Channel>Security</Channel>
46405-<Computer>WIN-KCON-EXCH16.EM.KRINGLECON.COM</Computer>
46406-<Security UserID=""></Security>
46407-</System>
46408-<EventData><Data Name="SubjectUserSid">S-1-0-0</Data>
46409-<Data Name="SubjectUserName">-</Data>
46410-<Data Name="SubjectDomainName">-</Data>
46411-<Data Name="SubjectLogonId">0x0000000000000000</Data>
46412-<Data Name="TargetUserSid">S-1-5-21-25059752-1411454016-2901770228-1134</Data>
46413-<Data Name="TargetUserName">HealthMailboxbe58608</Data>
46414-<Data Name="TargetDomainName">EM.KRINGLECON.COM</Data>
--
46441-<Level>0</Level>
46442-<Task>14336</Task>
46443-<Opcode>0</Opcode>
46444-<Keywords>0x8020000000000000</Keywords>
46445-<TimeCreated SystemTime="2018-09-10 13:18:45.167049"></TimeCreated>
46446-<EventRecordID>244330</EventRecordID>
46447-<Correlation ActivityID="" RelatedActivityID=""></Correlation>
46448-<Execution ProcessID="664" ThreadID="712"></Execution>
46449-<Channel>Security</Channel>
46450-<Computer>WIN-KCON-EXCH16.EM.KRINGLECON.COM</Computer>
46451-<Security UserID=""></Security>
46452-</System>
46453-<EventData><Data Name="PackageName">MICROSOFT_AUTHENTICATION_PACKAGE_V1_0</Data>
46454-<Data Name="TargetUserName">HealthMailboxbe58608d4925422d8e4ea458cfedc612@EM.KRINGLECON.COM</Data>
46455-<Data Name="Workstation">WIN-KCON-EXCH16</Data>
46456-<Data Name="Status">0x00000000</Data>
46457-</EventData>
46458-</Event>
46459-
46460-<Event xmlns="http://schemas.microsoft.com/win/2004/08/events/event"><System><Provider Name="Microsoft-Windows-Security-Auditing" Guid="{54849625-5478-4994-a5ba-3e3b0328c30d}"></Provider>
46461:<EventID Qualifiers="">4624</EventID>
46462-<Version>2</Version>
46463-<Level>0</Level>
46464-<Task>12544</Task>
46465-<Opcode>0</Opcode>
46466-<Keywords>0x8020000000000000</Keywords>
46467-<TimeCreated SystemTime="2018-09-10 13:18:45.167747"></TimeCreated>
46468-<EventRecordID>244331</EventRecordID>
46469-<Correlation ActivityID="" RelatedActivityID=""></Correlation>
46470-<Execution ProcessID="664" ThreadID="712"></Execution>
46471-<Channel>Security</Channel>
46472-<Computer>WIN-KCON-EXCH16.EM.KRINGLECON.COM</Computer>
46473-<Security UserID=""></Security>
46474-</System>
46475-<EventData><Data Name="SubjectUserSid">S-1-0-0</Data>
46476-<Data Name="SubjectUserName">-</Data>
46477-<Data Name="SubjectDomainName">-</Data>
46478-<Data Name="SubjectLogonId">0x0000000000000000</Data>
46479-<Data Name="TargetUserSid">S-1-5-21-25059752-1411454016-2901770228-1134</Data>
46480-<Data Name="TargetUserName">HealthMailboxbe58608</Data>
46481-<Data Name="TargetDomainName">EM.KRINGLECON</Data>
--
46530-<Level>0</Level>
46531-<Task>14336</Task>
46532-<Opcode>0</Opcode>
46533-<Keywords>0x8020000000000000</Keywords>
46534-<TimeCreated SystemTime="2018-09-10 13:18:48.150860"></TimeCreated>
46535-<EventRecordID>244353</EventRecordID>
46536-<Correlation ActivityID="" RelatedActivityID=""></Correlation>
46537-<Execution ProcessID="664" ThreadID="12152"></Execution>
46538-<Channel>Security</Channel>
46539-<Computer>WIN-KCON-EXCH16.EM.KRINGLECON.COM</Computer>
46540-<Security UserID=""></Security>
46541-</System>
46542-<EventData><Data Name="PackageName">MICROSOFT_AUTHENTICATION_PACKAGE_V1_0</Data>
46543-<Data Name="TargetUserName">HealthMailboxbe58608d4925422d8e4ea458cfedc612@EM.KRINGLECON.COM</Data>
46544-<Data Name="Workstation">WIN-KCON-EXCH16</Data>
46545-<Data Name="Status">0x00000000</Data>
46546-</EventData>
46547-</Event>
46548-
46549-<Event xmlns="http://schemas.microsoft.com/win/2004/08/events/event"><System><Provider Name="Microsoft-Windows-Security-Auditing" Guid="{54849625-5478-4994-a5ba-3e3b0328c30d}"></Provider>
46550:<EventID Qualifiers="">4624</EventID>
46551-<Version>2</Version>
46552-<Level>0</Level>
46553-<Task>12544</Task>
46554-<Opcode>0</Opcode>
46555-<Keywords>0x8020000000000000</Keywords>
46556-<TimeCreated SystemTime="2018-09-10 13:18:48.218792"></TimeCreated>
46557-<EventRecordID>244354</EventRecordID>
46558-<Correlation ActivityID="" RelatedActivityID=""></Correlation>
46559-<Execution ProcessID="664" ThreadID="720"></Execution>
46560-<Channel>Security</Channel>
46561-<Computer>WIN-KCON-EXCH16.EM.KRINGLECON.COM</Computer>
46562-<Security UserID=""></Security>
46563-</System>
46564-<EventData><Data Name="SubjectUserSid">S-1-0-0</Data>
46565-<Data Name="SubjectUserName">-</Data>
46566-<Data Name="SubjectDomainName">-</Data>
46567-<Data Name="SubjectLogonId">0x0000000000000000</Data>
46568-<Data Name="TargetUserSid">S-1-5-21-25059752-1411454016-2901770228-1134</Data>
46569-<Data Name="TargetUserName">HealthMailboxbe58608</Data>
46570-<Data Name="TargetDomainName">EM.KRINGLECON</Data>
--
46575-<Data Name="WorkstationName">WIN-KCON-EXCH16</Data>
46576-<Data Name="LogonGuid">{00000000-0000-0000-0000-000000000000}</Data>
46577-<Data Name="TransmittedServices">-</Data>
46578-<Data Name="LmPackageName">NTLM V2</Data>
46579-<Data Name="KeyLength">0</Data>
46580-<Data Name="ProcessId">0x0000000000000000</Data>
46581-<Data Name="ProcessName">-</Data>
46582-<Data Name="IpAddress">fe80::b0d8:bf3b:51aa:caba</Data>
46583-<Data Name="IpPort">14249</Data>
46584-<Data Name="ImpersonationLevel">%%1833</Data>
46585-<Data Name="RestrictedAdminMode">-</Data>
46586-<Data Name="TargetOutboundUserName">-</Data>
46587-<Data Name="TargetOutboundDomainName">-</Data>
46588-<Data Name="VirtualAccount">%%1843</Data>
46589-<Data Name="TargetLinkedLogonId">0x0000000000000000</Data>
46590-<Data Name="ElevatedToken">%%1842</Data>
46591-</EventData>
46592-</Event>
46593-
46594-<Event xmlns="http://schemas.microsoft.com/win/2004/08/events/event"><System><Provider Name="Microsoft-Windows-Security-Auditing" Guid="{54849625-5478-4994-a5ba-3e3b0328c30d}"></Provider>
46595:<EventID Qualifiers="">4624</EventID>
46596-<Version>2</Version>
46597-<Level>0</Level>
46598-<Task>12544</Task>
46599-<Opcode>0</Opcode>
46600-<Keywords>0x8020000000000000</Keywords>
46601-<TimeCreated SystemTime="2018-09-10 13:18:48.218794"></TimeCreated>
46602-<EventRecordID>244355</EventRecordID>
46603-<Correlation ActivityID="" RelatedActivityID=""></Correlation>
46604-<Execution ProcessID="664" ThreadID="12152"></Execution>
46605-<Channel>Security</Channel>
46606-<Computer>WIN-KCON-EXCH16.EM.KRINGLECON.COM</Computer>
46607-<Security UserID=""></Security>
46608-</System>
46609-<EventData><Data Name="SubjectUserSid">S-1-0-0</Data>
46610-<Data Name="SubjectUserName">-</Data>
46611-<Data Name="SubjectDomainName">-</Data>
46612-<Data Name="SubjectLogonId">0x0000000000000000</Data>
46613-<Data Name="TargetUserSid">S-1-5-21-25059752-1411454016-2901770228-1134</Data>
46614-<Data Name="TargetUserName">HealthMailboxbe58608</Data>
46615-<Data Name="TargetDomainName">EM.KRINGLECON</Data>
--
46620-<Data Name="WorkstationName">WIN-KCON-EXCH16</Data>
46621-<Data Name="LogonGuid">{00000000-0000-0000-0000-000000000000}</Data>
46622-<Data Name="TransmittedServices">-</Data>
46623-<Data Name="LmPackageName">NTLM V2</Data>
46624-<Data Name="KeyLength">0</Data>
46625-<Data Name="ProcessId">0x0000000000000000</Data>
46626-<Data Name="ProcessName">-</Data>
46627-<Data Name="IpAddress">fe80::b0d8:bf3b:51aa:caba</Data>
46628-<Data Name="IpPort">14250</Data>
46629-<Data Name="ImpersonationLevel">%%1833</Data>
46630-<Data Name="RestrictedAdminMode">-</Data>
46631-<Data Name="TargetOutboundUserName">-</Data>
46632-<Data Name="TargetOutboundDomainName">-</Data>
46633-<Data Name="VirtualAccount">%%1843</Data>
46634-<Data Name="TargetLinkedLogonId">0x0000000000000000</Data>
46635-<Data Name="ElevatedToken">%%1842</Data>
46636-</EventData>
46637-</Event>
46638-
46639-<Event xmlns="http://schemas.microsoft.com/win/2004/08/events/event"><System><Provider Name="Microsoft-Windows-Security-Auditing" Guid="{54849625-5478-4994-a5ba-3e3b0328c30d}"></Provider>
46640:<EventID Qualifiers="">4624</EventID>
46641-<Version>2</Version>
46642-<Level>0</Level>
46643-<Task>12544</Task>
46644-<Opcode>0</Opcode>
46645-<Keywords>0x8020000000000000</Keywords>
46646-<TimeCreated SystemTime="2018-09-10 13:18:49.233360"></TimeCreated>
46647-<EventRecordID>244372</EventRecordID>
46648-<Correlation ActivityID="{71a9b66f-4900-0001-a8b6-a9710049d401}" RelatedActivityID=""></Correlation>
46649-<Execution ProcessID="664" ThreadID="12152"></Execution>
46650-<Channel>Security</Channel>
46651-<Computer>WIN-KCON-EXCH16.EM.KRINGLECON.COM</Computer>
46652-<Security UserID=""></Security>
46653-</System>
46654-<EventData><Data Name="SubjectUserSid">S-1-0-0</Data>
46655-<Data Name="SubjectUserName">-</Data>
46656-<Data Name="SubjectDomainName">-</Data>
46657-<Data Name="SubjectLogonId">0x0000000000000000</Data>
46658-<Data Name="TargetUserSid">S-1-5-21-25059752-1411454016-2901770228-1134</Data>
46659-<Data Name="TargetUserName">HealthMailboxbe58608</Data>
46660-<Data Name="TargetDomainName">EM.KRINGLECON.COM</Data>
--
46665-<Data Name="WorkstationName">-</Data>
46666-<Data Name="LogonGuid">{66b54d86-4302-a414-4b44-b4078e2c002e}</Data>
46667-<Data Name="TransmittedServices">-</Data>
46668-<Data Name="LmPackageName">-</Data>
46669-<Data Name="KeyLength">0</Data>
46670-<Data Name="ProcessId">0x0000000000000000</Data>
46671-<Data Name="ProcessName">-</Data>
46672-<Data Name="IpAddress">::1</Data>
46673-<Data Name="IpPort">14259</Data>
46674-<Data Name="ImpersonationLevel">%%1840</Data>
46675-<Data Name="RestrictedAdminMode">-</Data>
46676-<Data Name="TargetOutboundUserName">-</Data>
46677-<Data Name="TargetOutboundDomainName">-</Data>
46678-<Data Name="VirtualAccount">%%1843</Data>
46679-<Data Name="TargetLinkedLogonId">0x0000000000000000</Data>
46680-<Data Name="ElevatedToken">%%1842</Data>
46681-</EventData>
46682-</Event>
46683-
46684-<Event xmlns="http://schemas.microsoft.com/win/2004/08/events/event"><System><Provider Name="Microsoft-Windows-Security-Auditing" Guid="{54849625-5478-4994-a5ba-3e3b0328c30d}"></Provider>
46685:<EventID Qualifiers="">4624</EventID>
46686-<Version>2</Version>
46687-<Level>0</Level>
46688-<Task>12544</Task>
46689-<Opcode>0</Opcode>
46690-<Keywords>0x8020000000000000</Keywords>
46691-<TimeCreated SystemTime="2018-09-10 13:18:49.264488"></TimeCreated>
46692-<EventRecordID>244377</EventRecordID>
46693-<Correlation ActivityID="{71a9b66f-4900-0001-a8b6-a9710049d401}" RelatedActivityID=""></Correlation>
46694-<Execution ProcessID="664" ThreadID="848"></Execution>
46695-<Channel>Security</Channel>
46696-<Computer>WIN-KCON-EXCH16.EM.KRINGLECON.COM</Computer>
46697-<Security UserID=""></Security>
46698-</System>
46699-<EventData><Data Name="SubjectUserSid">S-1-0-0</Data>
46700-<Data Name="SubjectUserName">-</Data>
46701-<Data Name="SubjectDomainName">-</Data>
46702-<Data Name="SubjectLogonId">0x0000000000000000</Data>
46703-<Data Name="TargetUserSid">S-1-5-21-25059752-1411454016-2901770228-1134</Data>
46704-<Data Name="TargetUserName">HealthMailboxbe58608</Data>
46705-<Data Name="TargetDomainName">EM.KRINGLECON.COM</Data>
--
46710-<Data Name="WorkstationName">-</Data>
46711-<Data Name="LogonGuid">{07b73b89-15b3-b7c4-e678-b6ee566f408f}</Data>
46712-<Data Name="TransmittedServices">-</Data>
46713-<Data Name="LmPackageName">-</Data>
46714-<Data Name="KeyLength">0</Data>
46715-<Data Name="ProcessId">0x0000000000000000</Data>
46716-<Data Name="ProcessName">-</Data>
46717-<Data Name="IpAddress">-</Data>
46718-<Data Name="IpPort">-</Data>
46719-<Data Name="ImpersonationLevel">%%1840</Data>
46720-<Data Name="RestrictedAdminMode">-</Data>
46721-<Data Name="TargetOutboundUserName">-</Data>
46722-<Data Name="TargetOutboundDomainName">-</Data>
46723-<Data Name="VirtualAccount">%%1843</Data>
46724-<Data Name="TargetLinkedLogonId">0x0000000000000000</Data>
46725-<Data Name="ElevatedToken">%%1842</Data>
46726-</EventData>
46727-</Event>
46728-
46729-<Event xmlns="http://schemas.microsoft.com/win/2004/08/events/event"><System><Provider Name="Microsoft-Windows-Security-Auditing" Guid="{54849625-5478-4994-a5ba-3e3b0328c30d}"></Provider>
46730:<EventID Qualifiers="">4624</EventID>
46731-<Version>2</Version>
46732-<Level>0</Level>
46733-<Task>12544</Task>
46734-<Opcode>0</Opcode>
46735-<Keywords>0x8020000000000000</Keywords>
46736-<TimeCreated SystemTime="2018-09-10 13:18:51.728760"></TimeCreated>
46737-<EventRecordID>244381</EventRecordID>
46738-<Correlation ActivityID="" RelatedActivityID=""></Correlation>
46739-<Execution ProcessID="664" ThreadID="720"></Execution>
46740-<Channel>Security</Channel>
46741-<Computer>WIN-KCON-EXCH16.EM.KRINGLECON.COM</Computer>
46742-<Security UserID=""></Security>
46743-</System>
46744-<EventData><Data Name="SubjectUserSid">S-1-5-18</Data>
46745-<Data Name="SubjectUserName">WIN-KCON-EXCH16$</Data>
46746-<Data Name="SubjectDomainName">EM.KRINGLECON</Data>
46747-<Data Name="SubjectLogonId">0x00000000000003e7</Data>
46748-<Data Name="TargetUserSid">S-1-5-21-25059752-1411454016-2901770228-1133</Data>
46749-<Data Name="TargetUserName">HealthMailboxbab78a6</Data>
46750-<Data Name="TargetDomainName">EM.KRINGLECON</Data>
--
46755-<Data Name="WorkstationName">WIN-KCON-EXCH16</Data>
46756-<Data Name="LogonGuid">{c9eb85e1-cc17-bd4c-a580-10c8a53e3acb}</Data>
46757-<Data Name="TransmittedServices">-</Data>
46758-<Data Name="LmPackageName">-</Data>
46759-<Data Name="KeyLength">0</Data>
46760-<Data Name="ProcessId">0x0000000000002494</Data>
46761-<Data Name="ProcessName">C:\Program Files\Microsoft\Exchange Server\V15\Bin\MSExchangeHMWorker.exe</Data>
46762-<Data Name="IpAddress">-</Data>
46763-<Data Name="IpPort">-</Data>
46764-<Data Name="ImpersonationLevel">%%1833</Data>
46765-<Data Name="RestrictedAdminMode">-</Data>
46766-<Data Name="TargetOutboundUserName">-</Data>
46767-<Data Name="TargetOutboundDomainName">-</Data>
46768-<Data Name="VirtualAccount">%%1843</Data>
46769-<Data Name="TargetLinkedLogonId">0x0000000000000000</Data>
46770-<Data Name="ElevatedToken">%%1842</Data>
46771-</EventData>
46772-</Event>
46773-
46774-<Event xmlns="http://schemas.microsoft.com/win/2004/08/events/event"><System><Provider Name="Microsoft-Windows-Security-Auditing" Guid="{54849625-5478-4994-a5ba-3e3b0328c30d}"></Provider>
46775:<EventID Qualifiers="">4624</EventID>
46776-<Version>2</Version>
46777-<Level>0</Level>
46778-<Task>12544</Task>
46779-<Opcode>0</Opcode>
46780-<Keywords>0x8020000000000000</Keywords>
46781-<TimeCreated SystemTime="2018-09-10 13:19:02.530985"></TimeCreated>
46782-<EventRecordID>244408</EventRecordID>
46783-<Correlation ActivityID="{71a9b66f-4900-0001-a8b6-a9710049d401}" RelatedActivityID=""></Correlation>
46784-<Execution ProcessID="664" ThreadID="712"></Execution>
46785-<Channel>Security</Channel>
46786-<Computer>WIN-KCON-EXCH16.EM.KRINGLECON.COM</Computer>
46787-<Security UserID=""></Security>
46788-</System>
46789-<EventData><Data Name="SubjectUserSid">S-1-0-0</Data>
46790-<Data Name="SubjectUserName">-</Data>
46791-<Data Name="SubjectDomainName">-</Data>
46792-<Data Name="SubjectLogonId">0x0000000000000000</Data>
46793-<Data Name="TargetUserSid">S-1-5-21-25059752-1411454016-2901770228-1134</Data>
46794-<Data Name="TargetUserName">HealthMailboxbe58608</Data>
46795-<Data Name="TargetDomainName">EM.KRINGLECON.COM</Data>
--
46800-<Data Name="WorkstationName">-</Data>
46801-<Data Name="LogonGuid">{66b54d86-4302-a414-4b44-b4078e2c002e}</Data>
46802-<Data Name="TransmittedServices">-</Data>
46803-<Data Name="LmPackageName">-</Data>
46804-<Data Name="KeyLength">0</Data>
46805-<Data Name="ProcessId">0x0000000000000000</Data>
46806-<Data Name="ProcessName">-</Data>
46807-<Data Name="IpAddress">127.0.0.1</Data>
46808-<Data Name="IpPort">14285</Data>
46809-<Data Name="ImpersonationLevel">%%1840</Data>
46810-<Data Name="RestrictedAdminMode">-</Data>
46811-<Data Name="TargetOutboundUserName">-</Data>
46812-<Data Name="TargetOutboundDomainName">-</Data>
46813-<Data Name="VirtualAccount">%%1843</Data>
46814-<Data Name="TargetLinkedLogonId">0x0000000000000000</Data>
46815-<Data Name="ElevatedToken">%%1842</Data>
46816-</EventData>
46817-</Event>
46818-
46819-<Event xmlns="http://schemas.microsoft.com/win/2004/08/events/event"><System><Provider Name="Microsoft-Windows-Security-Auditing" Guid="{54849625-5478-4994-a5ba-3e3b0328c30d}"></Provider>
46820:<EventID Qualifiers="">4624</EventID>
46821-<Version>2</Version>
46822-<Level>0</Level>
46823-<Task>12544</Task>
46824-<Opcode>0</Opcode>
46825-<Keywords>0x8020000000000000</Keywords>
46826-<TimeCreated SystemTime="2018-09-10 13:19:21.729845"></TimeCreated>
46827-<EventRecordID>244433</EventRecordID>
46828-<Correlation ActivityID="" RelatedActivityID=""></Correlation>
46829-<Execution ProcessID="664" ThreadID="712"></Execution>
46830-<Channel>Security</Channel>
46831-<Computer>WIN-KCON-EXCH16.EM.KRINGLECON.COM</Computer>
46832-<Security UserID=""></Security>
46833-</System>
46834-<EventData><Data Name="SubjectUserSid">S-1-5-18</Data>
46835-<Data Name="SubjectUserName">WIN-KCON-EXCH16$</Data>
46836-<Data Name="SubjectDomainName">EM.KRINGLECON</Data>
46837-<Data Name="SubjectLogonId">0x00000000000003e7</Data>
46838-<Data Name="TargetUserSid">S-1-5-21-25059752-1411454016-2901770228-1133</Data>
46839-<Data Name="TargetUserName">HealthMailboxbab78a6</Data>
46840-<Data Name="TargetDomainName">EM.KRINGLECON</Data>
--
46845-<Data Name="WorkstationName">WIN-KCON-EXCH16</Data>
46846-<Data Name="LogonGuid">{c9eb85e1-cc17-bd4c-a580-10c8a53e3acb}</Data>
46847-<Data Name="TransmittedServices">-</Data>
46848-<Data Name="LmPackageName">-</Data>
46849-<Data Name="KeyLength">0</Data>
46850-<Data Name="ProcessId">0x0000000000002494</Data>
46851-<Data Name="ProcessName">C:\Program Files\Microsoft\Exchange Server\V15\Bin\MSExchangeHMWorker.exe</Data>
46852-<Data Name="IpAddress">-</Data>
46853-<Data Name="IpPort">-</Data>
46854-<Data Name="ImpersonationLevel">%%1833</Data>
46855-<Data Name="RestrictedAdminMode">-</Data>
46856-<Data Name="TargetOutboundUserName">-</Data>
46857-<Data Name="TargetOutboundDomainName">-</Data>
46858-<Data Name="VirtualAccount">%%1843</Data>
46859-<Data Name="TargetLinkedLogonId">0x0000000000000000</Data>
46860-<Data Name="ElevatedToken">%%1842</Data>
46861-</EventData>
46862-</Event>
46863-
46864-<Event xmlns="http://schemas.microsoft.com/win/2004/08/events/event"><System><Provider Name="Microsoft-Windows-Security-Auditing" Guid="{54849625-5478-4994-a5ba-3e3b0328c30d}"></Provider>
46865:<EventID Qualifiers="">4624</EventID>
46866-<Version>2</Version>
46867-<Level>0</Level>
46868-<Task>12544</Task>
46869-<Opcode>0</Opcode>
46870-<Keywords>0x8020000000000000</Keywords>
46871-<TimeCreated SystemTime="2018-09-10 13:19:28.059916"></TimeCreated>
46872-<EventRecordID>244463</EventRecordID>
46873-<Correlation ActivityID="{71a9b66f-4900-0001-a8b6-a9710049d401}" RelatedActivityID=""></Correlation>
46874-<Execution ProcessID="664" ThreadID="712"></Execution>
46875-<Channel>Security</Channel>
46876-<Computer>WIN-KCON-EXCH16.EM.KRINGLECON.COM</Computer>
46877-<Security UserID=""></Security>
46878-</System>
46879-<EventData><Data Name="SubjectUserSid">S-1-0-0</Data>
46880-<Data Name="SubjectUserName">-</Data>
46881-<Data Name="SubjectDomainName">-</Data>
46882-<Data Name="SubjectLogonId">0x0000000000000000</Data>
46883-<Data Name="TargetUserSid">S-1-5-21-25059752-1411454016-2901770228-1134</Data>
46884-<Data Name="TargetUserName">HealthMailboxbe58608</Data>
46885-<Data Name="TargetDomainName">EM.KRINGLECON.COM</Data>
--
46890-<Data Name="WorkstationName">-</Data>
46891-<Data Name="LogonGuid">{66b54d86-4302-a414-4b44-b4078e2c002e}</Data>
46892-<Data Name="TransmittedServices">-</Data>
46893-<Data Name="LmPackageName">-</Data>
46894-<Data Name="KeyLength">0</Data>
46895-<Data Name="ProcessId">0x0000000000000000</Data>
46896-<Data Name="ProcessName">-</Data>
46897-<Data Name="IpAddress">::1</Data>
46898-<Data Name="IpPort">14329</Data>
46899-<Data Name="ImpersonationLevel">%%1840</Data>
46900-<Data Name="RestrictedAdminMode">-</Data>
46901-<Data Name="TargetOutboundUserName">-</Data>
46902-<Data Name="TargetOutboundDomainName">-</Data>
46903-<Data Name="VirtualAccount">%%1843</Data>
46904-<Data Name="TargetLinkedLogonId">0x0000000000000000</Data>
46905-<Data Name="ElevatedToken">%%1842</Data>
46906-</EventData>
46907-</Event>
46908-
46909-<Event xmlns="http://schemas.microsoft.com/win/2004/08/events/event"><System><Provider Name="Microsoft-Windows-Security-Auditing" Guid="{54849625-5478-4994-a5ba-3e3b0328c30d}"></Provider>
46910:<EventID Qualifiers="">4624</EventID>
46911-<Version>2</Version>
46912-<Level>0</Level>
46913-<Task>12544</Task>
46914-<Opcode>0</Opcode>
46915-<Keywords>0x8020000000000000</Keywords>
46916-<TimeCreated SystemTime="2018-09-10 13:19:31.645115"></TimeCreated>
46917-<EventRecordID>244466</EventRecordID>
46918-<Correlation ActivityID="{71a9b66f-4900-0001-a8b6-a9710049d401}" RelatedActivityID=""></Correlation>
46919-<Execution ProcessID="664" ThreadID="720"></Execution>
46920-<Channel>Security</Channel>
46921-<Computer>WIN-KCON-EXCH16.EM.KRINGLECON.COM</Computer>
46922-<Security UserID=""></Security>
46923-</System>
46924-<EventData><Data Name="SubjectUserSid">S-1-0-0</Data>
46925-<Data Name="SubjectUserName">-</Data>
46926-<Data Name="SubjectDomainName">-</Data>
46927-<Data Name="SubjectLogonId">0x0000000000000000</Data>
46928-<Data Name="TargetUserSid">S-1-5-21-25059752-1411454016-2901770228-1134</Data>
46929-<Data Name="TargetUserName">HealthMailboxbe58608</Data>
46930-<Data Name="TargetDomainName">EM.KRINGLECON.COM</Data>
--
46935-<Data Name="WorkstationName">-</Data>
46936-<Data Name="LogonGuid">{07b73b89-15b3-b7c4-e678-b6ee566f408f}</Data>
46937-<Data Name="TransmittedServices">-</Data>
46938-<Data Name="LmPackageName">-</Data>
46939-<Data Name="KeyLength">0</Data>
46940-<Data Name="ProcessId">0x0000000000000000</Data>
46941-<Data Name="ProcessName">-</Data>
46942-<Data Name="IpAddress">127.0.0.1</Data>
46943-<Data Name="IpPort">14332</Data>
46944-<Data Name="ImpersonationLevel">%%1840</Data>
46945-<Data Name="RestrictedAdminMode">-</Data>
46946-<Data Name="TargetOutboundUserName">-</Data>
46947-<Data Name="TargetOutboundDomainName">-</Data>
46948-<Data Name="VirtualAccount">%%1843</Data>
46949-<Data Name="TargetLinkedLogonId">0x0000000000000000</Data>
46950-<Data Name="ElevatedToken">%%1842</Data>
46951-</EventData>
46952-</Event>
