50624-
50625-<Event xmlns="http://schemas.microsoft.com/win/2004/08/events/event"><System><Provider Name="Microsoft-Windows-Security-Auditing" Guid="{54849625-5478-4994-a5ba-3e3b0328c30d}"></Provider>
50626:<EventID Qualifiers="">4624</EventID>
50627-<Version>2</Version>
50628-<Level>0</Level>
50629-<Task>12544</Task>
50630-<Opcode>0</Opcode>
50631-<Keywords>0x8020000000000000</Keywords>
50632-<TimeCreated SystemTime="2018-09-10 13:25:12.716639"></TimeCreated>
50633-<EventRecordID>245411</EventRecordID>
50634-<Correlation ActivityID="" RelatedActivityID=""></Correlation>
50635-<Execution ProcessID="664" ThreadID="720"></Execution>
50636-<Channel>Security</Channel>
50637-<Computer>WIN-KCON-EXCH16.EM.KRINGLECON.COM</Computer>
50638-<Security UserID=""></Security>
50639-</System>
50640-<EventData><Data Name="SubjectUserSid">S-1-5-18</Data>
50641-<Data Name="SubjectUserName">WIN-KCON-EXCH16$</Data>
50642-<Data Name="SubjectDomainName">EM.KRINGLECON</Data>
50643-<Data Name="SubjectLogonId">0x00000000000003e7</Data>
50644-<Data Name="TargetUserSid">S-1-5-21-25059752-1411454016-2901770228-1133</Data>
50645-<Data Name="TargetUserName">HealthMailboxbab78a6</Data>
50646-<Data Name="TargetDomainName">EM.KRINGLECON</Data>
--
50651-<Data Name="WorkstationName">WIN-KCON-EXCH16</Data>
50652-<Data Name="LogonGuid">{300f638b-1ce7-40d3-2446-126b9bc6959f}</Data>
50653-<Data Name="TransmittedServices">-</Data>
50654-<Data Name="LmPackageName">-</Data>
50655-<Data Name="KeyLength">0</Data>
50656-<Data Name="ProcessId">0x0000000000002494</Data>
50657-<Data Name="ProcessName">C:\Program Files\Microsoft\Exchange Server\V15\Bin\MSExchangeHMWorker.exe</Data>
50658-<Data Name="IpAddress">-</Data>
50659-<Data Name="IpPort">-</Data>
50660-<Data Name="ImpersonationLevel">%%1833</Data>
50661-<Data Name="RestrictedAdminMode">-</Data>
50662-<Data Name="TargetOutboundUserName">-</Data>
50663-<Data Name="TargetOutboundDomainName">-</Data>
50664-<Data Name="VirtualAccount">%%1843</Data>
50665-<Data Name="TargetLinkedLogonId">0x0000000000000000</Data>
50666-<Data Name="ElevatedToken">%%1842</Data>
50667-</EventData>
50668-</Event>
50669-
50670-<Event xmlns="http://schemas.microsoft.com/win/2004/08/events/event"><System><Provider Name="Microsoft-Windows-Security-Auditing" Guid="{54849625-5478-4994-a5ba-3e3b0328c30d}"></Provider>
50671:<EventID Qualifiers="">4624</EventID>
50672-<Version>2</Version>
50673-<Level>0</Level>
50674-<Task>12544</Task>
50675-<Opcode>0</Opcode>
50676-<Keywords>0x8020000000000000</Keywords>
50677-<TimeCreated SystemTime="2018-09-10 13:25:28.424368"></TimeCreated>
50678-<EventRecordID>245443</EventRecordID>
50679-<Correlation ActivityID="{71a9b66f-4900-0001-a8b6-a9710049d401}" RelatedActivityID=""></Correlation>
50680-<Execution ProcessID="664" ThreadID="852"></Execution>
50681-<Channel>Security</Channel>
50682-<Computer>WIN-KCON-EXCH16.EM.KRINGLECON.COM</Computer>
50683-<Security UserID=""></Security>
50684-</System>
50685-<EventData><Data Name="SubjectUserSid">S-1-0-0</Data>
50686-<Data Name="SubjectUserName">-</Data>
50687-<Data Name="SubjectDomainName">-</Data>
50688-<Data Name="SubjectLogonId">0x0000000000000000</Data>
50689-<Data Name="TargetUserSid">S-1-5-21-25059752-1411454016-2901770228-1134</Data>
50690-<Data Name="TargetUserName">HealthMailboxbe58608</Data>
50691-<Data Name="TargetDomainName">EM.KRINGLECON.COM</Data>
--
50696-<Data Name="WorkstationName">-</Data>
50697-<Data Name="LogonGuid">{07b73b89-15b3-b7c4-e678-b6ee566f408f}</Data>
50698-<Data Name="TransmittedServices">-</Data>
50699-<Data Name="LmPackageName">-</Data>
50700-<Data Name="KeyLength">0</Data>
50701-<Data Name="ProcessId">0x0000000000000000</Data>
50702-<Data Name="ProcessName">-</Data>
50703-<Data Name="IpAddress">::1</Data>
50704-<Data Name="IpPort">14945</Data>
50705-<Data Name="ImpersonationLevel">%%1840</Data>
50706-<Data Name="RestrictedAdminMode">-</Data>
50707-<Data Name="TargetOutboundUserName">-</Data>
50708-<Data Name="TargetOutboundDomainName">-</Data>
50709-<Data Name="VirtualAccount">%%1843</Data>
50710-<Data Name="TargetLinkedLogonId">0x0000000000000000</Data>
50711-<Data Name="ElevatedToken">%%1842</Data>
50712-</EventData>
50713-</Event>
50714-
50715-<Event xmlns="http://schemas.microsoft.com/win/2004/08/events/event"><System><Provider Name="Microsoft-Windows-Security-Auditing" Guid="{54849625-5478-4994-a5ba-3e3b0328c30d}"></Provider>
50716:<EventID Qualifiers="">4624</EventID>
50717-<Version>2</Version>
50718-<Level>0</Level>
50719-<Task>12544</Task>
50720-<Opcode>0</Opcode>
50721-<Keywords>0x8020000000000000</Keywords>
50722-<TimeCreated SystemTime="2018-09-10 13:25:32.125036"></TimeCreated>
50723-<EventRecordID>245454</EventRecordID>
50724-<Correlation ActivityID="{71a9b66f-4900-0001-a8b6-a9710049d401}" RelatedActivityID=""></Correlation>
50725-<Execution ProcessID="664" ThreadID="852"></Execution>
50726-<Channel>Security</Channel>
50727-<Computer>WIN-KCON-EXCH16.EM.KRINGLECON.COM</Computer>
50728-<Security UserID=""></Security>
50729-</System>
50730-<EventData><Data Name="SubjectUserSid">S-1-0-0</Data>
50731-<Data Name="SubjectUserName">-</Data>
50732-<Data Name="SubjectDomainName">-</Data>
50733-<Data Name="SubjectLogonId">0x0000000000000000</Data>
50734-<Data Name="TargetUserSid">S-1-5-21-25059752-1411454016-2901770228-1134</Data>
50735-<Data Name="TargetUserName">HealthMailboxbe58608</Data>
50736-<Data Name="TargetDomainName">EM.KRINGLECON.COM</Data>
--
50741-<Data Name="WorkstationName">-</Data>
50742-<Data Name="LogonGuid">{66b54d86-4302-a414-4b44-b4078e2c002e}</Data>
50743-<Data Name="TransmittedServices">-</Data>
50744-<Data Name="LmPackageName">-</Data>
50745-<Data Name="KeyLength">0</Data>
50746-<Data Name="ProcessId">0x0000000000000000</Data>
50747-<Data Name="ProcessName">-</Data>
50748-<Data Name="IpAddress">127.0.0.1</Data>
50749-<Data Name="IpPort">14951</Data>
50750-<Data Name="ImpersonationLevel">%%1840</Data>
50751-<Data Name="RestrictedAdminMode">-</Data>
50752-<Data Name="TargetOutboundUserName">-</Data>
50753-<Data Name="TargetOutboundDomainName">-</Data>
50754-<Data Name="VirtualAccount">%%1843</Data>
50755-<Data Name="TargetLinkedLogonId">0x0000000000000000</Data>
50756-<Data Name="ElevatedToken">%%1842</Data>
50757-</EventData>
50758-</Event>
50759-
50760-<Event xmlns="http://schemas.microsoft.com/win/2004/08/events/event"><System><Provider Name="Microsoft-Windows-Security-Auditing" Guid="{54849625-5478-4994-a5ba-3e3b0328c30d}"></Provider>
50761:<EventID Qualifiers="">4624</EventID>
50762-<Version>2</Version>
50763-<Level>0</Level>
50764-<Task>12544</Task>
50765-<Opcode>0</Opcode>
50766-<Keywords>0x8020000000000000</Keywords>
50767-<TimeCreated SystemTime="2018-09-10 13:25:42.762470"></TimeCreated>
50768-<EventRecordID>245473</EventRecordID>
50769-<Correlation ActivityID="{71a9b66f-4900-0001-a8b6-a9710049d401}" RelatedActivityID=""></Correlation>
50770-<Execution ProcessID="664" ThreadID="852"></Execution>
50771-<Channel>Security</Channel>
50772-<Computer>WIN-KCON-EXCH16.EM.KRINGLECON.COM</Computer>
50773-<Security UserID=""></Security>
50774-</System>
50775-<EventData><Data Name="SubjectUserSid">S-1-0-0</Data>
50776-<Data Name="SubjectUserName">-</Data>
50777-<Data Name="SubjectDomainName">-</Data>
50778-<Data Name="SubjectLogonId">0x0000000000000000</Data>
50779-<Data Name="TargetUserSid">S-1-5-21-25059752-1411454016-2901770228-1134</Data>
50780-<Data Name="TargetUserName">HealthMailboxbe58608</Data>
50781-<Data Name="TargetDomainName">EM.KRINGLECON.COM</Data>
--
50786-<Data Name="WorkstationName">-</Data>
50787-<Data Name="LogonGuid">{66b54d86-4302-a414-4b44-b4078e2c002e}</Data>
50788-<Data Name="TransmittedServices">-</Data>
50789-<Data Name="LmPackageName">-</Data>
50790-<Data Name="KeyLength">0</Data>
50791-<Data Name="ProcessId">0x0000000000000000</Data>
50792-<Data Name="ProcessName">-</Data>
50793-<Data Name="IpAddress">::1</Data>
50794-<Data Name="IpPort">14971</Data>
50795-<Data Name="ImpersonationLevel">%%1840</Data>
50796-<Data Name="RestrictedAdminMode">-</Data>
50797-<Data Name="TargetOutboundUserName">-</Data>
50798-<Data Name="TargetOutboundDomainName">-</Data>
50799-<Data Name="VirtualAccount">%%1843</Data>
50800-<Data Name="TargetLinkedLogonId">0x0000000000000000</Data>
50801-<Data Name="ElevatedToken">%%1842</Data>
50802-</EventData>
50803-</Event>
50804-
50805-<Event xmlns="http://schemas.microsoft.com/win/2004/08/events/event"><System><Provider Name="Microsoft-Windows-Security-Auditing" Guid="{54849625-5478-4994-a5ba-3e3b0328c30d}"></Provider>
50806:<EventID Qualifiers="">4624</EventID>
50807-<Version>2</Version>
50808-<Level>0</Level>
50809-<Task>12544</Task>
50810-<Opcode>0</Opcode>
50811-<Keywords>0x8020000000000000</Keywords>
50812-<TimeCreated SystemTime="2018-09-10 13:25:49.377729"></TimeCreated>
50813-<EventRecordID>245489</EventRecordID>
50814-<Correlation ActivityID="{71a9b66f-4900-0001-a8b6-a9710049d401}" RelatedActivityID=""></Correlation>
50815-<Execution ProcessID="664" ThreadID="720"></Execution>
50816-<Channel>Security</Channel>
50817-<Computer>WIN-KCON-EXCH16.EM.KRINGLECON.COM</Computer>
50818-<Security UserID=""></Security>
50819-</System>
50820-<EventData><Data Name="SubjectUserSid">S-1-0-0</Data>
50821-<Data Name="SubjectUserName">-</Data>
50822-<Data Name="SubjectDomainName">-</Data>
50823-<Data Name="SubjectLogonId">0x0000000000000000</Data>
50824-<Data Name="TargetUserSid">S-1-5-21-25059752-1411454016-2901770228-1134</Data>
50825-<Data Name="TargetUserName">HealthMailboxbe58608</Data>
50826-<Data Name="TargetDomainName">EM.KRINGLECON.COM</Data>
--
50831-<Data Name="WorkstationName">-</Data>
50832-<Data Name="LogonGuid">{66b54d86-4302-a414-4b44-b4078e2c002e}</Data>
50833-<Data Name="TransmittedServices">-</Data>
50834-<Data Name="LmPackageName">-</Data>
50835-<Data Name="KeyLength">0</Data>
50836-<Data Name="ProcessId">0x0000000000000000</Data>
50837-<Data Name="ProcessName">-</Data>
50838-<Data Name="IpAddress">::1</Data>
50839-<Data Name="IpPort">14984</Data>
50840-<Data Name="ImpersonationLevel">%%1840</Data>
50841-<Data Name="RestrictedAdminMode">-</Data>
50842-<Data Name="TargetOutboundUserName">-</Data>
50843-<Data Name="TargetOutboundDomainName">-</Data>
50844-<Data Name="VirtualAccount">%%1843</Data>
50845-<Data Name="TargetLinkedLogonId">0x0000000000000000</Data>
50846-<Data Name="ElevatedToken">%%1842</Data>
50847-</EventData>
50848-</Event>
50849-
50850-<Event xmlns="http://schemas.microsoft.com/win/2004/08/events/event"><System><Provider Name="Microsoft-Windows-Security-Auditing" Guid="{54849625-5478-4994-a5ba-3e3b0328c30d}"></Provider>
50851:<EventID Qualifiers="">4624</EventID>
50852-<Version>2</Version>
50853-<Level>0</Level>
50854-<Task>12544</Task>
50855-<Opcode>0</Opcode>
50856-<Keywords>0x8020000000000000</Keywords>
50857-<TimeCreated SystemTime="2018-09-10 13:25:49.397736"></TimeCreated>
50858-<EventRecordID>245492</EventRecordID>
50859-<Correlation ActivityID="{71a9b66f-4900-0001-a8b6-a9710049d401}" RelatedActivityID=""></Correlation>
50860-<Execution ProcessID="664" ThreadID="712"></Execution>
50861-<Channel>Security</Channel>
50862-<Computer>WIN-KCON-EXCH16.EM.KRINGLECON.COM</Computer>
50863-<Security UserID=""></Security>
50864-</System>
50865-<EventData><Data Name="SubjectUserSid">S-1-0-0</Data>
50866-<Data Name="SubjectUserName">-</Data>
50867-<Data Name="SubjectDomainName">-</Data>
50868-<Data Name="SubjectLogonId">0x0000000000000000</Data>
50869-<Data Name="TargetUserSid">S-1-5-21-25059752-1411454016-2901770228-1134</Data>
50870-<Data Name="TargetUserName">HealthMailboxbe58608</Data>
50871-<Data Name="TargetDomainName">EM.KRINGLECON.COM</Data>